            --------------------------------------------------------
                             AMBER SQM VERSION 19
 
                                     By
              Ross C. Walker, Michael F. Crowley, Scott Brozell,
                         Tim Giese, Andreas W. Goetz,
                        Tai-Sung Lee and David A. Case
 
            --------------------------------------------------------
 

--------------------------------------------------------------------------------
  QM CALCULATION INFO
--------------------------------------------------------------------------------

| QMMM: Citation for AMBER QMMM Run:
| QMMM: R.C. Walker, M.F. Crowley and D.A. Case, J. COMP. CHEM. 29:1019, 2008

QMMM: SINGLET STATE CALCULATION
QMMM: RHF CALCULATION, NO. OF DOUBLY OCCUPIED LEVELS = 39

| QMMM: *** Selected Hamiltonian *** 
| QMMM: AM1         

| QMMM: *** Parameter sets in use ***
| QMMM: C : M.J.S.DEWAR et al. JACS, 107, 3902, (1985)
| QMMM: N : M.J.S.DEWAR et al. JACS, 107, 3902, (1985)
| QMMM: O : M.J.S.DEWAR et al. JACS, 107, 3902, (1985)
| QMMM: P : M.J.S.DEWAR et al. THEOCHEM, 187,1, (1989)
| QMMM: H : M.J.S.DEWAR et al. JACS, 107, 3902, (1985)

| QMMM: *** SCF convergence criteria ***
| QMMM: Energy change                :  0.1D-09 kcal/mol
| QMMM: Error matrix |FP-PF|         :  0.1D+00 au
| QMMM: Density matrix change        :  0.5D-06
| QMMM: Maximum number of SCF cycles :     1000

| QMMM: *** Diagonalization Routine Information ***
| QMMM: Pseudo diagonalizations are allowed.
| QMMM: Auto diagonalization routine selection is in use.
| QMMM:
| QMMM: Timing diagonalization routines:
| QMMM:                              norbs =       69
| QMMM:    diag iterations used for timing =       15
| QMMM:
| QMMM:              Internal diag routine = 0.013916 seconds
| QMMM:                 Dspev diag routine = 0.023323 seconds
| QMMM:                Dspevd diag routine = 0.019442 seconds
| QMMM:                Dspevx diag routine = 0.059039 seconds
| QMMM:                 Dsyev diag routine = 0.023063 seconds
| QMMM:                Dsyevd diag routine = 0.011478 seconds
| QMMM:                Dsyevr diag routine = 0.015842 seconds
| QMMM:
| QMMM:                Pseudo diag routine = 0.005414 seconds
| QMMM:
| QMMM: Using dsyevd routine (diag_routine=6).

  QMMM: QM Region Cartesian Coordinates (*=link atom) 
  QMMM: QM_NO.   MM_NO.  ATOM         X         Y         Z
  QMMM:     1        1      C      -34.8690    2.8350    8.6350
  QMMM:     2        2      C      -36.0780    3.4300    8.6970
  QMMM:     3        3      C      -36.2440    4.7750    8.2990
  QMMM:     4        4      C      -37.6240    6.5670    8.0130
  QMMM:     5        5      C      -36.5740    7.3370    7.5320
  QMMM:     6        6      C      -35.3240    6.8190    7.4300
  QMMM:     7        7      C      -34.2480    7.7500    6.8880
  QMMM:     8        8      C      -35.1280    5.4910    7.8280
  QMMM:     9        9      C      -33.8740    4.8370    7.7830
  QMMM:    10       10      C      -33.7510    3.5500    8.1730
  QMMM:    11       11      N      -37.5000    5.2960    8.4000
  QMMM:    12       12      O      -35.7090    8.1050    4.5920
  QMMM:    13       13      O      -33.2810    8.8940    4.5890
  QMMM:    14       14      O      -33.8130    6.3960    4.5700
  QMMM:    15       15      P      -34.2880    7.8640    5.0510
  QMMM:    16       16      H      -34.7680    1.8820    8.9190
  QMMM:    17       17      H      -36.8670    2.9120    9.0300
  QMMM:    18       18      H      -38.5280    6.9910    8.0740
  QMMM:    19       19      H      -36.7410    8.2840    7.2580
  QMMM:    20       20      H      -33.3530    7.4090    7.1730
  QMMM:    21       21      H      -34.4210    8.6640    7.2550
  QMMM:    22       22      H      -33.0690    5.3330    7.4580
  QMMM:    23       23      H      -32.8580    3.1020    8.1320
  QMMM:    24       24      H      -34.2130    5.6780    5.1510

--------------------------------------------------------------------------------
  RESULTS
--------------------------------------------------------------------------------

      iter         sqm energy              rms gradient
      ----    -------------------    -----------------------
xmin    10     -186.0373 kcal/mol        1.1686 kcal/(mol*A)
xmin    20     -187.0117 kcal/mol        0.1699 kcal/(mol*A)
xmin    30     -187.0818 kcal/mol        0.4818 kcal/(mol*A)
xmin    40     -187.1234 kcal/mol        0.1952 kcal/(mol*A)
xmin    50     -187.1322 kcal/mol        0.0389 kcal/(mol*A)
xmin    60     -187.1331 kcal/mol        0.0635 kcal/(mol*A)
xmin    70     -187.1334 kcal/mol        0.0029 kcal/(mol*A)
xmin    80     -187.1334 kcal/mol        0.0030 kcal/(mol*A)
  ... geometry converged !
 
 Final MO eigenvalues (eV):
 -37.9481  -34.5834  -32.4178  -31.5839  -28.8424  -28.6745  -28.1574  -28.0897
 -25.2602  -21.5494  -21.3470  -18.8987  -16.1559  -15.3197  -14.5910  -14.0511
 -12.9268  -12.4390  -12.3814  -11.8572  -11.7680  -11.4300  -11.0306  -10.6469
 -10.3042   -9.7878   -9.7319   -9.6527   -9.0764   -8.7951   -8.2036   -7.7825
  -7.7586   -6.7569   -6.5115   -6.3349   -6.0560   -6.0058   -5.7884    2.3707
   2.7121    3.8864    4.7362    5.9258    6.0516    6.3778    6.4231    6.5157
   6.7851    6.7912    6.9362    7.0973    7.0996    7.2348    7.3076    7.6378
   7.8208    7.8397    7.9081    8.0315    8.1611    8.3928    8.5077    8.7078
   9.2236    9.6428   10.5470   11.4030   12.7844

 Heat of formation   =       -187.13343953 kcal/mol  (       -8.11471487 eV)

 Total SCF energy    =     -62364.92163824 kcal/mol  (    -2704.34593635 eV)
 Electronic energy   =    -337573.71139348 kcal/mol  (   -14638.29458365 eV)
 Core-core repulsion =     275208.78975524 kcal/mol  (    11933.94864729 eV)
 
    Atomic Charges for Step       1 :
  Atom    Element       Mulliken Charge
     1      C                 -0.132
     2      C                 -0.122
     3      C                  0.005
     4      C                 -0.042
     5      C                 -0.210
     6      C                  0.086
     7      C                 -0.787
     8      C                 -0.083
     9      C                 -0.083
    10      C                 -0.164
    11      N                 -0.179
    12      O                 -1.181
    13      O                 -1.164
    14      O                 -0.833
    15      P                  2.609
    16      H                  0.114
    17      H                  0.131
    18      H                  0.138
    19      H                  0.143
    20      H                  0.121
    21      H                  0.121
    22      H                  0.166
    23      H                  0.121
    24      H                  0.225
 Total Mulliken Charge =      -1.000
 
                  X        Y        Z     TOTAL  
  QM DIPOLE   166.698  -36.152  -24.631  172.342
 
 Final Structure

  QMMM: QM Region Cartesian Coordinates (*=link atom) 
  QMMM: QM_NO.   MM_NO.  ATOM         X         Y         Z
  QMMM:     1        1      C      -34.8870    2.8391    8.6299
  QMMM:     2        2      C      -36.0984    3.4510    8.8215
  QMMM:     3        3      C      -36.3050    4.8069    8.4038
  QMMM:     4        4      C      -37.7025    6.6342    8.2139
  QMMM:     5        5      C      -36.6815    7.4286    7.6266
  QMMM:     6        6      C      -35.4268    6.8835    7.4005
  QMMM:     7        7      C      -34.3515    7.7158    6.8574
  QMMM:     8        8      C      -35.2199    5.5145    7.7933
  QMMM:     9        9      C      -33.9886    4.8335    7.5984
  QMMM:    10       10      C      -33.8245    3.5328    8.0090
  QMMM:    11       11      N      -37.5453    5.3810    8.6073
  QMMM:    12       12      O      -35.4302    7.4023    4.4220
  QMMM:    13       13      O      -33.3943    8.9838    4.8365
  QMMM:    14       14      O      -33.2458    6.4405    4.8995
  QMMM:    15       15      P      -34.1875    7.7718    5.1336
  QMMM:    16       16      H      -34.7320    1.7987    8.9505
  QMMM:    17       17      H      -36.9323    2.9097    9.2933
  QMMM:    18       18      H      -38.7062    7.0692    8.3719
  QMMM:    19       19      H      -36.9085    8.4632    7.3373
  QMMM:    20       20      H      -33.3599    7.3960    7.2662
  QMMM:    21       21      H      -34.4976    8.7774    7.1877
  QMMM:    22       22      H      -33.1583    5.3474    7.0836
  QMMM:    23       23      H      -32.8676    3.0161    7.8492
  QMMM:    24       24      H      -33.6719    5.8040    4.3372

           --------- Calculation Completed ----------

