            --------------------------------------------------------
                             AMBER SQM VERSION 19
 
                                     By
              Ross C. Walker, Michael F. Crowley, Scott Brozell,
                         Tim Giese, Andreas W. Goetz,
                        Tai-Sung Lee and David A. Case
 
            --------------------------------------------------------
 

--------------------------------------------------------------------------------
  QM CALCULATION INFO
--------------------------------------------------------------------------------

| QMMM: Citation for AMBER QMMM Run:
| QMMM: R.C. Walker, M.F. Crowley and D.A. Case, J. COMP. CHEM. 29:1019, 2008

QMMM: SINGLET STATE CALCULATION
QMMM: RHF CALCULATION, NO. OF DOUBLY OCCUPIED LEVELS = 48

| QMMM: *** Selected Hamiltonian *** 
| QMMM: AM1         

| QMMM: *** Parameter sets in use ***
| QMMM: C : M.J.S.DEWAR et al. JACS, 107, 3902, (1985)
| QMMM: O : M.J.S.DEWAR et al. JACS, 107, 3902, (1985)
| QMMM: P : M.J.S.DEWAR et al. THEOCHEM, 187,1, (1989)
| QMMM: Br: M.J.S.DEWAR et al. THEOCHEM, 180, 1, (1988)
| QMMM: H : M.J.S.DEWAR et al. JACS, 107, 3902, (1985)

| QMMM: *** SCF convergence criteria ***
| QMMM: Energy change                :  0.1D-09 kcal/mol
| QMMM: Error matrix |FP-PF|         :  0.1D+00 au
| QMMM: Density matrix change        :  0.5D-06
| QMMM: Maximum number of SCF cycles :     1000

| QMMM: *** Diagonalization Routine Information ***
| QMMM: Pseudo diagonalizations are allowed.
| QMMM: Auto diagonalization routine selection is in use.
| QMMM:
| QMMM: Timing diagonalization routines:
| QMMM:                              norbs =       81
| QMMM:    diag iterations used for timing =       15
| QMMM:
| QMMM:              Internal diag routine = 0.067651 seconds
| QMMM:                 Dspev diag routine = 0.015093 seconds
| QMMM:                Dspevd diag routine = 0.009640 seconds
| QMMM:                Dspevx diag routine = 0.052349 seconds
| QMMM:                 Dsyev diag routine = 0.030764 seconds
| QMMM:                Dsyevd diag routine = 0.035472 seconds
| QMMM:                Dsyevr diag routine = 0.033171 seconds
| QMMM:
| QMMM:                Pseudo diag routine = 0.034909 seconds
| QMMM: Pseudo diagonalization appears to be slower than regular
| QMMM: diagonalization. Setting pseudo_diag=0 for optimum performance.
| QMMM:
| QMMM: Using dspevd routine (diag_routine=3).

  QMMM: QM Region Cartesian Coordinates (*=link atom) 
  QMMM: QM_NO.   MM_NO.  ATOM         X         Y         Z
  QMMM:     1        1      C      -38.1220    4.5010    9.6340
  QMMM:     2        2      C      -37.2480    3.5570    9.1730
  QMMM:     3        3      C      -36.0740    3.9180    8.5310
  QMMM:     4        4      C      -34.0620    3.2470    7.6030
  QMMM:     5        5      C      -33.6830    4.6010    7.3330
  QMMM:     6        6      C      -34.5300    5.6040    7.6340
  QMMM:     7        7      C      -34.0680    6.9980    7.2660
  QMMM:     8        8      C      -35.7760    5.2700    8.3330
  QMMM:     9        9      C      -36.6720    6.2260    8.8350
  QMMM:    10       10      C      -37.8220    5.8400    9.4660
  QMMM:    11       11      O      -35.2590    2.9030    8.1320
  QMMM:    12       12      O      -34.0250    8.8410    5.2300
  QMMM:    13       13      O      -33.7900    6.3770    4.6070
  QMMM:    14       14      O      -36.0410    7.2830    5.3960
  QMMM:    15       15      P      -34.4330    7.4110    5.5060
  QMMM:    16       16      C      -39.3980    4.0900   10.3400
  QMMM:    17       17      O      -33.2340    2.3940    7.2990
  QMMM:    18       18      Br     -36.3620    8.0790    8.7160
  QMMM:    19       19      H      -37.4590    2.5880    9.3020
  QMMM:    20       20      H      -32.7940    4.8010    6.9220
  QMMM:    21       21      H      -33.0810    7.0610    7.4160
  QMMM:    22       22      H      -34.5640    7.6470    7.8420
  QMMM:    23       23      H      -38.4540    6.5340    9.8110
  QMMM:    24       24      H      -36.4930    8.1170    5.7290
  QMMM:    25       25      H      -39.8980    4.9110   10.6150
  QMMM:    26       26      H      -39.9640    3.5420    9.7230
  QMMM:    27       27      H      -39.1750    3.5440   11.1480

--------------------------------------------------------------------------------
  RESULTS
--------------------------------------------------------------------------------

      iter         sqm energy              rms gradient
      ----    -------------------    -----------------------
xmin    10     -264.8813 kcal/mol        1.3833 kcal/(mol*A)
xmin    20     -265.0906 kcal/mol        0.1470 kcal/(mol*A)
xmin    30     -265.1058 kcal/mol        0.1777 kcal/(mol*A)
xmin    40     -265.1159 kcal/mol        0.0418 kcal/(mol*A)
xmin    50     -265.1168 kcal/mol        0.0238 kcal/(mol*A)
xmin    60     -265.1191 kcal/mol        0.0319 kcal/(mol*A)
xmin    70     -265.1222 kcal/mol        0.1489 kcal/(mol*A)
xmin    80     -265.1432 kcal/mol        0.0959 kcal/(mol*A)
xmin    90     -265.1499 kcal/mol        0.0948 kcal/(mol*A)
xmin   100     -265.1572 kcal/mol        0.0702 kcal/(mol*A)
xmin   110     -265.1680 kcal/mol        0.1457 kcal/(mol*A)
xmin   120     -265.1831 kcal/mol        0.0574 kcal/(mol*A)
xmin   130     -265.1899 kcal/mol        0.0229 kcal/(mol*A)
xmin   140     -265.1907 kcal/mol        0.0255 kcal/(mol*A)
xmin   150     -265.1910 kcal/mol        0.0054 kcal/(mol*A)
xmin   160     -265.1913 kcal/mol        0.0129 kcal/(mol*A)
xmin   170     -265.1914 kcal/mol        0.0258 kcal/(mol*A)
xmin   180     -265.1915 kcal/mol        0.0367 kcal/(mol*A)
xmin   190     -265.1916 kcal/mol        0.0049 kcal/(mol*A)
xmin   200     -265.1917 kcal/mol        0.0060 kcal/(mol*A)
xmin   210     -265.1917 kcal/mol        0.0028 kcal/(mol*A)
xmin   220     -265.1918 kcal/mol        0.0026 kcal/(mol*A)
xmin   230     -265.1918 kcal/mol        0.0007 kcal/(mol*A)
  ... geometry converged !
 
 Final MO eigenvalues (eV):
 -39.2487  -37.0112  -34.7982  -34.0573  -31.9269  -31.2596  -29.7302  -28.8935
 -28.7894  -27.7564  -26.2591  -25.7135  -21.9248  -20.9518  -19.9762  -17.2150
 -16.3547  -15.4161  -14.7365  -14.3277  -13.7824  -13.4667  -13.3702  -12.8209
 -12.4044  -12.1990  -11.7644  -11.5204  -11.3478  -11.2807  -11.1962  -10.9382
 -10.4326  -10.3075  -10.0742   -9.6859   -9.1258   -8.9564   -8.5516   -8.4665
  -8.1996   -7.8441   -7.1338   -6.7330   -6.4914   -6.1581   -6.1114   -6.0081
   1.6909    2.3116    2.9273    3.1121    4.2968    4.4508    5.1029    5.5908
   5.6914    5.8110    5.8654    6.0223    6.1240    6.1738    6.3553    6.4913
   6.7269    6.9082    6.9593    7.0541    7.1443    7.3650    7.4297    7.4865
   7.7748    8.0047    8.0969    8.6311    9.1467    9.4010   10.4417   11.2545
  12.6805

 Heat of formation   =       -265.19176988 kcal/mol  (      -11.49957807 eV)

 Total SCF energy    =     -83468.99606789 kcal/mol  (    -3619.48727583 eV)
 Electronic energy   =    -472757.18850093 kcal/mol  (   -20500.29003516 eV)
 Core-core repulsion =     389288.19243304 kcal/mol  (    16880.80275934 eV)
 
    Atomic Charges for Step       1 :
  Atom    Element       Mulliken Charge
     1      C                 -0.044
     2      C                 -0.152
     3      C                  0.106
     4      C                  0.352
     5      C                 -0.285
     6      C                  0.134
     7      C                 -0.801
     8      C                 -0.070
     9      C                 -0.092
    10      C                 -0.156
    11      O                 -0.210
    12      O                 -1.185
    13      O                 -1.153
    14      O                 -0.824
    15      P                  2.606
    16      C                 -0.176
    17      O                 -0.334
    18      Br                 0.075
    19      H                  0.149
    20      H                  0.183
    21      H                  0.125
    22      H                  0.142
    23      H                  0.140
    24      H                  0.227
    25      H                  0.078
    26      H                  0.087
    27      H                  0.079
 Total Mulliken Charge =      -1.000
 
                  X        Y        Z     TOTAL  
  QM DIPOLE   163.254  -30.774  -24.942  167.991
 
 Final Structure

  QMMM: QM Region Cartesian Coordinates (*=link atom) 
  QMMM: QM_NO.   MM_NO.  ATOM         X         Y         Z
  QMMM:     1        1      C      -38.1163    4.5482    9.6079
  QMMM:     2        2      C      -37.2164    3.5903    9.1640
  QMMM:     3        3      C      -36.0035    4.0033    8.5813
  QMMM:     4        4      C      -33.9300    3.2204    7.7033
  QMMM:     5        5      C      -33.6075    4.5803    7.3636
  QMMM:     6        6      C      -34.4339    5.6369    7.6278
  QMMM:     7        7      C      -34.0379    6.9633    7.1639
  QMMM:     8        8      C      -35.6651    5.3663    8.3770
  QMMM:     9        9      C      -36.5729    6.3076    8.9112
  QMMM:    10       10      C      -37.7723    5.9013    9.4952
  QMMM:    11       11      O      -35.1825    2.9467    8.2570
  QMMM:    12       12      O      -34.7192    8.8777    5.5343
  QMMM:    13       13      O      -33.7050    6.6528    4.5953
  QMMM:    14       14      O      -36.0911    6.8862    5.4660
  QMMM:    15       15      P      -34.5391    7.4073    5.5515
  QMMM:    16       16      C      -39.4185    4.1605   10.1967
  QMMM:    17       17      O      -33.2756    2.1808    7.5903
  QMMM:    18       18      Br     -36.3155    8.1708    8.9783
  QMMM:    19       19      H      -37.4237    2.5146    9.2564
  QMMM:    20       20      H      -32.6683    4.7159    6.8016
  QMMM:    21       21      H      -32.9181    7.0279    7.1352
  QMMM:    22       22      H      -34.3876    7.7713    7.8538
  QMMM:    23       23      H      -38.4794    6.6529    9.8818
  QMMM:    24       24      H      -36.7004    7.6136    5.4034
  QMMM:    25       25      H      -39.6154    4.7399   11.1325
  QMMM:    26       26      H      -40.2426    4.3774    9.4709
  QMMM:    27       27      H      -39.4431    3.0706   10.4417

           --------- Calculation Completed ----------

