            --------------------------------------------------------
                             AMBER SQM VERSION 19
 
                                     By
              Ross C. Walker, Michael F. Crowley, Scott Brozell,
                         Tim Giese, Andreas W. Goetz,
                        Tai-Sung Lee and David A. Case
 
            --------------------------------------------------------
 

--------------------------------------------------------------------------------
  QM CALCULATION INFO
--------------------------------------------------------------------------------

| QMMM: Citation for AMBER QMMM Run:
| QMMM: R.C. Walker, M.F. Crowley and D.A. Case, J. COMP. CHEM. 29:1019, 2008

QMMM: SINGLET STATE CALCULATION
QMMM: RHF CALCULATION, NO. OF DOUBLY OCCUPIED LEVELS =  4

| QMMM: *** Selected Hamiltonian *** 
| QMMM: AM1         

| QMMM: *** Parameter sets in use ***
| QMMM: O : M.J.S.DEWAR et al. JACS, 107, 3902, (1985)
| QMMM: H : M.J.S.DEWAR et al. JACS, 107, 3902, (1985)

| QMMM: *** SCF convergence criteria ***
| QMMM: Energy change                :  0.1D-09 kcal/mol
| QMMM: Error matrix |FP-PF|         :  0.1D+00 au
| QMMM: Density matrix change        :  0.5D-06
| QMMM: Maximum number of SCF cycles :     1000

| QMMM: *** Diagonalization Routine Information ***
| QMMM: Pseudo diagonalizations are allowed.
| QMMM: Auto diagonalization routine selection is in use.
| QMMM:
| QMMM: Timing diagonalization routines:
| QMMM:                              norbs =        6
| QMMM:    diag iterations used for timing =       20
| QMMM:
| QMMM:              Internal diag routine = 0.000061 seconds
| QMMM:                 Dspev diag routine = 0.027461 seconds
| QMMM:                Dspevd diag routine = 0.000799 seconds
| QMMM:                Dspevx diag routine = 0.000298 seconds
| QMMM:                 Dsyev diag routine = 0.000544 seconds
| QMMM:                Dsyevd diag routine = 0.000137 seconds
| QMMM:                Dsyevr diag routine = 0.000963 seconds
| QMMM:
| QMMM:                Pseudo diag routine = 0.000012 seconds
| QMMM:
| QMMM: Using internal diagonalization routine (diag_routine=1).

  QMMM: QM Region Cartesian Coordinates (*=link atom) 
  QMMM: QM_NO.   MM_NO.  ATOM         X         Y         Z
  QMMM:     1        1      O      -34.1240    3.9650    4.5060
  QMMM:     2        2      H      -34.4400    3.2400    5.0470
  QMMM:     3        3      H      -33.2880    3.6150    4.0840

--------------------------------------------------------------------------------
  RESULTS
--------------------------------------------------------------------------------

  ... geometry converged !
 
 Final MO eigenvalues (eV):
 -36.4228  -18.1988  -14.9527  -12.4641    4.4176    6.1907

 Heat of formation   =        -59.22877016 kcal/mol  (       -2.56835220 eV)

 Total SCF energy    =      -8038.18880697 kcal/mol  (     -348.56202276 eV)
 Electronic energy   =     -11375.13939072 kcal/mol  (     -493.26305844 eV)
 Core-core repulsion =       3336.95058374 kcal/mol  (      144.70103568 eV)
 
    Atomic Charges for Step       1 :
  Atom    Element       Mulliken Charge
     1      O                 -0.383
     2      H                  0.191
     3      H                  0.191
 Total Mulliken Charge =      -0.000
 
                  X        Y        Z     TOTAL  
  QM DIPOLE     0.758   -1.684    0.226    1.861
 
 Final Structure

  QMMM: QM Region Cartesian Coordinates (*=link atom) 
  QMMM: QM_NO.   MM_NO.  ATOM         X         Y         Z
  QMMM:     1        1      O      -34.1122    3.9657    4.4975
  QMMM:     2        2      H      -34.4295    3.2385    5.0404
  QMMM:     3        3      H      -33.3103    3.6157    4.0991

           --------- Calculation Completed ----------

