            --------------------------------------------------------
                             AMBER SQM VERSION 19
 
                                     By
              Ross C. Walker, Michael F. Crowley, Scott Brozell,
                         Tim Giese, Andreas W. Goetz,
                        Tai-Sung Lee and David A. Case
 
            --------------------------------------------------------
 

--------------------------------------------------------------------------------
  QM CALCULATION INFO
--------------------------------------------------------------------------------

| QMMM: Citation for AMBER QMMM Run:
| QMMM: R.C. Walker, M.F. Crowley and D.A. Case, J. COMP. CHEM. 29:1019, 2008

QMMM: SINGLET STATE CALCULATION
QMMM: RHF CALCULATION, NO. OF DOUBLY OCCUPIED LEVELS = 48

| QMMM: *** Selected Hamiltonian *** 
| QMMM: AM1         

| QMMM: *** Parameter sets in use ***
| QMMM: C : M.J.S.DEWAR et al. JACS, 107, 3902, (1985)
| QMMM: O : M.J.S.DEWAR et al. JACS, 107, 3902, (1985)
| QMMM: P : M.J.S.DEWAR et al. THEOCHEM, 187,1, (1989)
| QMMM: F : M.J.S.DEWAR et al. THEOCHEM, 180, 1, (1988)
| QMMM: H : M.J.S.DEWAR et al. JACS, 107, 3902, (1985)

| QMMM: *** SCF convergence criteria ***
| QMMM: Energy change                :  0.1D-09 kcal/mol
| QMMM: Error matrix |FP-PF|         :  0.1D+00 au
| QMMM: Density matrix change        :  0.5D-06
| QMMM: Maximum number of SCF cycles :     1000

| QMMM: *** Diagonalization Routine Information ***
| QMMM: Pseudo diagonalizations are allowed.
| QMMM: Auto diagonalization routine selection is in use.
| QMMM:
| QMMM: Timing diagonalization routines:
| QMMM:                              norbs =       81
| QMMM:    diag iterations used for timing =       15
| QMMM:
| QMMM:              Internal diag routine = 0.083604 seconds
| QMMM:                 Dspev diag routine = 0.052770 seconds
| QMMM:                Dspevd diag routine = 0.036091 seconds
| QMMM:                Dspevx diag routine = 0.083464 seconds
| QMMM:                 Dsyev diag routine = 0.128147 seconds
| QMMM:                Dsyevd diag routine = 0.531438 seconds
| QMMM:                Dsyevr diag routine = 0.193382 seconds
| QMMM:
| QMMM:                Pseudo diag routine = 0.009208 seconds
| QMMM:
| QMMM: Using dspevd routine (diag_routine=3).

  QMMM: QM Region Cartesian Coordinates (*=link atom) 
  QMMM: QM_NO.   MM_NO.  ATOM         X         Y         Z
  QMMM:     1        1      C      -38.7600    4.8910    9.0860
  QMMM:     2        2      C      -37.6850    4.0580    8.9360
  QMMM:     3        3      C      -36.4720    4.5290    8.4590
  QMMM:     4        4      C      -34.2480    4.1050    7.9770
  QMMM:     5        5      C      -34.0250    5.4640    7.5850
  QMMM:     6        6      C      -35.0470    6.3430    7.6060
  QMMM:     7        7      C      -34.7350    7.7540    7.1470
  QMMM:     8        8      C      -36.3410    5.8770    8.1150
  QMMM:     9        9      C      -37.4460    6.7190    8.2920
  QMMM:    10       10      C      -38.6330    6.2290    8.7660
  QMMM:    11       11      O      -35.4550    3.6290    8.3610
  QMMM:    12       12      O      -33.7630    9.1140    4.9690
  QMMM:    13       13      O      -34.0260    6.5850    4.7700
  QMMM:    14       14      O      -36.0880    8.0820    4.7780
  QMMM:    15       15      P      -34.5760    7.8860    5.3130
  QMMM:    16       16      C      -40.0810    4.3650    9.6120
  QMMM:    17       17      O      -33.2650    3.3730    7.9290
  QMMM:    18       18      F      -37.3790    8.0270    8.0200
  QMMM:    19       19      H      -37.7770    3.0910    9.1740
  QMMM:    20       20      H      -33.1150    5.7600    7.2970
  QMMM:    21       21      H      -33.8760    8.0460    7.5680
  QMMM:    22       22      H      -35.4970    8.3380    7.4270
  QMMM:    23       23      H      -39.4140    6.8430    8.8810
  QMMM:    24       24      H      -36.6010    8.7170    5.3660
  QMMM:    25       25      H      -40.7350    5.1200    9.6610
  QMMM:    26       26      H      -40.4300    3.6550    9.0010
  QMMM:    27       27      H      -39.9480    3.9740   10.5230

--------------------------------------------------------------------------------
  RESULTS
--------------------------------------------------------------------------------

      iter         sqm energy              rms gradient
      ----    -------------------    -----------------------
xmin    10     -319.8677 kcal/mol        0.9119 kcal/(mol*A)
xmin    20     -320.2653 kcal/mol        0.2251 kcal/(mol*A)
xmin    30     -320.3062 kcal/mol        0.1805 kcal/(mol*A)
xmin    40     -320.3245 kcal/mol        0.0986 kcal/(mol*A)
xmin    50     -320.3333 kcal/mol        0.0656 kcal/(mol*A)
xmin    60     -320.3378 kcal/mol        0.2392 kcal/(mol*A)
xmin    70     -320.3513 kcal/mol        0.2351 kcal/(mol*A)
xmin    80     -320.3607 kcal/mol        0.1045 kcal/(mol*A)
xmin    90     -320.3717 kcal/mol        0.1286 kcal/(mol*A)
xmin   100     -320.3803 kcal/mol        0.0344 kcal/(mol*A)
xmin   110     -320.3836 kcal/mol        0.0335 kcal/(mol*A)
xmin   120     -320.3841 kcal/mol        0.0142 kcal/(mol*A)
xmin   130     -320.3841 kcal/mol        0.0034 kcal/(mol*A)
xmin   140     -320.3842 kcal/mol        0.0022 kcal/(mol*A)
xmin   150     -320.3842 kcal/mol        0.0012 kcal/(mol*A)
xmin   160     -320.3833 kcal/mol        0.0503 kcal/(mol*A)
xmin   170     -320.3841 kcal/mol        0.0035 kcal/(mol*A)
xmin   180     -320.3842 kcal/mol        0.0021 kcal/(mol*A)
xmin   190     -320.3842 kcal/mol        0.0020 kcal/(mol*A)
xmin   200     -320.3842 kcal/mol        0.0038 kcal/(mol*A)
xmin   210     -320.3842 kcal/mol        0.0020 kcal/(mol*A)
  ... geometry converged !
 
 Final MO eigenvalues (eV):
 -47.4416  -39.1450  -36.7686  -34.7510  -33.8959  -31.9616  -30.3379  -28.9409
 -28.8411  -28.4126  -26.3372  -25.7238  -21.9681  -21.1194  -20.1103  -17.4248
 -16.4146  -15.7772  -14.8347  -14.6859  -14.4688  -14.0767  -13.8208  -13.4665
 -12.8116  -12.6628  -12.2696  -12.2259  -11.6680  -11.4037  -11.2005  -11.1142
 -10.9466  -10.8577  -10.4568  -10.1050   -9.7207   -9.2539   -8.9386   -8.5509
  -8.4682   -8.0027   -7.0747   -6.7381   -6.5301   -6.2115   -6.1574   -6.0596
   1.7707    2.3623    3.1268    4.3306    4.4061    5.1409    5.2609    5.6752
   5.7570    5.8180    5.9613    6.0696    6.1256    6.1954    6.3905    6.5529
   6.9282    6.9387    7.0472    7.1211    7.1782    7.3811    7.4543    7.5207
   7.9081    8.0238    8.1015    8.6393    9.0874    9.4149   10.3846   11.2135
  12.6492

 Heat of formation   =       -320.38418499 kcal/mol  (      -13.89290078 eV)

 Total SCF energy    =     -86513.72364382 kcal/mol  (    -3751.51657100 eV)
 Electronic energy   =    -481460.32608530 kcal/mol  (   -20877.68640065 eV)
 Core-core repulsion =     394946.60244148 kcal/mol  (    17126.16982965 eV)
 
    Atomic Charges for Step       1 :
  Atom    Element       Mulliken Charge
     1      C                 -0.016
     2      C                 -0.183
     3      C                  0.129
     4      C                  0.353
     5      C                 -0.283
     6      C                  0.138
     7      C                 -0.785
     8      C                 -0.141
     9      C                  0.177
    10      C                 -0.222
    11      O                 -0.211
    12      O                 -1.185
    13      O                 -1.150
    14      O                 -0.825
    15      P                  2.606
    16      C                 -0.177
    17      O                 -0.334
    18      F                 -0.089
    19      H                  0.149
    20      H                  0.181
    21      H                  0.121
    22      H                  0.133
    23      H                  0.142
    24      H                  0.227
    25      H                  0.079
    26      H                  0.088
    27      H                  0.079
 Total Mulliken Charge =      -1.000
 
                  X        Y        Z     TOTAL  
  QM DIPOLE   163.578  -33.312  -25.324  168.846
 
 Final Structure

  QMMM: QM Region Cartesian Coordinates (*=link atom) 
  QMMM: QM_NO.   MM_NO.  ATOM         X         Y         Z
  QMMM:     1        1      C      -38.7494    4.9595    9.0294
  QMMM:     2        2      C      -37.6631    4.0998    8.9316
  QMMM:     3        3      C      -36.4198    4.6009    8.5014
  QMMM:     4        4      C      -34.1344    4.0412    8.1060
  QMMM:     5        5      C      -33.9149    5.3903    7.6555
  QMMM:     6        6      C      -34.9015    6.3349    7.6242
  QMMM:     7        7      C      -34.6012    7.6753    7.1260
  QMMM:     8        8      C      -36.2168    5.9519    8.1340
  QMMM:     9        9      C      -37.3414    6.8080    8.2886
  QMMM:    10       10      C      -38.5831    6.3131    8.7219
  QMMM:    11       11      O      -35.4222    3.6543    8.4928
  QMMM:    12       12      O      -34.8000    9.3772    5.1783
  QMMM:    13       13      O      -33.8744    6.9715    4.7013
  QMMM:    14       14      O      -36.3366    7.5107    5.1449
  QMMM:    15       15      P      -34.7676    7.9134    5.4024
  QMMM:    16       16      C      -40.0779    4.4575    9.4510
  QMMM:    17       17      O      -33.3523    3.0963    8.2365
  QMMM:    18       18      F      -37.2705    8.1366    8.0513
  QMMM:    19       19      H      -37.7490    3.0329    9.1805
  QMMM:    20       20      H      -32.9044    5.6020    7.2697
  QMMM:    21       21      H      -33.5294    7.9223    7.3441
  QMMM:    22       22      H      -35.2170    8.4587    7.6289
  QMMM:    23       23      H      -39.4301    7.0083    8.8102
  QMMM:    24       24      H      -36.8633    8.2756    4.9401
  QMMM:    25       25      H      -40.5577    5.1666   10.1699
  QMMM:    26       26      H      -40.7455    4.3590    8.5580
  QMMM:    27       27      H      -39.9948    3.4564    9.9404

           --------- Calculation Completed ----------

