            --------------------------------------------------------
                             AMBER SQM VERSION 19
 
                                     By
              Ross C. Walker, Michael F. Crowley, Scott Brozell,
                         Tim Giese, Andreas W. Goetz,
                        Tai-Sung Lee and David A. Case
 
            --------------------------------------------------------
 

--------------------------------------------------------------------------------
  QM CALCULATION INFO
--------------------------------------------------------------------------------

| QMMM: Citation for AMBER QMMM Run:
| QMMM: R.C. Walker, M.F. Crowley and D.A. Case, J. COMP. CHEM. 29:1019, 2008

QMMM: SINGLET STATE CALCULATION
QMMM: RHF CALCULATION, NO. OF DOUBLY OCCUPIED LEVELS = 48

| QMMM: *** Selected Hamiltonian *** 
| QMMM: AM1         

| QMMM: *** Parameter sets in use ***
| QMMM: C : M.J.S.DEWAR et al. JACS, 107, 3902, (1985)
| QMMM: N : M.J.S.DEWAR et al. JACS, 107, 3902, (1985)
| QMMM: O : M.J.S.DEWAR et al. JACS, 107, 3902, (1985)
| QMMM: P : M.J.S.DEWAR et al. THEOCHEM, 187,1, (1989)
| QMMM: Br: M.J.S.DEWAR et al. THEOCHEM, 180, 1, (1988)
| QMMM: H : M.J.S.DEWAR et al. JACS, 107, 3902, (1985)

| QMMM: *** SCF convergence criteria ***
| QMMM: Energy change                :  0.1D-09 kcal/mol
| QMMM: Error matrix |FP-PF|         :  0.1D+00 au
| QMMM: Density matrix change        :  0.5D-06
| QMMM: Maximum number of SCF cycles :     1000

| QMMM: *** Diagonalization Routine Information ***
| QMMM: Pseudo diagonalizations are allowed.
| QMMM: Auto diagonalization routine selection is in use.
| QMMM:
| QMMM: Timing diagonalization routines:
| QMMM:                              norbs =       79
| QMMM:    diag iterations used for timing =       15
| QMMM:
| QMMM:              Internal diag routine = 0.025004 seconds
| QMMM:                 Dspev diag routine = 0.035231 seconds
| QMMM:                Dspevd diag routine = 0.025086 seconds
| QMMM:                Dspevx diag routine = 0.064158 seconds
| QMMM:                 Dsyev diag routine = 0.028318 seconds
| QMMM:                Dsyevd diag routine = 0.046038 seconds
| QMMM:                Dsyevr diag routine = 0.065724 seconds
| QMMM:
| QMMM:                Pseudo diag routine = 0.006914 seconds
| QMMM:
| QMMM: Using internal diagonalization routine (diag_routine=1).

  QMMM: QM Region Cartesian Coordinates (*=link atom) 
  QMMM: QM_NO.   MM_NO.  ATOM         X         Y         Z
  QMMM:     1        1      C      -38.0540    4.5280    9.7410
  QMMM:     2        2      C      -37.1940    3.5670    9.2940
  QMMM:     3        3      C      -36.0360    3.9240    8.6160
  QMMM:     4        4      C      -33.9860    3.1750    7.5960
  QMMM:     5        5      C      -33.6540    4.5410    7.3080
  QMMM:     6        6      C      -34.4970    5.5520    7.6300
  QMMM:     7        7      C      -34.0290    6.9390    7.2440
  QMMM:     8        8      C      -35.7380    5.2640    8.3650
  QMMM:     9        9      C      -36.6310    6.2350    8.8500
  QMMM:    10       10      C      -37.7640    5.8650    9.5190
  QMMM:    11       11      N      -35.1600    2.9360    8.2010
  QMMM:    12       12      O      -34.4040    8.8820    5.3420
  QMMM:    13       13      O      -33.6600    6.5740    4.5480
  QMMM:    14       14      O      -36.0410    6.9240    5.3950
  QMMM:    15       15      P      -34.4960    7.3820    5.5160
  QMMM:    16       16      Br     -39.6160    4.0410   10.6670
  QMMM:    17       17      O      -33.1920    2.2950    7.2700
  QMMM:    18       18      Br     -36.3320    8.0830    8.6510
  QMMM:    19       19      H      -37.3990    2.6020    9.4560
  QMMM:    20       20      H      -32.7840    4.7510    6.8620
  QMMM:    21       21      H      -33.0330    6.9790    7.3310
  QMMM:    22       22      H      -34.4740    7.5920    7.8570
  QMMM:    23       23      H      -38.3920    6.5690    9.8510
  QMMM:    24       24      H      -35.3760    2.0950    8.3530
  QMMM:    25       25      H      -36.6580    7.6260    5.7690

--------------------------------------------------------------------------------
  RESULTS
--------------------------------------------------------------------------------

      iter         sqm energy              rms gradient
      ----    -------------------    -----------------------
xmin    10     -215.3459 kcal/mol        0.7424 kcal/(mol*A)
xmin    20     -215.5221 kcal/mol        0.3121 kcal/(mol*A)
xmin    30     -215.5570 kcal/mol        0.1491 kcal/(mol*A)
xmin    40     -215.5684 kcal/mol        0.0586 kcal/(mol*A)
xmin    50     -215.5722 kcal/mol        0.0694 kcal/(mol*A)
xmin    60     -215.5739 kcal/mol        0.0216 kcal/(mol*A)
xmin    70     -215.5740 kcal/mol        0.0138 kcal/(mol*A)
xmin    80     -215.5741 kcal/mol        0.0020 kcal/(mol*A)
  ... geometry converged !
 
 Final MO eigenvalues (eV):
 -38.8755  -36.4946  -33.9949  -33.2537  -31.8755  -31.1100  -29.7169  -28.8794
 -28.7515  -27.7200  -27.4362  -25.8008  -21.8443  -21.4798  -19.9886  -17.0666
 -16.4370  -15.8919  -14.7055  -14.0252  -13.6811  -13.6349  -13.4291  -12.6903
 -12.1478  -12.1195  -11.6902  -11.4647  -11.2391  -10.8717  -10.5404  -10.2994
 -10.2016  -10.0495   -9.6906   -9.4866   -8.9342   -8.7594   -8.5511   -8.3971
  -8.2462   -7.8028   -7.0780   -6.5761   -6.4517   -6.1279   -6.0775   -5.9745
   1.5558    2.1253    2.4236    2.8798    3.1543    4.0847    4.2576    5.0959
   5.5738    5.7521    5.8859    6.0827    6.1096    6.3466    6.7098    6.8164
   6.9455    7.0010    7.0226    7.2748    7.4716    7.6931    7.7881    8.0575
   8.1601    8.3973    9.1794    9.4303   10.4762   11.2877   12.7107

 Heat of formation   =       -215.57406745 kcal/mol  (       -9.34799304 eV)

 Total SCF energy    =     -85415.57823829 kcal/mol  (    -3703.89741287 eV)
 Electronic energy   =    -469542.58510965 kcal/mol  (   -20360.89437187 eV)
 Core-core repulsion =     384127.00687136 kcal/mol  (    16656.99695899 eV)
 
    Atomic Charges for Step       1 :
  Atom    Element       Mulliken Charge
     1      C                 -0.124
     2      C                 -0.169
     3      C                  0.104
     4      C                  0.347
     5      C                 -0.245
     6      C                  0.104
     7      C                 -0.799
     8      C                 -0.037
     9      C                 -0.087
    10      C                 -0.141
    11      N                 -0.309
    12      O                 -1.187
    13      O                 -1.154
    14      O                 -0.826
    15      P                  2.606
    16      Br                 0.031
    17      O                 -0.386
    18      Br                 0.075
    19      H                  0.142
    20      H                  0.179
    21      H                  0.122
    22      H                  0.140
    23      H                  0.154
    24      H                  0.234
    25      H                  0.227
 Total Mulliken Charge =      -1.000
 
                  X        Y        Z     TOTAL  
  QM DIPOLE   164.987  -31.743  -25.322  169.910
 
 Final Structure

  QMMM: QM Region Cartesian Coordinates (*=link atom) 
  QMMM: QM_NO.   MM_NO.  ATOM         X         Y         Z
  QMMM:     1        1      C      -38.1048    4.5746    9.5726
  QMMM:     2        2      C      -37.2497    3.5901    9.1096
  QMMM:     3        3      C      -35.9869    3.9461    8.5715
  QMMM:     4        4      C      -33.8321    3.1809    7.7154
  QMMM:     5        5      C      -33.5344    4.5684    7.3969
  QMMM:     6        6      C      -34.3939    5.6007    7.6511
  QMMM:     7        7      C      -34.0550    6.9250    7.1298
  QMMM:     8        8      C      -35.6147    5.3249    8.4157
  QMMM:     9        9      C      -36.4706    6.2748    9.0079
  QMMM:    10       10      C      -37.7037    5.9112    9.5510
  QMMM:    11       11      N      -35.1093    2.9258    8.2358
  QMMM:    12       12      O      -34.7536    8.7709    5.4383
  QMMM:    13       13      O      -33.9304    6.4448    4.5607
  QMMM:    14       14      O      -36.2251    6.8597    5.5954
  QMMM:    15       15      P      -34.6448    7.2961    5.5325
  QMMM:    16       16      Br     -39.7880    4.1119   10.2618
  QMMM:    17       17      O      -33.0660    2.2082    7.5569
  QMMM:    18       18      Br     -36.0832    8.1030    9.2487
  QMMM:    19       19      H      -37.5443    2.5298    9.1575
  QMMM:    20       20      H      -32.5969    4.7242    6.8389
  QMMM:    21       21      H      -32.9403    7.0218    7.0523
  QMMM:    22       22      H      -34.3975    7.7472    7.8057
  QMMM:    23       23      H      -38.3703    6.6839    9.9680
  QMMM:    24       24      H      -35.4068    1.9826    8.3425
  QMMM:    25       25      H      -36.7978    7.6146    5.5156

           --------- Calculation Completed ----------

