            --------------------------------------------------------
                             AMBER SQM VERSION 19
 
                                     By
              Ross C. Walker, Michael F. Crowley, Scott Brozell,
                         Tim Giese, Andreas W. Goetz,
                        Tai-Sung Lee and David A. Case
 
            --------------------------------------------------------
 

--------------------------------------------------------------------------------
  QM CALCULATION INFO
--------------------------------------------------------------------------------

| QMMM: Citation for AMBER QMMM Run:
| QMMM: R.C. Walker, M.F. Crowley and D.A. Case, J. COMP. CHEM. 29:1019, 2008

QMMM: SINGLET STATE CALCULATION
QMMM: RHF CALCULATION, NO. OF DOUBLY OCCUPIED LEVELS = 48

| QMMM: *** Selected Hamiltonian *** 
| QMMM: AM1         

| QMMM: *** Parameter sets in use ***
| QMMM: C : M.J.S.DEWAR et al. JACS, 107, 3902, (1985)
| QMMM: F : M.J.S.DEWAR et al. THEOCHEM, 180, 1, (1988)
| QMMM: O : M.J.S.DEWAR et al. JACS, 107, 3902, (1985)
| QMMM: P : M.J.S.DEWAR et al. THEOCHEM, 187,1, (1989)
| QMMM: H : M.J.S.DEWAR et al. JACS, 107, 3902, (1985)

| QMMM: *** SCF convergence criteria ***
| QMMM: Energy change                :  0.1D-09 kcal/mol
| QMMM: Error matrix |FP-PF|         :  0.1D+00 au
| QMMM: Density matrix change        :  0.5D-06
| QMMM: Maximum number of SCF cycles :     1000

| QMMM: *** Diagonalization Routine Information ***
| QMMM: Pseudo diagonalizations are allowed.
| QMMM: Auto diagonalization routine selection is in use.
| QMMM:
| QMMM: Timing diagonalization routines:
| QMMM:                              norbs =       78
| QMMM:    diag iterations used for timing =       15
| QMMM:
| QMMM:              Internal diag routine = 0.023982 seconds
| QMMM:                 Dspev diag routine = 0.064918 seconds
| QMMM:                Dspevd diag routine = 0.019394 seconds
| QMMM:                Dspevx diag routine = 0.054629 seconds
| QMMM:                 Dsyev diag routine = 0.050888 seconds
| QMMM:                Dsyevd diag routine = 0.020303 seconds
| QMMM:                Dsyevr diag routine = 0.023850 seconds
| QMMM:
| QMMM:                Pseudo diag routine = 0.009001 seconds
| QMMM:
| QMMM: Using dspevd routine (diag_routine=3).

  QMMM: QM Region Cartesian Coordinates (*=link atom) 
  QMMM: QM_NO.   MM_NO.  ATOM         X         Y         Z
  QMMM:     1        1      C      -34.2200    3.3930    8.0830
  QMMM:     2        2      C      -33.8740    4.7400    8.1020
  QMMM:     3        3      C      -34.8840    5.6930    8.1270
  QMMM:     4        4      C      -34.6460    7.0580    7.4830
  QMMM:     5        5      C      -36.1920    5.2930    8.4630
  QMMM:     6        6      C      -37.2040    6.2250    8.7680
  QMMM:     7        7      C      -38.4800    5.7820    9.0940
  QMMM:     8        8      C      -38.7590    4.4190    9.1210
  QMMM:     9        9      C      -37.7630    3.5000    8.8210
  QMMM:    10       10      C      -36.4690    3.9470    8.4900
  QMMM:    11       11      F      -36.9360    7.5620    8.7430
  QMMM:    12       12      F      -40.0130    3.9860    9.4410
  QMMM:    13       13      O      -33.3760    2.5690    7.9630
  QMMM:    14       14      O      -34.6360    8.3470    5.0430
  QMMM:    15       15      O      -33.4700    6.1760    5.1470
  QMMM:    16       16      O      -35.9340    6.2550    5.1790
  QMMM:    17       17      O      -35.5080    3.0200    8.2000
  QMMM:    18       18      P      -34.6730    6.9540    5.6250
  QMMM:    19       19      H      -35.3600    7.6900    7.7850
  QMMM:    20       20      H      -33.7560    7.4070    7.7770
  QMMM:    21       21      H      -32.9130    5.0180    8.0980
  QMMM:    22       22      H      -39.1990    6.4430    9.3090
  QMMM:    23       23      H      -37.9640    2.5210    8.8400
  QMMM:    24       24      H      -36.7450    6.8200    5.3660

--------------------------------------------------------------------------------
  RESULTS
--------------------------------------------------------------------------------

      iter         sqm energy              rms gradient
      ----    -------------------    -----------------------
xmin    10     -358.1051 kcal/mol        1.3191 kcal/(mol*A)
xmin    20     -358.4301 kcal/mol        0.3656 kcal/(mol*A)
xmin    30     -358.4992 kcal/mol        0.1427 kcal/(mol*A)
xmin    40     -358.5221 kcal/mol        0.2190 kcal/(mol*A)
xmin    50     -358.5291 kcal/mol        0.0283 kcal/(mol*A)
xmin    60     -358.5294 kcal/mol        0.0284 kcal/(mol*A)
xmin    70     -358.5295 kcal/mol        0.0011 kcal/(mol*A)
  ... geometry converged !
 
 Final MO eigenvalues (eV):
 -47.9117  -47.7302  -39.2936  -36.5031  -34.5894  -33.7971  -32.0644  -29.1382
 -28.9706  -28.7914  -28.1633  -26.4564  -22.6215  -21.9484  -20.3671  -18.2659
 -16.8316  -16.3952  -15.3884  -15.0116  -14.8478  -14.7423  -14.3170  -14.2634
 -14.0124  -13.4018  -13.1538  -12.4887  -12.3274  -11.8417  -11.4375  -11.3703
 -11.1774  -11.0235  -10.6597  -10.3555   -9.9159   -9.4258   -9.0919   -8.6902
  -8.6434   -8.1355   -7.3975   -6.8941   -6.6561   -6.3299   -6.2769   -6.1878
   1.5274    2.0627    2.9163    4.0821    4.1003    4.9386    4.9458    5.3080
   5.5346    5.6088    5.7442    5.8286    6.2452    6.6819    6.7301    6.8241
   6.8340    6.9020    7.0280    7.2474    7.3570    7.6939    7.8568    7.9318
   8.4341    8.9716    9.2358   10.2437   11.0968   12.5343

 Heat of formation   =       -358.52945694 kcal/mol  (      -15.54700390 eV)

 Total SCF energy    =     -93791.09401575 kcal/mol  (    -4067.08703073 eV)
 Electronic energy   =    -489594.78205628 kcal/mol  (   -21230.42288089 eV)
 Core-core repulsion =     395803.68804053 kcal/mol  (    17163.33585016 eV)
 
    Atomic Charges for Step       1 :
  Atom    Element       Mulliken Charge
     1      C                  0.354
     2      C                 -0.281
     3      C                  0.140
     4      C                 -0.784
     5      C                 -0.152
     6      C                  0.203
     7      C                 -0.261
     8      C                  0.145
     9      C                 -0.223
    10      C                  0.151
    11      F                 -0.081
    12      F                 -0.110
    13      O                 -0.326
    14      O                 -1.183
    15      O                 -1.148
    16      O                 -0.827
    17      O                 -0.209
    18      P                  2.605
    19      H                  0.133
    20      H                  0.122
    21      H                  0.182
    22      H                  0.158
    23      H                  0.165
    24      H                  0.228
 Total Mulliken Charge =      -1.000
 
                  X        Y        Z     TOTAL  
  QM DIPOLE   164.996  -29.116  -27.249  169.747
 
 Final Structure

  QMMM: QM Region Cartesian Coordinates (*=link atom) 
  QMMM: QM_NO.   MM_NO.  ATOM         X         Y         Z
  QMMM:     1        1      C      -34.1495    3.2897    8.3459
  QMMM:     2        2      C      -33.8869    4.6408    7.9276
  QMMM:     3        3      C      -34.8516    5.6071    7.8791
  QMMM:     4        4      C      -34.5069    6.9453    7.4057
  QMMM:     5        5      C      -36.1912    5.2460    8.3407
  QMMM:     6        6      C      -37.2967    6.1295    8.4758
  QMMM:     7        7      C      -38.5678    5.6671    8.8555
  QMMM:     8        8      C      -38.7666    4.3037    9.1264
  QMMM:     9        9      C      -37.7009    3.4050    9.0492
  QMMM:    10       10      C      -36.4365    3.8915    8.6717
  QMMM:    11       11      F      -37.1815    7.4597    8.2743
  QMMM:    12       12      F      -39.9989    3.8652    9.4801
  QMMM:    13       13      O      -33.3965    2.3245    8.4892
  QMMM:    14       14      O      -34.5783    8.6674    5.4654
  QMMM:    15       15      O      -33.7966    6.2104    4.9839
  QMMM:    16       16      O      -36.2256    6.8966    5.4137
  QMMM:    17       17      O      -35.4614    2.9245    8.6779
  QMMM:    18       18      P      -34.6362    7.2035    5.6797
  QMMM:    19       19      H      -35.1114    7.7394    7.9048
  QMMM:    20       20      H      -33.4335    7.1624    7.6458
  QMMM:    21       21      H      -32.8602    4.8365    7.5776
  QMMM:    22       22      H      -39.4049    6.3745    8.9307
  QMMM:    23       23      H      -37.8319    2.3379    9.2728
  QMMM:    24       24      H      -36.7023    7.6898    5.1944

           --------- Calculation Completed ----------

