            --------------------------------------------------------
                             AMBER SQM VERSION 19
 
                                     By
              Ross C. Walker, Michael F. Crowley, Scott Brozell,
                         Tim Giese, Andreas W. Goetz,
                        Tai-Sung Lee and David A. Case
 
            --------------------------------------------------------
 

--------------------------------------------------------------------------------
  QM CALCULATION INFO
--------------------------------------------------------------------------------

| QMMM: Citation for AMBER QMMM Run:
| QMMM: R.C. Walker, M.F. Crowley and D.A. Case, J. COMP. CHEM. 29:1019, 2008

QMMM: SINGLET STATE CALCULATION
QMMM: RHF CALCULATION, NO. OF DOUBLY OCCUPIED LEVELS = 39

| QMMM: *** Selected Hamiltonian *** 
| QMMM: AM1         

| QMMM: *** Parameter sets in use ***
| QMMM: C : M.J.S.DEWAR et al. JACS, 107, 3902, (1985)
| QMMM: N : M.J.S.DEWAR et al. JACS, 107, 3902, (1985)
| QMMM: O : M.J.S.DEWAR et al. JACS, 107, 3902, (1985)
| QMMM: P : M.J.S.DEWAR et al. THEOCHEM, 187,1, (1989)
| QMMM: H : M.J.S.DEWAR et al. JACS, 107, 3902, (1985)

| QMMM: *** SCF convergence criteria ***
| QMMM: Energy change                :  0.1D-09 kcal/mol
| QMMM: Error matrix |FP-PF|         :  0.1D+00 au
| QMMM: Density matrix change        :  0.5D-06
| QMMM: Maximum number of SCF cycles :     1000

| QMMM: *** Diagonalization Routine Information ***
| QMMM: Pseudo diagonalizations are allowed.
| QMMM: Auto diagonalization routine selection is in use.
| QMMM:
| QMMM: Timing diagonalization routines:
| QMMM:                              norbs =       69
| QMMM:    diag iterations used for timing =       15
| QMMM:
| QMMM:              Internal diag routine = 0.019752 seconds
| QMMM:                 Dspev diag routine = 0.097499 seconds
| QMMM:                Dspevd diag routine = 0.038825 seconds
| QMMM:                Dspevx diag routine = 0.085509 seconds
| QMMM:                 Dsyev diag routine = 0.245837 seconds
| QMMM:                Dsyevd diag routine = 0.096660 seconds
| QMMM:                Dsyevr diag routine = 0.182649 seconds
| QMMM:
| QMMM:                Pseudo diag routine = 0.005345 seconds
| QMMM:
| QMMM: Using internal diagonalization routine (diag_routine=1).

  QMMM: QM Region Cartesian Coordinates (*=link atom) 
  QMMM: QM_NO.   MM_NO.  ATOM         X         Y         Z
  QMMM:     1        1      C      -34.3530    3.0650    8.4920
  QMMM:     2        2      C      -35.6380    3.4460    8.6920
  QMMM:     3        3      C      -36.0060    4.7450    8.3610
  QMMM:     4        4      C      -37.6560    6.4640    8.2190
  QMMM:     5        5      C      -36.6870    7.3360    7.6910
  QMMM:     6        6      C      -35.4140    6.9240    7.5030
  QMMM:     7        7      C      -34.4050    7.9070    6.9380
  QMMM:     8        8      C      -35.0280    5.6040    7.8350
  QMMM:     9        9      N      -33.7320    5.2280    7.6300
  QMMM:    10       10      C      -33.4370    3.9680    7.9670
  QMMM:    11       11      C      -37.3280    5.1960    8.5480
  QMMM:    12       12      O      -35.8010    8.1500    4.5920
  QMMM:    13       13      O      -33.3540    8.8790    4.5980
  QMMM:    14       14      O      -33.9510    6.3970    4.7230
  QMMM:    15       15      P      -34.3970    7.9050    5.0980
  QMMM:    16       16      H      -34.0640    2.1350    8.7230
  QMMM:    17       17      H      -36.3080    2.8060    9.0690
  QMMM:    18       18      H      -38.5940    6.7840    8.3510
  QMMM:    19       19      H      -36.9430    8.2730    7.4530
  QMMM:    20       20      H      -33.4940    7.6610    7.2670
  QMMM:    21       21      H      -34.6620    8.8230    7.2430
  QMMM:    22       22      H      -32.4970    3.6560    7.8320
  QMMM:    23       23      H      -38.0200    4.5800    8.9230
  QMMM:    24       24      H      -34.5870    5.7230    5.1150

--------------------------------------------------------------------------------
  RESULTS
--------------------------------------------------------------------------------

      iter         sqm energy              rms gradient
      ----    -------------------    -----------------------
xmin    10     -180.8596 kcal/mol        0.5267 kcal/(mol*A)
xmin    20     -181.1262 kcal/mol        1.0364 kcal/(mol*A)
xmin    30     -181.2509 kcal/mol        0.2814 kcal/(mol*A)
xmin    40     -181.3166 kcal/mol        0.1522 kcal/(mol*A)
xmin    50     -181.3327 kcal/mol        0.0372 kcal/(mol*A)
xmin    60     -181.3331 kcal/mol        0.0202 kcal/(mol*A)
xmin    70     -181.3332 kcal/mol        0.0087 kcal/(mol*A)
xmin    80     -181.3332 kcal/mol        0.0009 kcal/(mol*A)
xmin    90     -181.3332 kcal/mol        0.0006 kcal/(mol*A)
  ... geometry converged !
 
 Final MO eigenvalues (eV):
 -38.0219  -34.6588  -31.9691  -31.3473  -29.1465  -28.3922  -28.2543  -28.1450
 -24.2846  -21.9885  -21.4300  -18.8979  -16.2686  -14.9230  -14.7840  -14.1679
 -12.8483  -12.5101  -12.2778  -12.0996  -11.5814  -11.2789  -11.0866  -10.3991
 -10.1869   -9.7487   -9.5688   -9.3759   -9.1137   -8.4567   -8.1150   -7.7905
  -7.6671   -6.7827   -6.3779   -6.0420   -5.7449   -5.6840   -5.4258    2.2671
   2.6438    3.7986    4.7352    5.8967    6.0315    6.0843    6.2877    6.3811
   6.5561    6.7002    6.8760    7.0915    7.2407    7.3744    7.4497    7.6139
   7.6914    7.8316    7.8838    8.1657    8.2790    8.4496    8.6138    8.8704
   9.5669    9.6407   10.9608   11.6990   13.1022

 Heat of formation   =       -181.33324008 kcal/mol  (       -7.86319934 eV)

 Total SCF energy    =     -62359.12143880 kcal/mol  (    -2704.09442083 eV)
 Electronic energy   =    -337903.66125778 kcal/mol  (   -14652.60228341 eV)
 Core-core repulsion =     275544.53981899 kcal/mol  (    11948.50786258 eV)
 
    Atomic Charges for Step       1 :
  Atom    Element       Mulliken Charge
     1      C                 -0.196
     2      C                 -0.096
     3      C                 -0.075
     4      C                 -0.107
     5      C                 -0.154
     6      C                  0.064
     7      C                 -0.777
     8      C                 -0.001
     9      N                 -0.093
    10      C                 -0.078
    11      C                 -0.162
    12      O                 -1.199
    13      O                 -1.165
    14      O                 -0.821
    15      P                  2.616
    16      H                  0.124
    17      H                  0.119
    18      H                  0.117
    19      H                  0.153
    20      H                  0.139
    21      H                  0.108
    22      H                  0.147
    23      H                  0.114
    24      H                  0.222
 Total Mulliken Charge =      -1.000
 
                  X        Y        Z     TOTAL  
  QM DIPOLE   163.720  -38.941  -23.155  169.873
 
 Final Structure

  QMMM: QM Region Cartesian Coordinates (*=link atom) 
  QMMM: QM_NO.   MM_NO.  ATOM         X         Y         Z
  QMMM:     1        1      C      -34.2784    3.0115    8.6510
  QMMM:     2        2      C      -35.5878    3.3939    8.7789
  QMMM:     3        3      C      -35.9785    4.7112    8.3997
  QMMM:     4        4      C      -37.6640    6.4205    8.1600
  QMMM:     5        5      C      -36.6990    7.2978    7.6306
  QMMM:     6        6      C      -35.3745    6.9220    7.4513
  QMMM:     7        7      C      -34.4045    7.8643    6.8874
  QMMM:     8        8      C      -34.9813    5.5976    7.8781
  QMMM:     9        9      N      -33.6603    5.1980    7.7809
  QMMM:    10       10      C      -33.3443    3.9709    8.1471
  QMMM:    11       11      C      -37.3181    5.1453    8.5356
  QMMM:    12       12      O      -35.6281    8.5151    4.6674
  QMMM:    13       13      O      -33.0177    8.5107    4.8018
  QMMM:    14       14      O      -34.4451    6.4080    4.6368
  QMMM:    15       15      P      -34.3423    7.9597    5.1597
  QMMM:    16       16      H      -33.9325    2.0068    8.9202
  QMMM:    17       17      H      -36.3528    2.7058    9.1661
  QMMM:    18       18      H      -38.7019    6.7705    8.2609
  QMMM:    19       19      H      -37.0198    8.3032    7.3097
  QMMM:    20       20      H      -33.3653    7.6483    7.2413
  QMMM:    21       21      H      -34.6515    8.9002    7.2375
  QMMM:    22       22      H      -32.2801    3.6930    8.0439
  QMMM:    23       23      H      -38.0651    4.4481    8.9394
  QMMM:    24       24      H      -35.2630    6.2525    4.1776

           --------- Calculation Completed ----------

