-I: Adding /home/jguven/Software/miniconda3/dat/leap/prep to search path.
-I: Adding /home/jguven/Software/miniconda3/dat/leap/lib to search path.
-I: Adding /home/jguven/Software/miniconda3/dat/leap/parm to search path.
-I: Adding /home/jguven/Software/miniconda3/dat/leap/cmd to search path.
-s: Ignoring all leaprc startup files.
-f: Source vim2_tleap.in.

Welcome to LEaP!
Sourcing: ./vim2_tleap.in
----- Source: /home/jguven/Software/miniconda3/dat/leap/cmd/oldff/leaprc.ff14SB
----- Source of /home/jguven/Software/miniconda3/dat/leap/cmd/oldff/leaprc.ff14SB done
Log file: ./leap.log
Loading parameters: /home/jguven/Software/miniconda3/dat/leap/parm/parm10.dat
Reading title:
PARM99 + frcmod.ff99SB + frcmod.parmbsc0 + OL3 for RNA
Loading parameters: /home/jguven/Software/miniconda3/dat/leap/parm/frcmod.ff14SB
Reading force field modification type file (frcmod)
Reading title:
ff14SB protein backbone and sidechain parameters
Loading library: /home/jguven/Software/miniconda3/dat/leap/lib/amino12.lib
Loading library: /home/jguven/Software/miniconda3/dat/leap/lib/aminoct12.lib
Loading library: /home/jguven/Software/miniconda3/dat/leap/lib/aminont12.lib
Loading library: /home/jguven/Software/miniconda3/dat/leap/lib/nucleic12.lib
Loading library: /home/jguven/Software/miniconda3/dat/leap/lib/atomic_ions.lib
Loading library: /home/jguven/Software/miniconda3/dat/leap/lib/solvents.lib
----- Source: /home/jguven/Software/miniconda3/dat/leap/cmd/leaprc.water.tip3p
----- Source of /home/jguven/Software/miniconda3/dat/leap/cmd/leaprc.water.tip3p done
Loading library: /home/jguven/Software/miniconda3/dat/leap/lib/atomic_ions.lib
Loading library: /home/jguven/Software/miniconda3/dat/leap/lib/solvents.lib
Loading parameters: /home/jguven/Software/miniconda3/dat/leap/parm/frcmod.tip3p
Reading force field modification type file (frcmod)
Reading title:
This is the additional/replacement parameter set for TIP3P water
Loading parameters: /home/jguven/Software/miniconda3/dat/leap/parm/frcmod.ions1lm_126_tip3p
Reading force field modification type file (frcmod)
Reading title:
Li/Merz ion parameters of monovalent ions for TIP3P water model (12-6 normal usage set)
Loading parameters: /home/jguven/Software/miniconda3/dat/leap/parm/frcmod.ionsjc_tip3p
Reading force field modification type file (frcmod)
Reading title:
Monovalent ion parameters for Ewald and TIP3P water from Joung & Cheatham JPCB (2008)
Loading parameters: /home/jguven/Software/miniconda3/dat/leap/parm/frcmod.ions234lm_126_tip3p
Reading force field modification type file (frcmod)
Reading title:
Li/Merz ion parameters of divalent to tetravalent ions for TIP3P water model (12-6 normal usage set)
----- Source: /home/jguven/Software/miniconda3/dat/leap/cmd/leaprc.gaff2
----- Source of /home/jguven/Software/miniconda3/dat/leap/cmd/leaprc.gaff2 done
Log file: ./leap.log
Loading parameters: /home/jguven/Software/miniconda3/dat/leap/parm/gaff2.dat
Reading title:
AMBER General Force Field for organic molecules (Version 2.11, May 2016)
Loading Mol2 file: ./HD1.mol2
Reading MOLECULE named HD1
Loading Mol2 file: ./HE1.mol2
Reading MOLECULE named HE1
Loading Mol2 file: ./AP1.mol2
Reading MOLECULE named AP1
Loading Mol2 file: ./HD2.mol2
Reading MOLECULE named HD2
Loading Mol2 file: ./CS1.mol2
Reading MOLECULE named CS1
Loading Mol2 file: ./HD3.mol2
Reading MOLECULE named HD3
Loading Mol2 file: ./ZN1.mol2
Reading MOLECULE named ZN1
Loading Mol2 file: ./ZN2.mol2
Reading MOLECULE named ZN2
Loading Mol2 file: ./PT1.mol2
Reading MOLECULE named PT1
Loading parameters: ./P9T.frcmod
Reading force field modification type file (frcmod)
Reading title:
Remark line goes here
Loading parameters: /home/jguven/Software/miniconda3/dat/leap/parm/frcmod.ions1lm_126_tip3p
Reading force field modification type file (frcmod)
Reading title:
Li/Merz ion parameters of monovalent ions for TIP3P water model (12-6 normal usage set)
Loading parameters: ./vim2_mcpbpy.frcmod
Reading force field modification type file (frcmod)
Reading title:
REMARK GOES HERE, THIS FILE IS GENERATED BY MCPB.PY
Loading PDB file: ./vim2_mcpbpy.pdb

/home/jguven/Software/miniconda3/bin/teLeap: Warning!
One sided connection. Residue (HD1) missing connect0 atom.

/home/jguven/Software/miniconda3/bin/teLeap: Warning!
One sided connection. Residue (default_name) missing connect1 atom.

/home/jguven/Software/miniconda3/bin/teLeap: Warning!
One sided connection. Residue (HE1) missing connect0 atom.

/home/jguven/Software/miniconda3/bin/teLeap: Warning!
One sided connection. Residue (default_name) missing connect1 atom.

/home/jguven/Software/miniconda3/bin/teLeap: Warning!
One sided connection. Residue (AP1) missing connect0 atom.

/home/jguven/Software/miniconda3/bin/teLeap: Warning!
One sided connection. Residue (default_name) missing connect1 atom.

/home/jguven/Software/miniconda3/bin/teLeap: Warning!
One sided connection. Residue (HD2) missing connect0 atom.

/home/jguven/Software/miniconda3/bin/teLeap: Warning!
One sided connection. Residue (default_name) missing connect1 atom.

/home/jguven/Software/miniconda3/bin/teLeap: Warning!
One sided connection. Residue (CS1) missing connect0 atom.

/home/jguven/Software/miniconda3/bin/teLeap: Warning!
One sided connection. Residue (default_name) missing connect1 atom.

/home/jguven/Software/miniconda3/bin/teLeap: Warning!
One sided connection. Residue (HD3) missing connect0 atom.

/home/jguven/Software/miniconda3/bin/teLeap: Warning!
One sided connection. Residue (default_name) missing connect1 atom.
  total atoms in file: 3480
Writing pdb file: vim2_dry.pdb

/home/jguven/Software/miniconda3/bin/teLeap: Warning!
 Converting N-terminal residue name to PDB format: NGLU -> GLU

/home/jguven/Software/miniconda3/bin/teLeap: Warning!
 Converting C-terminal residue name to PDB format: CASN -> ASN
Checking Unit.

/home/jguven/Software/miniconda3/bin/teLeap: Warning!
The unperturbed charge of the unit (-9.999999) is not zero.

/home/jguven/Software/miniconda3/bin/teLeap: Note.
Ignoring the warning from Unit Checking.

Building topology.
Building atom parameters.
Building bond parameters.
Building angle parameters.
Building proper torsion parameters.
Building improper torsion parameters.
 total 710 improper torsions applied
Building H-Bond parameters.
Incorporating Non-Bonded adjustments.
Not Marking per-residue atom chain types.
Marking per-residue atom chain types.
  (Residues lacking connect0/connect1 - 
   these don't have chain types marked:

	res	total affected

	AP1	1
	CASN	1
	CS1	1
	HD1	1
	HD2	1
	HD3	1
	HE1	1
	NGLU	1
	PT1	1
	WAT	13
  )
 (no restraints)
  Solute vdw bounding box:              47.648 43.633 46.135
  Total bounding box for atom centers:  67.648 63.633 66.135
  Solvent unit box:                     18.774 18.774 18.774
  Total vdw box size:                   70.504 66.696 68.898 angstroms.
  Volume: 323980.636 A^3 
  Total mass 158245.776 amu,  Density 0.811 g/cc
  Added 7389 residues.
10 Na+ ions required to neutralize.
Adding 10 counter ions to "mol" using 1A grid
Grid extends from solute vdw + 3.28  to  9.35
Resolution:      1.00 Angstrom.
Solvent present: replacing closest with ion
	 when steric overlaps occur
Calculating grid charges
(Replacing solvent molecule)
Placed Na+ in mol at (-22.36, 3.41, -0.95).
(Replacing solvent molecule)
Placed Na+ in mol at (-17.87, 9.33, 7.50).
(Replacing solvent molecule)
Placed Na+ in mol at (15.40, 13.04, -5.25).
(Replacing solvent molecule)
Placed Na+ in mol at (-25.36, -13.88, -5.64).
(Replacing solvent molecule)
Placed Na+ in mol at (16.12, -12.26, 4.66).
(Replacing solvent molecule)
Placed Na+ in mol at (-21.27, -2.11, -16.53).
(Replacing solvent molecule)
Placed Na+ in mol at (8.97, 14.66, 17.77).
(Replacing solvent molecule)
Placed Na+ in mol at (8.97, -4.12, -19.78).
(Replacing solvent molecule)
Placed Na+ in mol at (-12.15, 13.38, 9.92).
(Replacing solvent molecule)
Placed Na+ in mol at (7.57, 2.80, 19.87).

Done adding ions.
 0.000001 0 1 0
0 Cl- ion required to neutralize.
Adding 0 counter ions to "mol" using 1A grid
Writing pdb file: vim2_solv.pdb
   printing CRYST1 record to PDB file with box info

/home/jguven/Software/miniconda3/bin/teLeap: Warning!
 Converting N-terminal residue name to PDB format: NGLU -> GLU

/home/jguven/Software/miniconda3/bin/teLeap: Warning!
 Converting C-terminal residue name to PDB format: CASN -> ASN
Checking Unit.
Building topology.
Building atom parameters.
Building bond parameters.
Building angle parameters.
Building proper torsion parameters.
Building improper torsion parameters.
 total 710 improper torsions applied
Building H-Bond parameters.
Incorporating Non-Bonded adjustments.
Not Marking per-residue atom chain types.
Marking per-residue atom chain types.
  (Residues lacking connect0/connect1 - 
   these don't have chain types marked:

	res	total affected

	AP1	1
	CASN	1
	CS1	1
	HD1	1
	HD2	1
	HD3	1
	HE1	1
	NGLU	1
	PT1	1
	WAT	7392
  )
 (no restraints)
	Quit

Exiting LEaP: Errors = 0; Warnings = 17; Notes = 1.
