Setting the LD random seed to -474046529

Generated 136 of the 136 non-bonded parameter combinations

Generated 136 of the 136 1-4 parameter combinations

Excluding 3 bonded neighbours molecule type 'MOL'

Excluding 3 bonded neighbours molecule type 'SOL'

Excluding 3 bonded neighbours molecule type 'NA'
Analysing residue names:
There are:     1      Other residues
There are:   640      Water residues
There are:     1        Ion residues
Analysing residues not classified as Protein/DNA/RNA/Water and splitting into groups...
Analysing residues not classified as Protein/DNA/RNA/Water and splitting into groups...

The largest distance between excluded atoms is 0.408 nm
Calculating fourier grid dimensions for X Y Z
Using a fourier grid of 24x24x24, spacing 0.113 0.113 0.113

Estimate for the relative computational load of the PME mesh part: 0.30

This run will generate roughly 0 Mb of data
                      :-) GROMACS - gmx grompp, 2022.2 (-:

Executable:   /usr/local/gromacs/bin/gmx
Data prefix:  /usr/local/gromacs
Working dir:  /home/jguven/projects/metalloenzymes/vim_2/runs/equilibration/unbound/ligand_8/min
Command line:
  gmx grompp -f min.mdp -c min.gro -p min.top -o min.tpr

Ignoring obsolete mdp entry 'ns-type'
Generating 1-4 interactions: fudge = 0.5
Number of degrees of freedom in T-Coupling group rest is 3912.00

Back Off! I just backed up min.tpr to ./#min.tpr.5#

GROMACS reminds you: "If You Don't Like Cool Quotes Check Your GMXRC File" (Your Sysadmin)

                      :-) GROMACS - gmx mdrun, 2022.2 (-:

Executable:   /usr/local/gromacs/bin/gmx
Data prefix:  /usr/local/gromacs
Working dir:  /home/jguven/projects/metalloenzymes/vim_2/runs/equilibration/unbound/ligand_8/min
Command line:
  gmx mdrun -v -deffnm min -nt 1 -nb gpu


Back Off! I just backed up min.log to ./#min.log.2#
Reading file min.tpr, VERSION 2022.2 (single precision)
1 GPU selected for this run.
Mapping of GPU IDs to the 1 GPU task in the 1 rank on this node:
  PP:0
PP tasks will do (non-perturbed) short-ranged interactions on the GPU
PP task will update and constrain coordinates on the CPU
Using 1 MPI thread
Using 1 OpenMP thread 


NOTE: Thread affinity was not set.

Back Off! I just backed up min.trr to ./#min.trr.2#

Back Off! I just backed up min.edr to ./#min.edr.2#

Steepest Descents:
   Tolerance (Fmax)   =  1.00000e+01
   Number of steps    =         2000
Step=    0, Dmax= 1.0e-02 nm, Epot=  1.13274e+03 Fmax= 1.34104e+05, atom= 307
Step=    1, Dmax= 1.0e-02 nm, Epot= -5.19573e+03 Fmax= 4.41969e+04, atom= 487
Step=    2, Dmax= 1.2e-02 nm, Epot= -1.18259e+04 Fmax= 1.47741e+04, atom= 784
Step=    3, Dmax= 1.4e-02 nm, Epot= -1.68477e+04 Fmax= 6.39353e+03, atom= 1591
Step=    4, Dmax= 1.7e-02 nm, Epot= -1.97658e+04 Fmax= 3.55536e+03, atom= 1867
Step=    5, Dmax= 2.1e-02 nm, Epot= -2.14226e+04 Fmax= 1.81882e+04, atom= 2
Step=    6, Dmax= 2.5e-02 nm, Epot= -2.18890e+04 Fmax= 1.30757e+04, atom= 1
Step=    7, Dmax= 3.0e-02 nm, Epot= -2.15504e+04 Fmax= 3.03004e+04, atom= 1
Step=    8, Dmax= 1.5e-02 nm, Epot= -2.26240e+04 Fmax= 8.88429e+03, atom= 1
Step=    9, Dmax= 1.8e-02 nm, Epot= -2.23805e+04 Fmax= 1.75104e+04, atom= 1
Step=   10, Dmax= 9.0e-03 nm, Epot= -2.29478e+04 Fmax= 4.21473e+03, atom= 1
Step=   11, Dmax= 1.1e-02 nm, Epot= -2.32622e+04 Fmax= 1.07914e+04, atom= 1
Step=   12, Dmax= 1.3e-02 nm, Epot= -2.34642e+04 Fmax= 7.85225e+03, atom= 1
Step=   13, Dmax= 1.5e-02 nm, Epot= -2.36173e+04 Fmax= 1.39480e+04, atom= 1
Step=   14, Dmax= 1.9e-02 nm, Epot= -2.37967e+04 Fmax= 1.28154e+04, atom= 1
Step=   15, Dmax= 2.2e-02 nm, Epot= -2.33069e+04 Fmax= 1.87003e+04, atom= 1
Step=   16, Dmax= 1.1e-02 nm, Epot= -2.39906e+04 Fmax= 3.07169e+03, atom= 1
Step=   17, Dmax= 1.3e-02 nm, Epot= -2.42633e+04 Fmax= 1.65902e+04, atom= 1
Step=   18, Dmax= 1.6e-02 nm, Epot= -2.44961e+04 Fmax= 6.28089e+03, atom= 1
Step=   19, Dmax= 1.9e-02 nm, Epot= -2.39057e+04 Fmax= 2.17826e+04, atom= 1
Step=   20, Dmax= 9.6e-03 nm, Epot= -2.51619e+04 Fmax= 7.63522e+03, atom= 1
Step=   21, Dmax= 1.2e-02 nm, Epot= -2.52762e+04 Fmax= 8.65674e+03, atom= 1
Step=   22, Dmax= 1.4e-02 nm, Epot= -2.53726e+04 Fmax= 1.13316e+04, atom= 1
Step=   23, Dmax= 1.7e-02 nm, Epot= -2.54672e+04 Fmax= 1.22082e+04, atom= 1
Step=   24, Dmax= 2.0e-02 nm, Epot= -2.55117e+04 Fmax= 1.65376e+04, atom= 1
Step=   25, Dmax= 2.4e-02 nm, Epot= -2.44137e+04 Fmax= 1.74348e+04, atom= 1
Step=   26, Dmax= 1.2e-02 nm, Epot= -2.55144e+04 Fmax= 7.77185e+02, atom= 1771
Step=   27, Dmax= 1.4e-02 nm, Epot= -2.64128e+04 Fmax= 1.66436e+04, atom= 1
Step=   28, Dmax= 1.7e-02 nm, Epot= -2.65880e+04 Fmax= 7.90361e+03, atom= 1
Step=   29, Dmax= 2.1e-02 nm, Epot= -2.53984e+04 Fmax= 2.21128e+04, atom= 1
Step=   30, Dmax= 1.0e-02 nm, Epot= -2.76697e+04 Fmax= 6.97146e+03, atom= 1
Step=   31, Dmax= 1.2e-02 nm, Epot= -2.77249e+04 Fmax= 1.05363e+04, atom= 1
Step=   32, Dmax= 1.5e-02 nm, Epot= -2.77964e+04 Fmax= 1.08362e+04, atom= 1
Step=   33, Dmax= 1.8e-02 nm, Epot= -2.56936e+04 Fmax= 1.44659e+04, atom= 1
Step=   34, Dmax= 8.9e-03 nm, Epot= -2.77794e+04 Fmax= 1.89174e+03, atom= 1
Step=   35, Dmax= 4.5e-03 nm, Epot= -2.77495e+04 Fmax= 4.45329e+03, atom= 1
Step=   36, Dmax= 2.2e-03 nm, Epot= -2.77153e+04 Fmax= 7.63818e+03, atom= 1
Step=   37, Dmax= 1.1e-03 nm, Epot= -2.76933e+04 Fmax= 9.23549e+03, atom= 1
Step=   38, Dmax= 5.6e-04 nm, Epot= -2.76812e+04 Fmax= 1.00354e+04, atom= 1
Step=   39, Dmax= 2.8e-04 nm, Epot= -2.76748e+04 Fmax= 1.04357e+04, atom= 1
Step=   40, Dmax= 1.4e-04 nm, Epot= -2.76715e+04 Fmax= 1.06358e+04, atom= 1
Step=   41, Dmax= 7.0e-05 nm, Epot= -2.76698e+04 Fmax= 1.07360e+04, atom= 1
Step=   42, Dmax= 3.5e-05 nm, Epot= -2.76690e+04 Fmax= 1.07861e+04, atom= 1
Step=   43, Dmax= 1.7e-05 nm, Epot= -2.76685e+04 Fmax= 1.08112e+04, atom= 1
Step=   44, Dmax= 8.7e-06 nm, Epot= -2.76683e+04 Fmax= 1.08236e+04, atom= 1
Step=   45, Dmax= 4.4e-06 nm, Epot= -2.76682e+04 Fmax= 1.08299e+04, atom= 1
Step=   46, Dmax= 2.2e-06 nm, Epot= -2.76682e+04 Fmax= 1.08330e+04, atom= 1
Step=   47, Dmax= 1.1e-06 nm, Epot= -2.76681e+04 Fmax= 1.08346e+04, atom= 1
Energy minimization has stopped, but the forces have not converged to the
requested precision Fmax < 10 (which may not be possible for your system). It
stopped because the algorithm tried to make a new step whose size was too
small, or there was no change in the energy since last step. Either way, we
regard the minimization as converged to within the available machine
precision, given your starting configuration and EM parameters.

Double precision normally gives you higher accuracy, but this is often not
needed for preparing to run molecular dynamics.
You might need to increase your constraint accuracy, or turn
off constraints altogether (set constraints = none in mdp file)

writing lowest energy coordinates.

Back Off! I just backed up min.gro to ./#min.gro.3#

Steepest Descents converged to machine precision in 48 steps,
but did not reach the requested Fmax < 10.
Potential Energy  = -2.7796406e+04
Maximum force     =  1.0836185e+04 on atom 1
Norm of force     =  3.6696445e+02

GROMACS reminds you: "Mathematics is like love; a simple idea, but it can get complicated." (Anonymous)

