            --------------------------------------------------------
                             AMBER SQM VERSION 19
 
                                     By
              Ross C. Walker, Michael F. Crowley, Scott Brozell,
                         Tim Giese, Andreas W. Goetz,
                        Tai-Sung Lee and David A. Case
 
            --------------------------------------------------------
 

--------------------------------------------------------------------------------
  QM CALCULATION INFO
--------------------------------------------------------------------------------

| QMMM: Citation for AMBER QMMM Run:
| QMMM: R.C. Walker, M.F. Crowley and D.A. Case, J. COMP. CHEM. 29:1019, 2008

QMMM: SINGLET STATE CALCULATION
QMMM: RHF CALCULATION, NO. OF DOUBLY OCCUPIED LEVELS = 48

| QMMM: *** Selected Hamiltonian *** 
| QMMM: AM1         

| QMMM: *** Parameter sets in use ***
| QMMM: C : M.J.S.DEWAR et al. JACS, 107, 3902, (1985)
| QMMM: O : M.J.S.DEWAR et al. JACS, 107, 3902, (1985)
| QMMM: P : M.J.S.DEWAR et al. THEOCHEM, 187,1, (1989)
| QMMM: H : M.J.S.DEWAR et al. JACS, 107, 3902, (1985)

| QMMM: *** SCF convergence criteria ***
| QMMM: Energy change                :  0.1D-09 kcal/mol
| QMMM: Error matrix |FP-PF|         :  0.1D+00 au
| QMMM: Density matrix change        :  0.5D-06
| QMMM: Maximum number of SCF cycles :     1000

| QMMM: *** Diagonalization Routine Information ***
| QMMM: Pseudo diagonalizations are allowed.
| QMMM: Auto diagonalization routine selection is in use.
| QMMM:
| QMMM: Timing diagonalization routines:
| QMMM:                              norbs =       84
| QMMM:    diag iterations used for timing =       15
| QMMM:
| QMMM:              Internal diag routine = 0.032223 seconds
| QMMM:                 Dspev diag routine = 0.041836 seconds
| QMMM:                Dspevd diag routine = 0.018069 seconds
| QMMM:                Dspevx diag routine = 0.069789 seconds
| QMMM:                 Dsyev diag routine = 0.030688 seconds
| QMMM:                Dsyevd diag routine = 0.362690 seconds
| QMMM:                Dsyevr diag routine = 0.218412 seconds
| QMMM:
| QMMM:                Pseudo diag routine = 0.009141 seconds
| QMMM:
| QMMM: Using dspevd routine (diag_routine=3).

  QMMM: QM Region Cartesian Coordinates (*=link atom) 
  QMMM: QM_NO.   MM_NO.  ATOM         X         Y         Z
  QMMM:     1        1      C      -38.7730    4.9990    8.8200
  QMMM:     2        2      C      -37.7120    4.1350    8.8570
  QMMM:     3        3      C      -36.4380    4.5390    8.4880
  QMMM:     4        4      C      -34.1860    4.0600    8.2560
  QMMM:     5        5      C      -33.8970    5.3940    7.8130
  QMMM:     6        6      C      -34.8980    6.2840    7.6850
  QMMM:     7        7      C      -34.5850    7.6940    7.2290
  QMMM:     8        8      C      -36.2420    5.8520    8.0660
  QMMM:     9        9      C      -37.3290    6.7230    8.0350
  QMMM:    10       10      C      -38.5780    6.3090    8.4020
  QMMM:    11       11      O      -35.4320    3.6250    8.5630
  QMMM:    12       12      O      -34.0240    9.2190    5.0200
  QMMM:    13       13      O      -34.0350    6.6830    4.7360
  QMMM:    14       14      O      -36.2300    7.9480    5.0480
  QMMM:    15       15      P      -34.6530    7.8960    5.3960
  QMMM:    16       16      C      -40.1370    4.4850    9.2450
  QMMM:    17       17      O      -33.2170    3.3120    8.3370
  QMMM:    18       18      C      -39.7110    7.3200    8.3410
  QMMM:    19       19      H      -37.8590    3.1920    9.1560
  QMMM:    20       20      H      -32.9570    5.6600    7.6010
  QMMM:    21       21      H      -33.6670    7.9350    7.5430
  QMMM:    22       22      H      -35.2830    8.2950    7.6190
  QMMM:    23       23      H      -37.1910    7.6690    7.7400
  QMMM:    24       24      H      -36.6910    8.6760    5.5680
  QMMM:    25       25      H      -40.8040    5.2260    9.1650
  QMMM:    26       26      H      -40.4090    3.7220    8.6570
  QMMM:    27       27      H      -40.0970    4.1670   10.1920
  QMMM:    28       28      H      -39.3490    8.1950    8.0200
  QMMM:    29       29      H      -40.4180    6.9970    7.7110
  QMMM:    30       30      H      -40.1110    7.4320    9.2500

--------------------------------------------------------------------------------
  RESULTS
--------------------------------------------------------------------------------

      iter         sqm energy              rms gradient
      ----    -------------------    -----------------------
xmin    10     -286.5160 kcal/mol        0.6015 kcal/(mol*A)
xmin    20     -286.9152 kcal/mol        0.7153 kcal/(mol*A)
xmin    30     -287.2504 kcal/mol        0.6508 kcal/(mol*A)
xmin    40     -287.6874 kcal/mol        0.8097 kcal/(mol*A)
xmin    50     -287.7736 kcal/mol        0.0901 kcal/(mol*A)
xmin    60     -287.7773 kcal/mol        0.0161 kcal/(mol*A)
xmin    70     -287.7779 kcal/mol        0.0206 kcal/(mol*A)
xmin    80     -287.7780 kcal/mol        0.0081 kcal/(mol*A)
xmin    90     -287.7780 kcal/mol        0.0025 kcal/(mol*A)
xmin   100     -287.7780 kcal/mol        0.0015 kcal/(mol*A)
xmin   110     -287.7780 kcal/mol        0.0005 kcal/(mol*A)
  ... geometry converged !
 
 Final MO eigenvalues (eV):
 -39.0746  -36.9838  -34.7527  -33.9569  -32.0403  -30.4077  -30.2808  -28.9924
 -28.9236  -26.4841  -25.9540  -24.5473  -21.0022  -20.7560  -19.8898  -16.6608
 -15.9379  -15.3171  -14.7335  -14.1526  -13.4989  -13.2437  -12.9964  -12.9033
 -12.3263  -12.1854  -11.7482  -11.5168  -11.3356  -11.1674  -11.1016  -10.9843
 -10.7388  -10.5434  -10.0742   -9.6495   -9.5789   -9.4694   -9.0758   -8.3811
  -8.3455   -7.9689   -6.9382   -6.6624   -6.4627   -6.2780   -6.2270   -6.1396
   2.0481    2.6953    3.3502    4.5672    4.6174    5.3781    5.8385    5.9160
   5.9916    6.1798    6.1971    6.2703    6.3111    6.5108    6.5789    6.6405
   6.7016    6.8306    6.8495    6.9448    7.0383    7.3194    7.4336    7.5019
   7.5417    7.6329    7.8856    8.0443    8.1226    8.2253    8.7995    9.0168
   9.5456   10.2584   11.1622   12.5654

 Heat of formation   =       -287.77801615 kcal/mol  (      -12.47899120 eV)

 Total SCF energy    =     -79241.89237499 kcal/mol  (    -3436.18630480 eV)
 Electronic energy   =    -467066.51685048 kcal/mol  (   -20253.52399508 eV)
 Core-core repulsion =     387824.62447549 kcal/mol  (    16817.33769028 eV)
 
    Atomic Charges for Step       1 :
  Atom    Element       Mulliken Charge
     1      C                 -0.041
     2      C                 -0.166
     3      C                  0.102
     4      C                  0.353
     5      C                 -0.287
     6      C                  0.143
     7      C                 -0.788
     8      C                 -0.115
     9      C                 -0.053
    10      C                 -0.115
    11      O                 -0.207
    12      O                 -1.186
    13      O                 -1.146
    14      O                 -0.837
    15      P                  2.607
    16      C                 -0.174
    17      O                 -0.343
    18      C                 -0.168
    19      H                  0.142
    20      H                  0.164
    21      H                  0.127
    22      H                  0.123
    23      H                  0.176
    24      H                  0.225
    25      H                  0.077
    26      H                  0.083
    27      H                  0.075
    28      H                  0.090
    29      H                  0.074
    30      H                  0.066
 Total Mulliken Charge =      -1.000
 
                  X        Y        Z     TOTAL  
  QM DIPOLE   163.901  -30.940  -26.334  168.862
 
 Final Structure

  QMMM: QM Region Cartesian Coordinates (*=link atom) 
  QMMM: QM_NO.   MM_NO.  ATOM         X         Y         Z
  QMMM:     1        1      C      -38.7548    4.9631    8.8801
  QMMM:     2        2      C      -37.6514    4.1283    9.0185
  QMMM:     3        3      C      -36.3860    4.5759    8.5990
  QMMM:     4        4      C      -34.0769    4.0435    8.3683
  QMMM:     5        5      C      -33.8505    5.3613    7.8257
  QMMM:     6        6      C      -34.8564    6.2645    7.6508
  QMMM:     7        7      C      -34.5802    7.6152    7.1646
  QMMM:     8        8      C      -36.2012    5.8613    8.0494
  QMMM:     9        9      C      -37.3351    6.6781    7.9084
  QMMM:    10       10      C      -38.5953    6.2464    8.3170
  QMMM:    11       11      O      -35.3609    3.6713    8.7743
  QMMM:    12       12      O      -33.9053    9.0505    5.1127
  QMMM:    13       13      O      -34.7946    6.6240    4.6991
  QMMM:    14       14      O      -36.2540    8.5774    5.4654
  QMMM:    15       15      P      -34.7547    7.8870    5.4567
  QMMM:    16       16      C      -40.0941    4.4992    9.3115
  QMMM:    17       17      O      -33.2786    3.1272    8.5876
  QMMM:    18       18      C      -39.7704    7.1332    8.1484
  QMMM:    19       19      H      -37.7473    3.1190    9.4424
  QMMM:    20       20      H      -32.8123    5.5832    7.5387
  QMMM:    21       21      H      -33.5239    7.8995    7.4115
  QMMM:    22       22      H      -35.2387    8.3557    7.6851
  QMMM:    23       23      H      -37.2403    7.6752    7.4408
  QMMM:    24       24      H      -36.2312    9.4626    5.1212
  QMMM:    25       25      H      -40.5390    5.2231   10.0397
  QMMM:    26       26      H      -40.7787    4.4312    8.4284
  QMMM:    27       27      H      -40.0413    3.4941    9.7966
  QMMM:    28       28      H      -39.4919    8.0785    7.6210
  QMMM:    29       29      H      -40.5631    6.6170    7.5504
  QMMM:    30       30      H      -40.2048    7.3967    9.1457

           --------- Calculation Completed ----------

