            --------------------------------------------------------
                             AMBER SQM VERSION 19
 
                                     By
              Ross C. Walker, Michael F. Crowley, Scott Brozell,
                         Tim Giese, Andreas W. Goetz,
                        Tai-Sung Lee and David A. Case
 
            --------------------------------------------------------
 

--------------------------------------------------------------------------------
  QM CALCULATION INFO
--------------------------------------------------------------------------------

| QMMM: Citation for AMBER QMMM Run:
| QMMM: R.C. Walker, M.F. Crowley and D.A. Case, J. COMP. CHEM. 29:1019, 2008

QMMM: SINGLET STATE CALCULATION
QMMM: RHF CALCULATION, NO. OF DOUBLY OCCUPIED LEVELS = 45

| QMMM: *** Selected Hamiltonian *** 
| QMMM: AM1         

| QMMM: *** Parameter sets in use ***
| QMMM: C : M.J.S.DEWAR et al. JACS, 107, 3902, (1985)
| QMMM: O : M.J.S.DEWAR et al. JACS, 107, 3902, (1985)
| QMMM: P : M.J.S.DEWAR et al. THEOCHEM, 187,1, (1989)
| QMMM: H : M.J.S.DEWAR et al. JACS, 107, 3902, (1985)

| QMMM: *** SCF convergence criteria ***
| QMMM: Energy change                :  0.1D-09 kcal/mol
| QMMM: Error matrix |FP-PF|         :  0.1D+00 au
| QMMM: Density matrix change        :  0.5D-06
| QMMM: Maximum number of SCF cycles :     1000

| QMMM: *** Diagonalization Routine Information ***
| QMMM: Pseudo diagonalizations are allowed.
| QMMM: Auto diagonalization routine selection is in use.
| QMMM:
| QMMM: Timing diagonalization routines:
| QMMM:                              norbs =       78
| QMMM:    diag iterations used for timing =       15
| QMMM:
| QMMM:              Internal diag routine = 0.027282 seconds
| QMMM:                 Dspev diag routine = 0.033829 seconds
| QMMM:                Dspevd diag routine = 0.023553 seconds
| QMMM:                Dspevx diag routine = 0.062194 seconds
| QMMM:                 Dsyev diag routine = 0.027652 seconds
| QMMM:                Dsyevd diag routine = 0.274978 seconds
| QMMM:                Dsyevr diag routine = 0.120286 seconds
| QMMM:
| QMMM:                Pseudo diag routine = 0.012304 seconds
| QMMM:
| QMMM: Using dspevd routine (diag_routine=3).

  QMMM: QM Region Cartesian Coordinates (*=link atom) 
  QMMM: QM_NO.   MM_NO.  ATOM         X         Y         Z
  QMMM:     1        1      C      -38.7010    5.1110    9.0670
  QMMM:     2        2      C      -37.7660    4.1200    8.9320
  QMMM:     3        3      C      -36.4980    4.3920    8.4390
  QMMM:     4        4      C      -34.3680    3.6570    7.9080
  QMMM:     5        5      C      -33.9590    4.9740    7.5130
  QMMM:     6        6      C      -34.8410    5.9890    7.5610
  QMMM:     7        7      C      -34.3890    7.3780    7.1610
  QMMM:     8        8      C      -36.1800    5.6990    8.0730
  QMMM:     9        9      C      -37.1390    6.7000    8.2190
  QMMM:    10       10      C      -38.3810    6.4100    8.7080
  QMMM:    11       11      O      -35.6180    3.3580    8.3390
  QMMM:    12       12      O      -34.0280    9.0860    5.0440
  QMMM:    13       13      O      -33.8380    6.5830    4.5910
  QMMM:    14       14      O      -36.1190    7.6270    5.0500
  QMMM:    15       15      P      -34.5330    7.6930    5.3490
  QMMM:    16       16      C      -40.0780    4.7940    9.6150
  QMMM:    17       17      O      -33.5020    2.7920    7.8260
  QMMM:    18       18      H      -38.0010    3.1830    9.1940
  QMMM:    19       19      H      -33.0220    5.1370    7.2030
  QMMM:    20       20      H      -33.4330    7.4930    7.4320
  QMMM:    21       21      H      -34.9890    8.0310    7.6240
  QMMM:    22       22      H      -36.9160    7.6410    7.9640
  QMMM:    23       23      H      -39.0610    7.1360    8.8070
  QMMM:    24       24      H      -36.6080    8.3660    5.5270
  QMMM:    25       25      H      -40.6170    5.6350    9.6470
  QMMM:    26       26      H      -40.5310    4.1260    9.0240
  QMMM:    27       27      H      -39.9940    4.4110   10.5340

--------------------------------------------------------------------------------
  RESULTS
--------------------------------------------------------------------------------

      iter         sqm energy              rms gradient
      ----    -------------------    -----------------------
xmin    10     -280.2499 kcal/mol        0.5306 kcal/(mol*A)
xmin    20     -280.5082 kcal/mol        1.2999 kcal/(mol*A)
xmin    30     -280.8788 kcal/mol        0.7404 kcal/(mol*A)
xmin    40     -281.0333 kcal/mol        0.0519 kcal/(mol*A)
xmin    50     -281.0482 kcal/mol        0.1595 kcal/(mol*A)
xmin    60     -281.0614 kcal/mol        0.1044 kcal/(mol*A)
xmin    70     -281.0764 kcal/mol        0.0282 kcal/(mol*A)
xmin    80     -281.0848 kcal/mol        0.0572 kcal/(mol*A)
xmin    90     -281.0872 kcal/mol        0.0159 kcal/(mol*A)
xmin   100     -281.0902 kcal/mol        0.0243 kcal/(mol*A)
xmin   110     -281.0891 kcal/mol        0.0745 kcal/(mol*A)
xmin   120     -281.0901 kcal/mol        0.0064 kcal/(mol*A)
xmin   130     -281.0902 kcal/mol        0.0083 kcal/(mol*A)
xmin   140     -281.0903 kcal/mol        0.0078 kcal/(mol*A)
xmin   150     -281.0905 kcal/mol        0.0246 kcal/(mol*A)
xmin   160     -281.0905 kcal/mol        0.0025 kcal/(mol*A)
xmin   170     -281.0906 kcal/mol        0.0036 kcal/(mol*A)
xmin   180     -281.0906 kcal/mol        0.0035 kcal/(mol*A)
xmin   190     -281.0906 kcal/mol        0.0049 kcal/(mol*A)
xmin   200     -281.0906 kcal/mol        0.0020 kcal/(mol*A)
xmin   210     -281.0864 kcal/mol        0.0271 kcal/(mol*A)
xmin   220     -281.0895 kcal/mol        0.0193 kcal/(mol*A)
xmin   230     -281.0900 kcal/mol        0.0077 kcal/(mol*A)
xmin   240     -281.0902 kcal/mol        0.0135 kcal/(mol*A)
xmin   250     -281.0905 kcal/mol        0.0030 kcal/(mol*A)
xmin   260     -281.0905 kcal/mol        0.0074 kcal/(mol*A)
xmin   270     -281.0905 kcal/mol        0.0051 kcal/(mol*A)
xmin   280     -281.0906 kcal/mol        0.0039 kcal/(mol*A)
xmin   290     -281.0906 kcal/mol        0.0009 kcal/(mol*A)
xmin   300     -281.0906 kcal/mol        0.0006 kcal/(mol*A)
  ... geometry converged !
 
 Final MO eigenvalues (eV):
 -39.0466  -36.7251  -34.5755  -33.9280  -32.0385  -30.2848  -28.9970  -28.9269
 -28.4900  -26.4177  -25.3698  -21.6582  -20.9220  -19.9195  -16.8825  -16.2588
 -15.2039  -14.7262  -14.1471  -13.4496  -13.1981  -13.1033  -12.5527  -12.3230
 -12.1564  -11.7372  -11.3678  -11.1368  -11.0374  -10.9756  -10.6770  -10.1203
  -9.7926   -9.6677   -9.4750   -9.0962   -8.4076   -8.3571   -7.9860   -7.0590
  -6.6787   -6.5248   -6.2812   -6.2303   -6.1456    2.0307    2.7430    3.3333
   4.5889    4.6110    5.3910    5.8241    5.9164    6.0635    6.1674    6.2188
   6.3227    6.4312    6.5352    6.6761    6.8307    6.8909    6.9510    7.2923
   7.4074    7.4708    7.5188    7.6345    7.8442    8.0322    8.1087    8.2112
   8.7862    9.0154    9.5350   10.2555   11.1613   12.5631

 Heat of formation   =       -281.09058624 kcal/mol  (      -12.18900248 eV)

 Total SCF energy    =     -75648.35191355 kcal/mol  (    -3280.35869709 eV)
 Electronic energy   =    -423059.09073470 kcal/mol  (   -18345.21879948 eV)
 Core-core repulsion =     347410.73882115 kcal/mol  (    15064.86010239 eV)
 
    Atomic Charges for Step       1 :
  Atom    Element       Mulliken Charge
     1      C                 -0.043
     2      C                 -0.168
     3      C                  0.106
     4      C                  0.353
     5      C                 -0.287
     6      C                  0.143
     7      C                 -0.788
     8      C                 -0.118
     9      C                 -0.053
    10      C                 -0.176
    11      O                 -0.208
    12      O                 -1.186
    13      O                 -1.146
    14      O                 -0.836
    15      P                  2.607
    16      C                 -0.175
    17      O                 -0.343
    18      H                  0.143
    19      H                  0.164
    20      H                  0.127
    21      H                  0.123
    22      H                  0.175
    23      H                  0.127
    24      H                  0.225
    25      H                  0.076
    26      H                  0.083
    27      H                  0.075
 Total Mulliken Charge =      -1.000
 
                  X        Y        Z     TOTAL  
  QM DIPOLE   164.574  -29.737  -25.442  169.163
 
 Final Structure

  QMMM: QM Region Cartesian Coordinates (*=link atom) 
  QMMM: QM_NO.   MM_NO.  ATOM         X         Y         Z
  QMMM:     1        1      C      -38.6899    4.9958    9.0532
  QMMM:     2        2      C      -37.6643    4.0572    9.0701
  QMMM:     3        3      C      -36.4021    4.4075    8.5546
  QMMM:     4        4      C      -34.1795    3.6761    8.1102
  QMMM:     5        5      C      -33.8769    4.9861    7.5866
  QMMM:     6        6      C      -34.8050    5.9827    7.5251
  QMMM:     7        7      C      -34.4465    7.3182    7.0511
  QMMM:     8        8      C      -36.1426    5.6905    8.0292
  QMMM:     9        9      C      -37.2039    6.6137    8.0146
  QMMM:    10       10      C      -38.4498    6.2735    8.5207
  QMMM:    11       11      O      -35.4552    3.4080    8.6137
  QMMM:    12       12      O      -33.8285    8.7629    4.9877
  QMMM:    13       13      O      -34.9448    6.4295    4.5879
  QMMM:    14       14      O      -36.1711    8.4663    5.5269
  QMMM:    15       15      P      -34.7395    7.6601    5.3718
  QMMM:    16       16      C      -40.0339    4.6556    9.5746
  QMMM:    17       17      O      -33.4555    2.6837    8.2353
  QMMM:    18       18      H      -37.8173    3.0451    9.4691
  QMMM:    19       19      H      -32.8507    5.1224    7.2155
  QMMM:    20       20      H      -33.3514    7.4977    7.2117
  QMMM:    21       21      H      -34.9872    8.0979    7.6449
  QMMM:    22       22      H      -37.0608    7.6162    7.5733
  QMMM:    23       23      H      -39.2674    7.0084    8.4947
  QMMM:    24       24      H      -36.1049    9.3582    5.2062
  QMMM:    25       25      H      -40.4012    5.4574   10.2621
  QMMM:    26       26      H      -40.7591    4.5635    8.7271
  QMMM:    27       27      H      -40.0210    3.6880   10.1332

           --------- Calculation Completed ----------

