-I: Adding /home/jguven/Software/miniconda3/dat/leap/prep to search path.
-I: Adding /home/jguven/Software/miniconda3/dat/leap/lib to search path.
-I: Adding /home/jguven/Software/miniconda3/dat/leap/parm to search path.
-I: Adding /home/jguven/Software/miniconda3/dat/leap/cmd to search path.
-s: Ignoring all leaprc startup files.
-f: Source vim2_tleap.in.

Welcome to LEaP!
Sourcing: ./vim2_tleap.in
----- Source: /home/jguven/Software/miniconda3/dat/leap/cmd/oldff/leaprc.ff14SB
----- Source of /home/jguven/Software/miniconda3/dat/leap/cmd/oldff/leaprc.ff14SB done
Log file: ./leap.log
Loading parameters: /home/jguven/Software/miniconda3/dat/leap/parm/parm10.dat
Reading title:
PARM99 + frcmod.ff99SB + frcmod.parmbsc0 + OL3 for RNA
Loading parameters: /home/jguven/Software/miniconda3/dat/leap/parm/frcmod.ff14SB
Reading force field modification type file (frcmod)
Reading title:
ff14SB protein backbone and sidechain parameters
Loading library: /home/jguven/Software/miniconda3/dat/leap/lib/amino12.lib
Loading library: /home/jguven/Software/miniconda3/dat/leap/lib/aminoct12.lib
Loading library: /home/jguven/Software/miniconda3/dat/leap/lib/aminont12.lib
Loading library: /home/jguven/Software/miniconda3/dat/leap/lib/nucleic12.lib
Loading library: /home/jguven/Software/miniconda3/dat/leap/lib/atomic_ions.lib
Loading library: /home/jguven/Software/miniconda3/dat/leap/lib/solvents.lib
----- Source: /home/jguven/Software/miniconda3/dat/leap/cmd/leaprc.water.tip3p
----- Source of /home/jguven/Software/miniconda3/dat/leap/cmd/leaprc.water.tip3p done
Loading library: /home/jguven/Software/miniconda3/dat/leap/lib/atomic_ions.lib
Loading library: /home/jguven/Software/miniconda3/dat/leap/lib/solvents.lib
Loading parameters: /home/jguven/Software/miniconda3/dat/leap/parm/frcmod.tip3p
Reading force field modification type file (frcmod)
Reading title:
This is the additional/replacement parameter set for TIP3P water
Loading parameters: /home/jguven/Software/miniconda3/dat/leap/parm/frcmod.ions1lm_126_tip3p
Reading force field modification type file (frcmod)
Reading title:
Li/Merz ion parameters of monovalent ions for TIP3P water model (12-6 normal usage set)
Loading parameters: /home/jguven/Software/miniconda3/dat/leap/parm/frcmod.ionsjc_tip3p
Reading force field modification type file (frcmod)
Reading title:
Monovalent ion parameters for Ewald and TIP3P water from Joung & Cheatham JPCB (2008)
Loading parameters: /home/jguven/Software/miniconda3/dat/leap/parm/frcmod.ions234lm_126_tip3p
Reading force field modification type file (frcmod)
Reading title:
Li/Merz ion parameters of divalent to tetravalent ions for TIP3P water model (12-6 normal usage set)
Loading Mol2 file: ./HD1.mol2
Reading MOLECULE named HD1
Loading Mol2 file: ./HE1.mol2
Reading MOLECULE named HE1
Loading Mol2 file: ./AP1.mol2
Reading MOLECULE named AP1
Loading Mol2 file: ./HD2.mol2
Reading MOLECULE named HD2
Loading Mol2 file: ./CS1.mol2
Reading MOLECULE named CS1
Loading Mol2 file: ./HD3.mol2
Reading MOLECULE named HD3
Loading Mol2 file: ./ZN1.mol2
Reading MOLECULE named ZN1
Loading Mol2 file: ./ZN2.mol2
Reading MOLECULE named ZN2
Loading parameters: /home/jguven/Software/miniconda3/dat/leap/parm/frcmod.ions1lm_126_tip3p
Reading force field modification type file (frcmod)
Reading title:
Li/Merz ion parameters of monovalent ions for TIP3P water model (12-6 normal usage set)
Loading parameters: ./vim2_mcpbpy.frcmod
Reading force field modification type file (frcmod)
Reading title:
REMARK GOES HERE, THIS FILE IS GENERATED BY MCPB.PY
Loading PDB file: ./vim2_mcpbpy.pdb

/home/jguven/Software/miniconda3/bin/teLeap: Warning!
One sided connection. Residue (HD1) missing connect0 atom.

/home/jguven/Software/miniconda3/bin/teLeap: Warning!
One sided connection. Residue (default_name) missing connect1 atom.

/home/jguven/Software/miniconda3/bin/teLeap: Warning!
One sided connection. Residue (HE1) missing connect0 atom.

/home/jguven/Software/miniconda3/bin/teLeap: Warning!
One sided connection. Residue (default_name) missing connect1 atom.

/home/jguven/Software/miniconda3/bin/teLeap: Warning!
One sided connection. Residue (AP1) missing connect0 atom.

/home/jguven/Software/miniconda3/bin/teLeap: Warning!
One sided connection. Residue (default_name) missing connect1 atom.

/home/jguven/Software/miniconda3/bin/teLeap: Warning!
One sided connection. Residue (HD2) missing connect0 atom.

/home/jguven/Software/miniconda3/bin/teLeap: Warning!
One sided connection. Residue (default_name) missing connect1 atom.

/home/jguven/Software/miniconda3/bin/teLeap: Warning!
One sided connection. Residue (CS1) missing connect0 atom.

/home/jguven/Software/miniconda3/bin/teLeap: Warning!
One sided connection. Residue (default_name) missing connect1 atom.

/home/jguven/Software/miniconda3/bin/teLeap: Warning!
One sided connection. Residue (HD3) missing connect0 atom.

/home/jguven/Software/miniconda3/bin/teLeap: Warning!
One sided connection. Residue (default_name) missing connect1 atom.
  total atoms in file: 3497

/home/jguven/Software/miniconda3/bin/teLeap: Fatal Error!
bond: Argument #2 is type String must be of type: [atom]
usage:  bond <atom1> <atom2> [order]

Exiting LEaP: Errors = 1; Warnings = 12; Notes = 0.
