
          -------------------------------------------------------
          Amber 22 PMEMD                              2022
          -------------------------------------------------------

| PMEMD implementation of SANDER, Release 22

|  Compiled date/time: Thu Apr 14 19:06:37 2022
| Run on 01/18/2023 at 15:23:36

|   Executable path: pmemd.cuda
| Working directory: /home/jguven/projects/metalloenzymes/amb_md_vim2/min
|          Hostname: Unknown
  [-O]verwriting output

File Assignments:
|   MDIN: min.in                                                                
|  MDOUT: min.out                                                               
| INPCRD: vim2_solv.inpcrd                                                      
|   PARM: vim2_solv.prmtop                                                      
| RESTRT: min.rst7                                                              
|   REFC: vim2_solv.inpcrd                                                      
|  MDVEL: mdvel                                                                 
|   MDEN: mden                                                                  
|  MDCRD: mdcrd.min                                                             
| MDINFO: min.info                                                              
|  MDFRC: mdfrc                                                                 


 Here is the input file:

minimisation of solvent                                                        
 &cntrl                                                                        
  imin = 1,		                                                                  
  maxcyc = 1000,	                                                              
  ncyc = 20,		                                                                 
  ntx = 1, 		                                                                  
  ntwe = 0, 		                                                                 
  ntwr = 500,		                                                                
  ntpr = 50, 		                                                                
  ntc = 2, 		                                                                  
  ntf = 2, 		                                                                  
  ntb = 1, 		                                                                  
  ntp = 0, 		                                                                  
  cut = 10.0		                                                                 
  ntr = 1		                                                                    
  restraintmask = ':1-233'                                                     
  restraint_wt = 100	                                                          
  ioutfm = 1		                                                                 
  ntxo = 2		                                                                   
/                                                                              


Note: ig = -1. Setting random seed to   547780 based on wallclock time in 
      microseconds.
| irandom = 1, using AMBER's internal random number generator (default).
 
|--------------------- INFORMATION ----------------------
| GPU (CUDA) Version of PMEMD in use: NVIDIA GPU IN USE.
|                    Version 18.0.0
| 
|                      03/25/2018
| 
| Implementation by:
|                    Ross C. Walker     (SDSC)
|                    Scott Le Grand     (nVIDIA)
| 
| Version 18 performance extensions by:
|                    David Cerutti     (Rutgers)
| 
| Precision model in use:
|      [SPFP] - Single Precision Forces, 64-bit Fixed Point
|               Accumulation. (Default)
| 
|--------------------------------------------------------
 
|----------------- CITATION INFORMATION -----------------
|
|    When publishing work that utilized the CUDA version
|    of AMBER, please cite the following in addition to
|    the regular AMBER citations:
|
|  - Romelia Salomon-Ferrer; Andreas W. Goetz; Duncan
|    Poole; Scott Le Grand; Ross C. Walker "Routine
|    microsecond molecular dynamics simulations with
|    AMBER - Part II: Particle Mesh Ewald", J. Chem.
|    Theory Comput., 2013, 9 (9), pp3878-3888,
|    DOI: 10.1021/ct400314y.
|
|  - Andreas W. Goetz; Mark J. Williamson; Dong Xu;
|    Duncan Poole; Scott Le Grand; Ross C. Walker
|    "Routine microsecond molecular dynamics simulations
|    with AMBER - Part I: Generalized Born", J. Chem.
|    Theory Comput., 2012, 8 (5), pp1542-1555.
|
|  - Scott Le Grand; Andreas W. Goetz; Ross C. Walker
|    "SPFP: Speed without compromise - a mixed precision
|    model for GPU accelerated molecular dynamics
|    simulations.", Comp. Phys. Comm., 2013, 184
|    pp374-380, DOI: 10.1016/j.cpc.2012.09.022
|
|--------------------------------------------------------
 
|------------------- GPU DEVICE INFO --------------------
|
|            CUDA_VISIBLE_DEVICES: 0
|   CUDA Capable Devices Detected:      1
|           CUDA Device ID in use:      0
|                CUDA Device Name: NVIDIA GeForce RTX 3080
|     CUDA Device Global Mem Size:  10018 MB
| CUDA Device Num Multiprocessors:     68
|           CUDA Device Core Freq:   1.71 GHz
|
|--------------------------------------------------------
 
 
| Conditional Compilation Defines Used:
| PUBFFT
| BINTRAJ
| CUDA
| EMIL

| Largest sphere to fit in unit cell has radius =    33.348

| New format PARM file being parsed.
| Version =    1.000 Date = 11/04/22 Time = 14:46:21

| Note: 1-4 EEL scale factors are being read from the topology file.

| Note: 1-4 VDW scale factors are being read from the topology file.
| Duplicated    0 dihedrals

| Duplicated    0 dihedrals

--------------------------------------------------------------------------------
   1.  RESOURCE   USE: 
--------------------------------------------------------------------------------

 getting new box info from bottom of inpcrd
 NATOM  =   25627 NTYPES =      27 NBONH =   23864 MBONA  =    1801
 NTHETH =    3827 MTHETA =    2482 NPHIH =    7861 MPHIA  =    7830
 NHPARM =       0 NPARM  =       0 NNB   =   48654 NRES   =    7635
 NBONA  =    1801 NTHETA =    2482 NPHIA =    7830 NUMBND =     101
 NUMANG =     226 NPTRA  =     197 NATYP =      57 NPHB   =       0
 IFBOX  =       1 NMXRS  =      24 IFCAP =       0 NEXTRA =       0
 NCOPY  =       0

| Coordinate Index Table dimensions:    12   12   12
| Direct force subcell size =     5.8753    5.5580    5.7415

     BOX TYPE: RECTILINEAR

--------------------------------------------------------------------------------
   2.  CONTROL  DATA  FOR  THE  RUN
--------------------------------------------------------------------------------

default_name                                                                    

General flags:
     imin    =       1, nmropt  =       0

Nature and format of input:
     ntx     =       1, irest   =       0, ntrx    =       1

Nature and format of output:
     ntxo    =       2, ntpr    =      50, ntrx    =       1, ntwr    =     500
     iwrap   =       0, ntwx    =       0, ntwv    =       0, ntwe    =       0
     ioutfm  =       1, ntwprt  =       0, idecomp =       0, rbornstat=      0

Potential function:
     ntf     =       2, ntb     =       1, igb     =       0, nsnb    =      25
     ipol    =       0, gbsa    =       0, iesp    =       0
     dielc   =   1.00000, cut     =  10.00000, intdiel =   1.00000

Frozen or restrained atoms:
     ibelly  =       0, ntr     =       1
     restraint_wt = 100.00000

Energy minimization:
     maxcyc  =    1000, ncyc    =      20, ntmin   =       1
     dx0     =   0.01000, drms    =   0.00010

SHAKE:
     ntc     =       2, jfastw  =       0
     tol     =   0.00001

| Intermolecular bonds treatment:
|     no_intermolecular_bonds =       1

| Energy averages sample interval:
|     ene_avg_sampling =       1

Ewald parameters:
     verbose =       0, ew_type =       0, nbflag  =       1, use_pme =       1
     vdwmeth =       1, eedmeth =       1, netfrc  =       0
     Box X =   70.504   Box Y =   66.696   Box Z =   68.898
     Alpha =   90.000   Beta  =   90.000   Gamma =   90.000
     NFFT1 =   72       NFFT2 =   64       NFFT3 =   72
     Cutoff=   10.000   Tol   =0.100E-04
     Ewald Coefficient =  0.27511
     Interpolation order =    4

    LOADING THE CONSTRAINED ATOMS AS GROUPS


   5.  REFERENCE ATOM COORDINATES

  default_name                                                                    
     Mask :1-233; matches  3441 atoms

--------------------------------------------------------------------------------
   3.  ATOMIC COORDINATES AND VELOCITIES
--------------------------------------------------------------------------------

default_name                                                                    
 begin time read from input coords =     0.000 ps

 
 Number of triangulated 3-point waters found:     7392

     Sum of charges from parm topology file =   0.00000087
     Forcing neutrality...

| Dynamic Memory, Types Used:
| Reals              815166
| Integers          1107933

| Nonbonded Pairs Initial Allocation:     7751526

| GPU memory information (estimate):
| KB of GPU memory in use:    107152
| KB of CPU memory in use:     50452

--------------------------------------------------------------------------------
   4.  RESULTS
--------------------------------------------------------------------------------



   NSTEP       ENERGY          RMS            GMAX         NAME    NUMBER
      1      -6.4473E+04     1.5375E+01     2.3987E+02     H052     3436

 BOND    =      146.3764  ANGLE   =      652.7742  DIHED      =     2540.5555
 VDWAALS =     5561.0862  EEL     =   -86062.7717  HBOND      =        0.0000
 1-4 VDW =      970.2851  1-4 EEL =     9326.2097  RESTRAINT  =     2392.2370
 EAMBER  =   -66865.4848


   NSTEP       ENERGY          RMS            GMAX         NAME    NUMBER
     50      -6.3881E+04     1.8839E+01     5.8817E+02     CD       3129

 BOND    =     1441.8058  ANGLE   =     1606.8135  DIHED      =     2626.7016
 VDWAALS =     2405.6037  EEL     =   -85110.2326  HBOND      =        0.0000
 1-4 VDW =      952.4920  1-4 EEL =     8992.3147  RESTRAINT  =     3203.8448
 EAMBER  =   -67084.5013


   NSTEP       ENERGY          RMS            GMAX         NAME    NUMBER
    100      -6.6221E+04     1.4086E+01     2.2259E+02     C          51

 BOND    =       92.8793  ANGLE   =      577.0079  DIHED      =     2545.1721
 VDWAALS =     2318.2729  EEL     =   -84978.4571  HBOND      =        0.0000
 1-4 VDW =      896.2751  1-4 EEL =     9057.2227  RESTRAINT  =     3270.8908
 EAMBER  =   -69491.6270


   NSTEP       ENERGY          RMS            GMAX         NAME    NUMBER
    150      -6.6355E+04     1.3828E+01     1.5782E+02     HB2        47

 BOND    =       58.6067  ANGLE   =      500.9501  DIHED      =     2531.9453
 VDWAALS =     2244.0679  EEL     =   -84807.2885  HBOND      =        0.0000
 1-4 VDW =      893.7256  1-4 EEL =     9087.3912  RESTRAINT  =     3136.0184
 EAMBER  =   -69490.6018


   NSTEP       ENERGY          RMS            GMAX         NAME    NUMBER
    200      -6.6363E+04     1.3780E+01     1.3874E+02     HB2        47

 BOND    =       53.2972  ANGLE   =      487.6333  DIHED      =     2529.7940
 VDWAALS =     2219.8259  EEL     =   -84741.9958  HBOND      =        0.0000
 1-4 VDW =      893.8280  1-4 EEL =     9094.8476  RESTRAINT  =     3099.6648
 EAMBER  =   -69462.7699


   NSTEP       ENERGY          RMS            GMAX         NAME    NUMBER
    250      -6.6363E+04     1.3780E+01     1.3874E+02     HB2        47

 BOND    =       53.2971  ANGLE   =      487.6331  DIHED      =     2529.7941
 VDWAALS =     2219.8259  EEL     =   -84741.9938  HBOND      =        0.0000
 1-4 VDW =      893.8278  1-4 EEL =     9094.8481  RESTRAINT  =     3099.6717
 EAMBER  =   -69462.7679


   NSTEP       ENERGY          RMS            GMAX         NAME    NUMBER
    300      -6.6363E+04     1.3780E+01     1.3874E+02     HB2        47

 BOND    =       53.2970  ANGLE   =      487.6330  DIHED      =     2529.7941
 VDWAALS =     2219.8260  EEL     =   -84741.9918  HBOND      =        0.0000
 1-4 VDW =      893.8275  1-4 EEL =     9094.8483  RESTRAINT  =     3099.6797
 EAMBER  =   -69462.7658


   NSTEP       ENERGY          RMS            GMAX         NAME    NUMBER
    350      -6.6363E+04     1.3780E+01     1.3874E+02     HB2        47

 BOND    =       53.2969  ANGLE   =      487.6329  DIHED      =     2529.7942
 VDWAALS =     2219.8257  EEL     =   -84741.9910  HBOND      =        0.0000
 1-4 VDW =      893.8269  1-4 EEL =     9094.8488  RESTRAINT  =     3099.7013
 EAMBER  =   -69462.7656


   NSTEP       ENERGY          RMS            GMAX         NAME    NUMBER
    400      -6.6363E+04     1.3780E+01     1.3874E+02     HB2        47

 BOND    =       53.2968  ANGLE   =      487.6328  DIHED      =     2529.7940
 VDWAALS =     2219.8256  EEL     =   -84741.9895  HBOND      =        0.0000
 1-4 VDW =      893.8267  1-4 EEL =     9094.8492  RESTRAINT  =     3099.7132
 EAMBER  =   -69462.7643


   NSTEP       ENERGY          RMS            GMAX         NAME    NUMBER
    450      -6.6363E+04     1.3780E+01     1.3873E+02     HB2        47

 BOND    =       53.2963  ANGLE   =      487.6279  DIHED      =     2529.7932
 VDWAALS =     2219.8155  EEL     =   -84741.9623  HBOND      =        0.0000
 1-4 VDW =      893.8272  1-4 EEL =     9094.8519  RESTRAINT  =     3099.6916
 EAMBER  =   -69462.7504


   NSTEP       ENERGY          RMS            GMAX         NAME    NUMBER
    500      -6.6363E+04     1.3780E+01     1.3873E+02     HB2        47

 BOND    =       53.2962  ANGLE   =      487.6271  DIHED      =     2529.7931
 VDWAALS =     2219.8140  EEL     =   -84741.9589  HBOND      =        0.0000
 1-4 VDW =      893.8273  1-4 EEL =     9094.8526  RESTRAINT  =     3099.6958
 EAMBER  =   -69462.7487

     .... RESTARTED DUE TO LINMIN FAILURE ...


   NSTEP       ENERGY          RMS            GMAX         NAME    NUMBER
    550      -6.6363E+04     1.3780E+01     1.3873E+02     HB2        47

 BOND    =       53.2961  ANGLE   =      487.6269  DIHED      =     2529.7931
 VDWAALS =     2219.8140  EEL     =   -84741.9546  HBOND      =        0.0000
 1-4 VDW =      893.8273  1-4 EEL =     9094.8527  RESTRAINT  =     3099.6976
 EAMBER  =   -69462.7444


   NSTEP       ENERGY          RMS            GMAX         NAME    NUMBER
    600      -6.6363E+04     1.3780E+01     1.3872E+02     HB2        47

 BOND    =       53.2953  ANGLE   =      487.6223  DIHED      =     2529.7923
 VDWAALS =     2219.8034  EEL     =   -84741.9282  HBOND      =        0.0000
 1-4 VDW =      893.8272  1-4 EEL =     9094.8556  RESTRAINT  =     3099.6850
 EAMBER  =   -69462.7321

     .... RESTARTED DUE TO LINMIN FAILURE ...


   NSTEP       ENERGY          RMS            GMAX         NAME    NUMBER
    650      -6.6363E+04     1.3780E+01     1.3872E+02     HB2        47

 BOND    =       53.2953  ANGLE   =      487.6221  DIHED      =     2529.7922
 VDWAALS =     2219.8033  EEL     =   -84741.9256  HBOND      =        0.0000
 1-4 VDW =      893.8270  1-4 EEL =     9094.8559  RESTRAINT  =     3099.6909
 EAMBER  =   -69462.7298


   NSTEP       ENERGY          RMS            GMAX         NAME    NUMBER
    700      -6.6363E+04     1.3780E+01     1.3871E+02     HB2        47

 BOND    =       53.2946  ANGLE   =      487.6164  DIHED      =     2529.7914
 VDWAALS =     2219.7907  EEL     =   -84741.8945  HBOND      =        0.0000
 1-4 VDW =      893.8281  1-4 EEL =     9094.8589  RESTRAINT  =     3099.6486
 EAMBER  =   -69462.7144


   NSTEP       ENERGY          RMS            GMAX         NAME    NUMBER
    750      -6.6363E+04     1.3780E+01     1.3870E+02     HB2        47

 BOND    =       53.2938  ANGLE   =      487.6120  DIHED      =     2529.7908
 VDWAALS =     2219.7819  EEL     =   -84741.8663  HBOND      =        0.0000
 1-4 VDW =      893.8277  1-4 EEL =     9094.8616  RESTRAINT  =     3099.6465
 EAMBER  =   -69462.6985


   NSTEP       ENERGY          RMS            GMAX         NAME    NUMBER
    800      -6.6363E+04     1.3780E+01     1.3870E+02     HB2        47

 BOND    =       53.2935  ANGLE   =      487.6101  DIHED      =     2529.7904
 VDWAALS =     2219.7774  EEL     =   -84741.8576  HBOND      =        0.0000
 1-4 VDW =      893.8277  1-4 EEL =     9094.8624  RESTRAINT  =     3099.6483
 EAMBER  =   -69462.6961


   NSTEP       ENERGY          RMS            GMAX         NAME    NUMBER
    850      -6.6363E+04     1.3780E+01     1.3869E+02     HB2        47

 BOND    =       53.2930  ANGLE   =      487.6059  DIHED      =     2529.7898
 VDWAALS =     2219.7685  EEL     =   -84741.8342  HBOND      =        0.0000
 1-4 VDW =      893.8282  1-4 EEL =     9094.8657  RESTRAINT  =     3099.6249
 EAMBER  =   -69462.6831

     .... RESTARTED DUE TO LINMIN FAILURE ...


   NSTEP       ENERGY          RMS            GMAX         NAME    NUMBER
    900      -6.6363E+04     1.3780E+01     1.3869E+02     HB2        47

 BOND    =       53.2929  ANGLE   =      487.6058  DIHED      =     2529.7897
 VDWAALS =     2219.7688  EEL     =   -84741.8316  HBOND      =        0.0000
 1-4 VDW =      893.8279  1-4 EEL =     9094.8662  RESTRAINT  =     3099.6397
 EAMBER  =   -69462.6803


   NSTEP       ENERGY          RMS            GMAX         NAME    NUMBER
    950      -6.6363E+04     1.3780E+01     1.3868E+02     HB2        47

 BOND    =       53.2919  ANGLE   =      487.5996  DIHED      =     2529.7889
 VDWAALS =     2219.7547  EEL     =   -84741.7949  HBOND      =        0.0000
 1-4 VDW =      893.8284  1-4 EEL =     9094.8688  RESTRAINT  =     3099.6095
 EAMBER  =   -69462.6626


   NSTEP       ENERGY          RMS            GMAX         NAME    NUMBER
   1000      -6.6363E+04     1.3780E+01     1.3868E+02     HB2        47

 BOND    =       53.2913  ANGLE   =      487.5955  DIHED      =     2529.7883
 VDWAALS =     2219.7461  EEL     =   -84741.7715  HBOND      =        0.0000
 1-4 VDW =      893.8281  1-4 EEL =     9094.8719  RESTRAINT  =     3099.6072
 EAMBER  =   -69462.6503


  Maximum number of minimization cycles reached.


                    FINAL RESULTS



   NSTEP       ENERGY          RMS            GMAX         NAME    NUMBER
   1000      -6.6363E+04     1.3780E+01     1.3868E+02     HB2        47

 BOND    =       53.2913  ANGLE   =      487.5955  DIHED      =     2529.7883
 VDWAALS =     2219.7461  EEL     =   -84741.7715  HBOND      =        0.0000
 1-4 VDW =      893.8281  1-4 EEL =     9094.8719  RESTRAINT  =     3099.6072
 EAMBER  =   -69462.6503
--------------------------------------------------------------------------------
   5.  TIMINGS
--------------------------------------------------------------------------------

|  NonSetup CPU Time in Major Routines:
|
|     Routine           Sec        %
|     ------------------------------
|     Nonbond           0.29   16.26
|     Bond              0.00    0.00
|     Angle             0.00    0.00
|     Dihedral          0.00    0.00
|     Shake             0.70   39.47
|     Other             0.78   44.26
|     ------------------------------
|     Total             1.77

|  PME Nonbond Pairlist CPU Time:
|
|     Routine              Sec        %
|     ---------------------------------
|     Set Up Cit           0.00    0.00
|     Build List           0.00    0.00
|     ---------------------------------
|     Total                0.00    0.00

|  PME Direct Force CPU Time:
|
|     Routine              Sec        %
|     ---------------------------------
|     NonBonded Calc       0.00    0.00
|     Exclude Masked       0.00    0.00
|     Other                0.00    0.05
|     ---------------------------------
|     Total                0.00    0.05

|  PME Reciprocal Force CPU Time:
|
|     Routine              Sec        %
|     ---------------------------------
|     1D bspline           0.00    0.00
|     Grid Charges         0.00    0.00
|     Scalar Sum           0.00    0.00
|     Gradient Sum         0.00    0.00
|     FFT                  0.00    0.00
|     ---------------------------------
|     Total                0.00    0.00

|  Setup CPU time:            0.36 seconds
|  NonSetup CPU time:         1.77 seconds
|  Total CPU time:            2.13 seconds     0.00 hours

|  Setup wall time:           0    seconds
|  NonSetup wall time:        2    seconds
|  Total wall time:           2    seconds     0.00 hours
