
                        Y O U      H A V E      B E E N
                               _
                            ==(W{==========-      /===-
                              ||  (.--.)         /===-_---~~~~~~~~~------____
                              | \_,|**|,__      |===-~___                _,-' `
                 -==\\        `\ ' `--'   ),    `//~\\   ~~~~`---.___.-~~
             ______-==|        /`\_. .__/\ \    | |  \\           _-~`
       __--~~~  ,-/-==\\      (   | .  |~~~~|   | |   `\        ,'
    _-~       /'    |  \\     )__/==0==-\<>/   / /      \      /
  .'        /       |   \\      /~\___/~~\/  /' /        \   /'
 /  ____  /         |    \`\.__/-~~   \  |_/'  /          \/'
/-'~    ~~~~~---__  |     ~-/~         ( )   /'        _--~`
                  \_|      /        _) | ;  ),   __--~~
                    '~~--_/      _-~/- |/ \   '-~ \             
                   {\__--_/}    / \\_>-|)<__\      \
                   /'   (_/  _-~  | |__>--<__|      | 
                  |   _/) )-~     | |__>--<__|      |   
                  / /~ ,_/       / /__>---<__/      |  
                 o-o _//        /-~_>---<__-~      / 
                 (^(~          /~_>---<__-      _-~              
                ,/|           /__>--<__/     _-~                 
             ,//('(          |__>--<__|     /                  .----_ 
            ( ( '))          |__>--<__|    |                 /' _---_~\
         `-)) )) (           |__>--<__|    |               /'  /     ~\`\
        ,/,'//( (             \__>--<__\    \            /'  //        ||
      ,( ( ((, ))              ~-__>--<_~-_  ~--____---~' _/'/        /'
    `~/  )` ) ,/|                 ~-_~>--<_/-__       __-~ _/ 
  ._-~//( )/ )) `                    ~~-'_/_/ /~~~~~~~__--~ 
   ;'( ')/ ,)(                              ~~~~~~~~~~ 
  ' ') '( (/
    '   '  `             
                                  P A R M E D

ParmEd: a Parameter file Editor


Loaded Amber topology file vim2_solv.prmtop
['pt1.in']
Reading actions from pt1.in

             Atom 1              Atom 2       R eq   Frc Cnst
   3416   ZN (  M1)    3431  O07 (  Y4)     1.9526    69.1000
   3417   ZN (  M2)    3432  O08 (  Y8)     1.9592    65.4000
   3433  O09 (  oh)    3435  P06 (  p5)     1.6150   346.0000
   3432  O08 (  Y8)    3435  P06 (  p5)     1.4870   529.5000
   3431  O07 (  Y4)    3435  P06 (  p5)     1.4870   529.5000
   3427  C17 (  ca)    3434  O18 (  os)     1.3700   357.5000
   3426  C16 (  ca)    3427  C17 (  ca)     1.3980   378.6000
   3425  C14 (  ca)    3426  C16 (  ca)     1.3980   378.6000
   3425  C14 (  ca)    3429  F15 (   f)     1.3490   353.6000
   3424  C13 (  ca)    3425  C14 (  ca)     1.3980   378.6000
   3423  C11 (  ca)    3424  C13 (  ca)     1.3980   378.6000
   3423  C11 (  ca)    3428  F12 (   f)     1.3490   353.6000
   3422  C10 (  ca)    3423  C11 (  ca)     1.3980   378.6000
   3422  C10 (  ca)    3427  C17 (  ca)     1.3980   378.6000
   3421  C05 (  c3)    3435  P06 (  p5)     1.8390   177.2000
   3420  C04 (  cd)    3421  C05 (  c3)     1.5020   262.6000
   3420  C04 (  cd)    3422  C10 (  ca)     1.4560   308.2000
   3419  C03 (  cc)    3420  C04 (  cd)     1.3730   416.1000
   3418  C02 (   c)    3419  C03 (  cc)     1.4680   295.4000
   3418  C02 (   c)    3430  O01 (   o)     1.2180   652.6000
   3418  C02 (   c)    3434  O18 (  os)     1.3580   372.9000
   3433  O09 (  oh)    3441   H1 (  ho)     0.9730   563.5000
   3426  C16 (  ca)    3440  H16 (  ha)     1.0860   395.7000
   3424  C13 (  ca)    3439  H13 (  ha)     1.0860   395.7000
   3421  C05 (  c3)    3436 H052 (  hc)     1.0970   375.9000
   3421  C05 (  c3)    3437 H053 (  hc)     1.0970   375.9000
   3419  C03 (  cc)    3438  H03 (  ha)     1.0840   400.1000

             Atom 1               Atom 2               Atom 3   Frc Cnst   Theta eq
   1255  NE2 (  Y1)     3416   ZN (  M1)     3431  O07 (  Y4)    28.0200   104.8200
   1288  ND1 (  Y2)     3416   ZN (  M1)     3431  O07 (  Y4)    35.0900   111.9500
   1318  OD2 (  Y5)     3417   ZN (  M2)     3432  O08 (  Y8)    18.4300   108.7000
   2191  NE2 (  Y3)     3416   ZN (  M1)     3431  O07 (  Y4)    23.1900   104.2600
   2458   SG (  Y6)     3417   ZN (  M2)     3432  O08 (  Y8)    21.6900   108.1700
   3097  NE2 (  Y7)     3417   ZN (  M2)     3432  O08 (  Y8)    25.4800   119.5101
   3416   ZN (  M1)     3431  O07 (  Y4)     3435  P06 (  p5)    36.3200   152.6401
   3417   ZN (  M2)     3432  O08 (  Y8)     3435  P06 (  p5)    21.3800   152.1201
   3432  O08 (  Y8)     3435  P06 (  p5)     3433  O09 (  oh)    81.9000   115.2100
   3431  O07 (  Y4)     3435  P06 (  p5)     3432  O08 (  Y8)    85.5000   115.8000
   3431  O07 (  Y4)     3435  P06 (  p5)     3433  O09 (  oh)    81.9000   115.2100
   3430  O01 (   o)     3418  C02 (   c)     3434  O18 (  os)   114.8000   123.2501
   3426  C16 (  ca)     3425  C14 (  ca)     3429  F15 (   f)    89.3000   118.9601
   3426  C16 (  ca)     3427  C17 (  ca)     3434  O18 (  os)    87.3000   119.2001
   3425  C14 (  ca)     3426  C16 (  ca)     3427  C17 (  ca)    68.8000   120.0201
   3424  C13 (  ca)     3423  C11 (  ca)     3428  F12 (   f)    89.3000   118.9601
   3424  C13 (  ca)     3425  C14 (  ca)     3426  C16 (  ca)    68.8000   120.0201
   3424  C13 (  ca)     3425  C14 (  ca)     3429  F15 (   f)    89.3000   118.9601
   3423  C11 (  ca)     3422  C10 (  ca)     3427  C17 (  ca)    68.8000   120.0201
   3423  C11 (  ca)     3424  C13 (  ca)     3425  C14 (  ca)    68.8000   120.0201
   3422  C10 (  ca)     3423  C11 (  ca)     3424  C13 (  ca)    68.8000   120.0201
   3422  C10 (  ca)     3423  C11 (  ca)     3428  F12 (   f)    89.3000   118.9601
   3422  C10 (  ca)     3427  C17 (  ca)     3426  C16 (  ca)    68.8000   120.0201
   3422  C10 (  ca)     3427  C17 (  ca)     3434  O18 (  os)    87.3000   119.2001
   3421  C05 (  c3)     3420  C04 (  cd)     3422  C10 (  ca)    63.3000   126.5201
   3421  C05 (  c3)     3435  P06 (  p5)     3431  O07 (  Y4)    60.5000   112.5000
   3421  C05 (  c3)     3435  P06 (  p5)     3432  O08 (  Y8)    60.5000   112.5000
   3421  C05 (  c3)     3435  P06 (  p5)     3433  O09 (  oh)    61.9000   102.6900
   3420  C04 (  cd)     3421  C05 (  c3)     3435  P06 (  p5)    79.5000   116.2300
   3420  C04 (  cd)     3422  C10 (  ca)     3423  C11 (  ca)    67.1000   120.7901
   3420  C04 (  cd)     3422  C10 (  ca)     3427  C17 (  ca)    67.1000   120.7901
   3419  C03 (  cc)     3418  C02 (   c)     3430  O01 (   o)    86.7000   123.9301
   3419  C03 (  cc)     3418  C02 (   c)     3434  O18 (  os)    87.1000   114.2000
   3419  C03 (  cc)     3420  C04 (  cd)     3421  C05 (  c3)    66.8000   119.4501
   3419  C03 (  cc)     3420  C04 (  cd)     3422  C10 (  ca)    69.8000   113.5100
   3418  C02 (   c)     3419  C03 (  cc)     3420  C04 (  cd)    67.2000   121.3501
   3418  C02 (   c)     3434  O18 (  os)     3427  C17 (  ca)    67.0000   121.1501
   3436 H052 (  hc)     3421  C05 (  c3)     3437 H053 (  hc)    39.0000   107.5800
   3435  P06 (  p5)     3421  C05 (  c3)     3436 H052 (  hc)    54.6000   108.4300
   3435  P06 (  p5)     3421  C05 (  c3)     3437 H053 (  hc)    54.6000   108.4300
   3435  P06 (  p5)     3433  O09 (  oh)     3441   H1 (  ho)    59.0000   110.0800
   3427  C17 (  ca)     3426  C16 (  ca)     3440  H16 (  ha)    48.7000   119.8801
   3425  C14 (  ca)     3424  C13 (  ca)     3439  H13 (  ha)    48.7000   119.8801
   3425  C14 (  ca)     3426  C16 (  ca)     3440  H16 (  ha)    48.7000   119.8801
   3423  C11 (  ca)     3424  C13 (  ca)     3439  H13 (  ha)    48.7000   119.8801
   3420  C04 (  cd)     3419  C03 (  cc)     3438  H03 (  ha)    49.0000   121.7601
   3420  C04 (  cd)     3421  C05 (  c3)     3436 H052 (  hc)    47.7000   110.4900
   3420  C04 (  cd)     3421  C05 (  c3)     3437 H053 (  hc)    47.7000   110.4900
   3418  C02 (   c)     3419  C03 (  cc)     3438  H03 (  ha)    47.4000   116.6400

               Atom 1               Atom 2               Atom 3               Atom 4     Height  Periodic.      Phase  EEL Scale  VDW Scale
     1256  CD2 (  CV)     1255  NE2 (  Y1)     3416   ZN (  M1)     3431  O07 (  Y4)     0.0000     3.0000     0.0000     1.2000     2.0000
     1255  NE2 (  Y1)     3416   ZN (  M1)     3431  O07 (  Y4)     3435  P06 (  p5)     0.0000     3.0000     0.0000     1.2000     2.0000
     1253  CE1 (  CR)     1255  NE2 (  Y1)     3416   ZN (  M1)     3431  O07 (  Y4)     0.0000     3.0000     0.0000     1.2000     2.0000
     1289  CE1 (  CR)     1288  ND1 (  Y2)     3416   ZN (  M1)     3431  O07 (  Y4)     0.0000     3.0000     0.0000     1.2000     2.0000
     1288  ND1 (  Y2)     3416   ZN (  M1)     3431  O07 (  Y4)     3435  P06 (  p5)     0.0000     3.0000     0.0000     1.2000     2.0000
     1287   CG (  CC)     1288  ND1 (  Y2)     3416   ZN (  M1)     3431  O07 (  Y4)     0.0000     3.0000     0.0000     1.2000     2.0000
     1318  OD2 (  Y5)     3417   ZN (  M2)     3432  O08 (  Y8)     3435  P06 (  p5)     0.0000     3.0000     0.0000     1.2000     2.0000
     1316   CG (  CO)     1318  OD2 (  Y5)     3417   ZN (  M2)     3432  O08 (  Y8)     0.0000     3.0000     0.0000     1.2000     2.0000
     2192  CD2 (  CV)     2191  NE2 (  Y3)     3416   ZN (  M1)     3431  O07 (  Y4)     0.0000     3.0000     0.0000     1.2000     2.0000
     2191  NE2 (  Y3)     3416   ZN (  M1)     3431  O07 (  Y4)     3435  P06 (  p5)     0.0000     3.0000     0.0000     1.2000     2.0000
     2189  CE1 (  CR)     2191  NE2 (  Y3)     3416   ZN (  M1)     3431  O07 (  Y4)     0.0000     3.0000     0.0000     1.2000     2.0000
     2458   SG (  Y6)     3417   ZN (  M2)     3432  O08 (  Y8)     3435  P06 (  p5)     0.0000     3.0000     0.0000     1.2000     2.0000
     2455   CB (  2C)     2458   SG (  Y6)     3417   ZN (  M2)     3432  O08 (  Y8)     0.0000     3.0000     0.0000     1.2000     2.0000
     3098  CD2 (  CV)     3097  NE2 (  Y7)     3417   ZN (  M2)     3432  O08 (  Y8)     0.0000     3.0000     0.0000     1.2000     2.0000
     3097  NE2 (  Y7)     3417   ZN (  M2)     3432  O08 (  Y8)     3435  P06 (  p5)     0.0000     3.0000     0.0000     1.2000     2.0000
     3095  CE1 (  CR)     3097  NE2 (  Y7)     3417   ZN (  M2)     3432  O08 (  Y8)     0.0000     3.0000     0.0000     1.2000     2.0000
     3416   ZN (  M1)     3431  O07 (  Y4)     3435  P06 (  p5)     3421  C05 (  c3)     0.0000     3.0000     0.0000     1.2000     2.0000
     3416   ZN (  M1)     3431  O07 (  Y4)     3435  P06 (  p5)     3432  O08 (  Y8)     0.0000     3.0000     0.0000     1.2000     2.0000
     3416   ZN (  M1)     3431  O07 (  Y4)     3435  P06 (  p5)     3433  O09 (  oh)     0.0000     3.0000     0.0000     1.2000     2.0000
     3417   ZN (  M2)     3432  O08 (  Y8)     3435  P06 (  p5)     3421  C05 (  c3)     0.0000     3.0000     0.0000     1.2000     2.0000
     3417   ZN (  M2)     3432  O08 (  Y8)     3435  P06 (  p5)     3431  O07 (  Y4)     0.0000     3.0000     0.0000     1.2000     2.0000
     3417   ZN (  M2)     3432  O08 (  Y8)     3435  P06 (  p5)     3433  O09 (  oh)     0.0000     3.0000     0.0000     1.2000     2.0000
     3427  C17 (  ca)     3422  C10 (  ca)     3423  C11 (  ca)     3428  F12 (   f)     3.6250     2.0000   180.0001     1.2000     2.0000
     3427  C17 (  ca)     3426  C16 (  ca)     3425  C14 (  ca)     3429  F15 (   f)     3.6250     2.0000   180.0001     1.2000     2.0000
     3427  C17 (  ca)     3434  O18 (  os)     3418  C02 (   c)     3430  O01 (   o)     1.2750     2.0000   180.0001     1.2000     2.0000
     3425  C14 (  ca)     3424  C13 (  ca)     3423  C11 (  ca)     3428  F12 (   f)     3.6250     2.0000   180.0001     1.2000     2.0000
     3425  C14 (  ca)     3426  C16 (  ca)     3427  C17 (  ca)     3434  O18 (  os)     3.6250     2.0000   180.0001     1.2000     2.0000
     3424  C13 (  ca)     3423  C11 (  ca)     3422  C10 (  ca)     3427  C17 (  ca)     3.6250     2.0000   180.0001     1.2000     2.0000
M    3424  C13 (  ca)     3425  C14 (  ca)     3426  C16 (  ca)     3427  C17 (  ca)     3.6250     2.0000   180.0001     1.2000     2.0000
     3423  C11 (  ca)     3422  C10 (  ca)     3427  C17 (  ca)     3426  C16 (  ca)     3.6250     2.0000   180.0001     1.2000     2.0000
     3423  C11 (  ca)     3422  C10 (  ca)     3427  C17 (  ca)     3434  O18 (  os)     3.6250     2.0000   180.0001     1.2000     2.0000
M    3423  C11 (  ca)     3424  C13 (  ca)     3425  C14 (  ca)     3426  C16 (  ca)     3.6250     2.0000   180.0001     1.2000     2.0000
     3423  C11 (  ca)     3424  C13 (  ca)     3425  C14 (  ca)     3429  F15 (   f)     3.6250     2.0000   180.0001     1.2000     2.0000
     3422  C10 (  ca)     3420  C04 (  cd)     3421  C05 (  c3)     3435  P06 (  p5)     0.0000     3.0000     0.0000     1.2000     2.0000
     3422  C10 (  ca)     3423  C11 (  ca)     3424  C13 (  ca)     3425  C14 (  ca)     3.6250     2.0000   180.0001     1.2000     2.0000
M    3422  C10 (  ca)     3427  C17 (  ca)     3426  C16 (  ca)     3425  C14 (  ca)     3.6250     2.0000   180.0001     1.2000     2.0000
     3421  C05 (  c3)     3420  C04 (  cd)     3422  C10 (  ca)     3423  C11 (  ca)     0.7000     2.0000   180.0001     1.2000     2.0000
     3421  C05 (  c3)     3420  C04 (  cd)     3422  C10 (  ca)     3427  C17 (  ca)     0.7000     2.0000   180.0001     1.2000     2.0000
     3420  C04 (  cd)     3419  C03 (  cc)     3418  C02 (   c)     3430  O01 (   o)     2.8750     2.0000   180.0001     1.2000     2.0000
     3420  C04 (  cd)     3419  C03 (  cc)     3418  C02 (   c)     3434  O18 (  os)     2.8750     2.0000   180.0001     1.2000     2.0000
     3420  C04 (  cd)     3421  C05 (  c3)     3435  P06 (  p5)     3431  O07 (  Y4)     0.0222     3.0000     0.0000     1.2000     2.0000
     3420  C04 (  cd)     3421  C05 (  c3)     3435  P06 (  p5)     3432  O08 (  Y8)     0.0222     3.0000     0.0000     1.2000     2.0000
     3420  C04 (  cd)     3421  C05 (  c3)     3435  P06 (  p5)     3433  O09 (  oh)     0.0222     3.0000     0.0000     1.2000     2.0000
     3420  C04 (  cd)     3422  C10 (  ca)     3423  C11 (  ca)     3424  C13 (  ca)     3.6250     2.0000   180.0001     1.2000     2.0000
     3420  C04 (  cd)     3422  C10 (  ca)     3423  C11 (  ca)     3428  F12 (   f)     3.6250     2.0000   180.0001     1.2000     2.0000
     3420  C04 (  cd)     3422  C10 (  ca)     3427  C17 (  ca)     3426  C16 (  ca)     3.6250     2.0000   180.0001     1.2000     2.0000
M    3420  C04 (  cd)     3422  C10 (  ca)     3427  C17 (  ca)     3434  O18 (  os)     3.6250     2.0000   180.0001     1.2000     2.0000
     3419  C03 (  cc)     3418  C02 (   c)     3434  O18 (  os)     3427  C17 (  ca)     2.7000     2.0000   180.0001     1.2000     2.0000
     3419  C03 (  cc)     3420  C04 (  cd)     3421  C05 (  c3)     3435  P06 (  p5)     0.0000     3.0000     0.0000     1.2000     2.0000
     3419  C03 (  cc)     3420  C04 (  cd)     3422  C10 (  ca)     3423  C11 (  ca)     0.7000     2.0000   180.0001     1.2000     2.0000
M    3419  C03 (  cc)     3420  C04 (  cd)     3422  C10 (  ca)     3427  C17 (  ca)     0.7000     2.0000   180.0001     1.2000     2.0000
     3418  C02 (   c)     3419  C03 (  cc)     3420  C04 (  cd)     3421  C05 (  c3)     4.0000     2.0000   180.0001     1.2000     2.0000
     3418  C02 (   c)     3419  C03 (  cc)     3420  C04 (  cd)     3422  C10 (  ca)     4.0000     2.0000   180.0001     1.2000     2.0000
M    3418  C02 (   c)     3434  O18 (  os)     3427  C17 (  ca)     3422  C10 (  ca)     0.6500     2.0000   180.0001     1.2000     2.0000
     3418  C02 (   c)     3434  O18 (  os)     3427  C17 (  ca)     3426  C16 (  ca)     0.6500     2.0000   180.0001     1.2000     2.0000
I    3422  C10 (  ca)     3426  C16 (  ca)     3427  C17 (  ca)     3434  O18 (  os)     1.1000     2.0000   180.0001     0.0000     0.0000
I    3424  C13 (  ca)     3426  C16 (  ca)     3425  C14 (  ca)     3429  F15 (   f)     1.1000     2.0000   180.0001     0.0000     0.0000
I    3422  C10 (  ca)     3424  C13 (  ca)     3423  C11 (  ca)     3428  F12 (   f)     1.1000     2.0000   180.0001     0.0000     0.0000
I    3423  C11 (  ca)     3427  C17 (  ca)     3422  C10 (  ca)     3420  C04 (  cd)     1.1000     2.0000   180.0001     0.0000     0.0000
I    3421  C05 (  c3)     3422  C10 (  ca)     3420  C04 (  cd)     3419  C03 (  cc)     1.1000     2.0000   180.0001     0.0000     0.0000
I    3419  C03 (  cc)     3430  O01 (   o)     3418  C02 (   c)     3434  O18 (  os)     1.1000     2.0000   180.0001     0.0000     0.0000
     3434  O18 (  os)     3418  C02 (   c)     3419  C03 (  cc)     3438  H03 (  ha)     2.8750     2.0000   180.0001     1.2000     2.0000
     3434  O18 (  os)     3427  C17 (  ca)     3426  C16 (  ca)     3440  H16 (  ha)     3.6250     2.0000   180.0001     1.2000     2.0000
     3433  O09 (  oh)     3435  P06 (  p5)     3421  C05 (  c3)     3436 H052 (  hc)     0.0222     3.0000     0.0000     1.2000     2.0000
     3433  O09 (  oh)     3435  P06 (  p5)     3421  C05 (  c3)     3437 H053 (  hc)     0.0222     3.0000     0.0000     1.2000     2.0000
     3432  O08 (  Y8)     3435  P06 (  p5)     3421  C05 (  c3)     3436 H052 (  hc)     0.0222     3.0000     0.0000     1.2000     2.0000
     3432  O08 (  Y8)     3435  P06 (  p5)     3421  C05 (  c3)     3437 H053 (  hc)     0.0222     3.0000     0.0000     1.2000     2.0000
     3432  O08 (  Y8)     3435  P06 (  p5)     3433  O09 (  oh)     3441   H1 (  ho)     0.3670     3.0000     0.0000     1.2000     2.0000
     3431  O07 (  Y4)     3435  P06 (  p5)     3421  C05 (  c3)     3436 H052 (  hc)     0.0222     3.0000     0.0000     1.2000     2.0000
     3431  O07 (  Y4)     3435  P06 (  p5)     3421  C05 (  c3)     3437 H053 (  hc)     0.0222     3.0000     0.0000     1.2000     2.0000
     3431  O07 (  Y4)     3435  P06 (  p5)     3433  O09 (  oh)     3441   H1 (  ho)     0.3670     3.0000     0.0000     1.2000     2.0000
     3430  O01 (   o)     3418  C02 (   c)     3419  C03 (  cc)     3438  H03 (  ha)     2.8750     2.0000   180.0001     1.2000     2.0000
     3429  F15 (   f)     3425  C14 (  ca)     3424  C13 (  ca)     3439  H13 (  ha)     3.6250     2.0000   180.0001     1.2000     2.0000
     3429  F15 (   f)     3425  C14 (  ca)     3426  C16 (  ca)     3440  H16 (  ha)     3.6250     2.0000   180.0001     1.2000     2.0000
     3428  F12 (   f)     3423  C11 (  ca)     3424  C13 (  ca)     3439  H13 (  ha)     3.6250     2.0000   180.0001     1.2000     2.0000
     3426  C16 (  ca)     3425  C14 (  ca)     3424  C13 (  ca)     3439  H13 (  ha)     3.6250     2.0000   180.0001     1.2000     2.0000
     3424  C13 (  ca)     3425  C14 (  ca)     3426  C16 (  ca)     3440  H16 (  ha)     3.6250     2.0000   180.0001     1.2000     2.0000
     3422  C10 (  ca)     3420  C04 (  cd)     3419  C03 (  cc)     3438  H03 (  ha)     4.0000     2.0000   180.0001     1.2000     2.0000
     3422  C10 (  ca)     3420  C04 (  cd)     3421  C05 (  c3)     3436 H052 (  hc)     0.0000     3.0000     0.0000     1.2000     2.0000
     3422  C10 (  ca)     3420  C04 (  cd)     3421  C05 (  c3)     3437 H053 (  hc)     0.0000     3.0000     0.0000     1.2000     2.0000
     3422  C10 (  ca)     3423  C11 (  ca)     3424  C13 (  ca)     3439  H13 (  ha)     3.6250     2.0000   180.0001     1.2000     2.0000
     3422  C10 (  ca)     3427  C17 (  ca)     3426  C16 (  ca)     3440  H16 (  ha)     3.6250     2.0000   180.0001     1.2000     2.0000
     3421  C05 (  c3)     3420  C04 (  cd)     3419  C03 (  cc)     3438  H03 (  ha)     4.0000     2.0000   180.0001     1.2000     2.0000
     3421  C05 (  c3)     3435  P06 (  p5)     3433  O09 (  oh)     3441   H1 (  ho)     0.5333     3.0000     0.0000     1.2000     2.0000
     3419  C03 (  cc)     3420  C04 (  cd)     3421  C05 (  c3)     3436 H052 (  hc)     0.0000     3.0000     0.0000     1.2000     2.0000
     3419  C03 (  cc)     3420  C04 (  cd)     3421  C05 (  c3)     3437 H053 (  hc)     0.0000     3.0000     0.0000     1.2000     2.0000
I    3425  C14 (  ca)     3427  C17 (  ca)     3426  C16 (  ca)     3440  H16 (  ha)     1.1000     2.0000   180.0001     0.0000     0.0000
I    3423  C11 (  ca)     3425  C14 (  ca)     3424  C13 (  ca)     3439  H13 (  ha)     1.1000     2.0000   180.0001     0.0000     0.0000
I    3418  C02 (   c)     3420  C04 (  cd)     3419  C03 (  cc)     3438  H03 (  ha)     1.1000     2.0000   180.0001     0.0000     0.0000


The mask :PT1 matches 24 atoms:

   ATOM    RES  RESNAME  NAME  TYPE   At.#   LJ Radius    LJ Depth      Mass    Charge GB Radius GB Screen
   3418    233      PT1   C02     c      6      1.8606      0.0988   12.0100    0.8294    1.7000    0.7200
   3419    233      PT1   C03    cc      6      1.8606      0.0988   12.0100   -0.4941    1.7000    0.7200
   3420    233      PT1   C04    cd      6      1.8606      0.0988   12.0100    0.2997    1.7000    0.7200
   3421    233      PT1   C05    c3      6      1.9069      0.1078   12.0100   -0.3215    1.7000    0.7200
   3422    233      PT1   C10    ca      6      1.8606      0.0988   12.0100   -0.3040    1.7000    0.7200
   3423    233      PT1   C11    ca      6      1.8606      0.0988   12.0100    0.2951    1.7000    0.7200
   3424    233      PT1   C13    ca      6      1.8606      0.0988   12.0100   -0.4058    1.7000    0.7200
   3425    233      PT1   C14    ca      6      1.8606      0.0988   12.0100    0.4017    1.7000    0.7200
   3426    233      PT1   C16    ca      6      1.8606      0.0988   12.0100   -0.4571    1.7000    0.7200
   3427    233      PT1   C17    ca      6      1.8606      0.0988   12.0100    0.4785    1.7000    0.7200
   3428    233      PT1   F12     f      9      1.7029      0.0832   19.0000   -0.1145    1.5000    0.8800
   3429    233      PT1   F15     f      9      1.7029      0.0832   19.0000   -0.1347    1.5000    0.8800
   3430    233      PT1   O01     o      8      1.7107      0.1463   16.0000   -0.5215    1.5000    0.8500
   3431    233      PT1   O07    Y4      8      1.7107      0.1463   16.0000   -0.8909    1.5000    0.8500
   3432    233      PT1   O08    Y8      8      1.7107      0.1463   16.0000   -0.7579    1.5000    0.8500
   3433    233      PT1   O09    oh      8      1.8200      0.0930   16.0000   -0.5966    1.5000    0.8500
   3434    233      PT1   O18    os      8      1.7713      0.0726   16.0000   -0.4136    1.5000    0.8500
   3435    233      PT1   P06    p5     15      2.0732      0.2295   30.9700    1.1524    1.8500    0.8600
   3436    233      PT1  H052    hc      1      1.4593      0.0208    1.0080    0.0936    1.3000    0.8500
   3437    233      PT1  H053    hc      1      1.4593      0.0208    1.0080    0.0936    1.3000    0.8500
   3438    233      PT1   H03    ha      1      1.4735      0.0161    1.0080    0.1731    1.3000    0.8500
   3439    233      PT1   H13    ha      1      1.4735      0.0161    1.0080    0.2127    1.3000    0.8500
   3440    233      PT1   H16    ha      1      1.4735      0.0161    1.0080    0.2344    1.3000    0.8500
   3441    233      PT1    H1    ho      1      0.3019      0.0047    1.0080    0.4367    0.8000    0.8500

Done!
