Setting the LD random seed to -38281505

Generated 136 of the 136 non-bonded parameter combinations

Generated 136 of the 136 1-4 parameter combinations

Excluding 3 bonded neighbours molecule type 'MOL'

turning H bonds into constraints...

Excluding 3 bonded neighbours molecule type 'SOL'

turning H bonds into constraints...

Excluding 3 bonded neighbours molecule type 'NA'

turning H bonds into constraints...
Analysing residue names:
There are:     1      Other residues
There are:   640      Water residues
There are:     1        Ion residues
Analysing residues not classified as Protein/DNA/RNA/Water and splitting into groups...
Analysing residues not classified as Protein/DNA/RNA/Water and splitting into groups...

The largest distance between excluded atoms is 0.397 nm

Determining Verlet buffer for a tolerance of 0.005 kJ/mol/ps at 300 K

Calculated rlist for 1x1 atom pair-list as 1.099 nm, buffer size 0.099 nm

Set rlist, assuming 4x4 atom pair-list, to 1.029 nm, buffer size 0.029 nm

Note that mdrun will redetermine rlist based on the actual pair-list setup

Reading Coordinates, Velocities and Box size from old trajectory

Will read whole trajectory

Using frame at t = 5 ps

Starting time for run is 0 ps
Calculating fourier grid dimensions for X Y Z
Using a fourier grid of 24x24x24, spacing 0.113 0.113 0.113

Estimate for the relative computational load of the PME mesh part: 0.31

This run will generate roughly 1 Mb of data
                      :-) GROMACS - gmx grompp, 2022.2 (-:

Executable:   /usr/local/gromacs/bin/gmx
Data prefix:  /usr/local/gromacs
Working dir:  /home/jguven/projects/metalloenzymes/vim_2/runs/equilibration/unbound/ligand_8/nvt
Command line:
  gmx grompp -f nvt.mdp -c ../r_nvt/r_nvt.gro -p nvt.top -t ../r_nvt/r_nvt.cpt -o nvt.tpr

Ignoring obsolete mdp entry 'ns-type'
Generating 1-4 interactions: fudge = 0.5
Number of degrees of freedom in T-Coupling group System is 3906.00

Last frame         -1 time    5.000   

Back Off! I just backed up nvt.tpr to ./#nvt.tpr.6#

GROMACS reminds you: "A method is more important than a discovery, since the right method will lead to new and even more important discoveries." (Lev Landau)

                      :-) GROMACS - gmx mdrun, 2022.2 (-:

Executable:   /usr/local/gromacs/bin/gmx
Data prefix:  /usr/local/gromacs
Working dir:  /home/jguven/projects/metalloenzymes/vim_2/runs/equilibration/unbound/ligand_8/nvt
Command line:
  gmx mdrun -v -deffnm nvt -nt 1 -nb gpu


Back Off! I just backed up nvt.log to ./#nvt.log.2#
Reading file nvt.tpr, VERSION 2022.2 (single precision)
Changing nstlist from 20 to 100, rlist from 1.029 to 1.159

1 GPU selected for this run.
Mapping of GPU IDs to the 2 GPU tasks in the 1 rank on this node:
  PP:0,PME:0
PP tasks will do (non-perturbed) short-ranged interactions on the GPU
PP task will update and constrain coordinates on the CPU
PME tasks will do all aspects on the GPU
Using 1 MPI thread
Using 1 OpenMP thread 


NOTE: Thread affinity was not set.

Back Off! I just backed up nvt.trr to ./#nvt.trr.2#

Back Off! I just backed up nvt.edr to ./#nvt.edr.2#
starting mdrun ''
25000 steps,     50.0 ps.

step 0
step 100, remaining wall clock time:     6 s          
step 200, remaining wall clock time:     5 s          
step 300, remaining wall clock time:     5 s          
step 400, remaining wall clock time:     4 s          
step 500, remaining wall clock time:     4 s          
step 600, remaining wall clock time:     4 s          
step 700, remaining wall clock time:     4 s          
step 800, remaining wall clock time:     4 s          
step 900, remaining wall clock time:     4 s          
step 1000, remaining wall clock time:     4 s          
step 1100, remaining wall clock time:     4 s          
step 1200, remaining wall clock time:     4 s          
step 1300, remaining wall clock time:     4 s          
step 1400, remaining wall clock time:     4 s          
step 1500, remaining wall clock time:     4 s          
step 1600, remaining wall clock time:     4 s          
step 1700, remaining wall clock time:     4 s          
step 1800, remaining wall clock time:     4 s          
step 1900, remaining wall clock time:     4 s          
step 2000, remaining wall clock time:     4 s          
step 2100, remaining wall clock time:     4 s          
step 2200, remaining wall clock time:     4 s          
step 2300, remaining wall clock time:     4 s          
step 2400, remaining wall clock time:     4 s          
step 2500, remaining wall clock time:     4 s          
step 2600, remaining wall clock time:     4 s          
step 2700, remaining wall clock time:     4 s          
step 2800, remaining wall clock time:     4 s          
step 2900, remaining wall clock time:     4 s          
step 3000, remaining wall clock time:     3 s          
step 3100, remaining wall clock time:     3 s          
step 3200, remaining wall clock time:     3 s          
step 3300, remaining wall clock time:     3 s          
step 3400, remaining wall clock time:     3 s          
step 3500, remaining wall clock time:     3 s          
step 3600, remaining wall clock time:     3 s          
step 3700, remaining wall clock time:     3 s          
step 3800, remaining wall clock time:     3 s          
step 3900, remaining wall clock time:     3 s          
step 4000, remaining wall clock time:     3 s          
step 4100, remaining wall clock time:     3 s          
step 4200, remaining wall clock time:     3 s          
step 4300, remaining wall clock time:     3 s          
step 4400, remaining wall clock time:     3 s          
step 4500, remaining wall clock time:     3 s          
step 4600, remaining wall clock time:     3 s          
step 4700, remaining wall clock time:     3 s          
step 4800, remaining wall clock time:     3 s          
step 4900, remaining wall clock time:     3 s          
step 5000, remaining wall clock time:     3 s          
step 5100, remaining wall clock time:     3 s          
step 5200, remaining wall clock time:     3 s          
step 5300, remaining wall clock time:     3 s          
step 5400, remaining wall clock time:     3 s          
step 5500, remaining wall clock time:     3 s          
step 5600, remaining wall clock time:     3 s          
step 5700, remaining wall clock time:     3 s          
step 5800, remaining wall clock time:     3 s          
step 5900, remaining wall clock time:     3 s          
step 6000, remaining wall clock time:     3 s          
step 6100, remaining wall clock time:     3 s          
step 6200, remaining wall clock time:     3 s          
step 6300, remaining wall clock time:     3 s          
step 6400, remaining wall clock time:     3 s          
step 6500, remaining wall clock time:     3 s          
step 6600, remaining wall clock time:     3 s          
step 6700, remaining wall clock time:     3 s          
step 6800, remaining wall clock time:     3 s          
step 6900, remaining wall clock time:     3 s          
step 7000, remaining wall clock time:     3 s          
step 7100, remaining wall clock time:     3 s          
step 7200, remaining wall clock time:     3 s          
step 7300, remaining wall clock time:     3 s          
step 7400, remaining wall clock time:     3 s          
step 7500, remaining wall clock time:     3 s          
step 7600, remaining wall clock time:     3 s          
step 7700, remaining wall clock time:     3 s          
step 7800, remaining wall clock time:     3 s          
step 7900, remaining wall clock time:     3 s          
step 8000, remaining wall clock time:     3 s          
step 8100, remaining wall clock time:     3 s          
step 8200, remaining wall clock time:     3 s          
step 8300, remaining wall clock time:     2 s          
step 8400, remaining wall clock time:     2 s          
step 8500, remaining wall clock time:     2 s          
step 8600, remaining wall clock time:     2 s          
step 8700, remaining wall clock time:     2 s          
step 8800, remaining wall clock time:     2 s          
step 8900, remaining wall clock time:     2 s          
step 9000, remaining wall clock time:     2 s          
step 9100, remaining wall clock time:     2 s          
step 9200, remaining wall clock time:     2 s          
step 9300, remaining wall clock time:     2 s          
step 9400, remaining wall clock time:     2 s          
step 9500, remaining wall clock time:     2 s          
step 9600, remaining wall clock time:     2 s          
step 9700, remaining wall clock time:     2 s          
step 9800, remaining wall clock time:     2 s          
step 9900, remaining wall clock time:     2 s          
step 10000, remaining wall clock time:     2 s          
step 10100, remaining wall clock time:     2 s          
step 10200, remaining wall clock time:     2 s          
step 10300, remaining wall clock time:     2 s          
step 10400, remaining wall clock time:     2 s          
step 10500, remaining wall clock time:     2 s          
step 10600, remaining wall clock time:     2 s          
step 10700, remaining wall clock time:     2 s          
step 10800, remaining wall clock time:     2 s          
step 10900, remaining wall clock time:     2 s          
step 11000, remaining wall clock time:     2 s          
step 11100, remaining wall clock time:     2 s          
step 11200, remaining wall clock time:     2 s          
step 11300, remaining wall clock time:     2 s          
step 11400, remaining wall clock time:     2 s          
step 11500, remaining wall clock time:     2 s          
step 11600, remaining wall clock time:     2 s          
step 11700, remaining wall clock time:     2 s          
step 11800, remaining wall clock time:     2 s          
step 11900, remaining wall clock time:     2 s          
step 12000, remaining wall clock time:     2 s          
step 12100, remaining wall clock time:     2 s          
step 12200, remaining wall clock time:     2 s          
step 12300, remaining wall clock time:     2 s          
step 12400, remaining wall clock time:     2 s          
step 12500, remaining wall clock time:     2 s          
step 12600, remaining wall clock time:     2 s          
step 12700, remaining wall clock time:     2 s          
step 12800, remaining wall clock time:     2 s          
step 12900, remaining wall clock time:     2 s          
step 13000, remaining wall clock time:     2 s          
step 13100, remaining wall clock time:     2 s          
step 13200, remaining wall clock time:     2 s          
step 13300, remaining wall clock time:     2 s          
step 13400, remaining wall clock time:     2 s          
step 13500, remaining wall clock time:     2 s          
step 13600, remaining wall clock time:     2 s          
step 13700, remaining wall clock time:     2 s          
step 13800, remaining wall clock time:     1 s          
step 13900, remaining wall clock time:     1 s          
step 14000, remaining wall clock time:     1 s          
step 14100, remaining wall clock time:     1 s          
step 14200, remaining wall clock time:     1 s          
step 14300, remaining wall clock time:     1 s          
step 14400, remaining wall clock time:     1 s          
step 14500, remaining wall clock time:     1 s          
step 14600, remaining wall clock time:     1 s          
step 14700, remaining wall clock time:     1 s          
step 14800, remaining wall clock time:     1 s          
step 14900, remaining wall clock time:     1 s          
step 15000, remaining wall clock time:     1 s          
step 15100, remaining wall clock time:     1 s          
step 15200, remaining wall clock time:     1 s          
step 15300, remaining wall clock time:     1 s          
step 15400, remaining wall clock time:     1 s          
step 15500, remaining wall clock time:     1 s          
step 15600, remaining wall clock time:     1 s          
step 15700, remaining wall clock time:     1 s          
step 15800, remaining wall clock time:     1 s          
step 15900, remaining wall clock time:     1 s          
step 16000, remaining wall clock time:     1 s          
step 16100, remaining wall clock time:     1 s          
step 16200, remaining wall clock time:     1 s          
step 16300, remaining wall clock time:     1 s          
step 16400, remaining wall clock time:     1 s          
step 16500, remaining wall clock time:     1 s          
step 16600, remaining wall clock time:     1 s          
step 16700, remaining wall clock time:     1 s          
step 16800, remaining wall clock time:     1 s          
step 16900, remaining wall clock time:     1 s          
step 17000, remaining wall clock time:     1 s          
step 17100, remaining wall clock time:     1 s          
step 17200, remaining wall clock time:     1 s          
step 17300, remaining wall clock time:     1 s          
step 17400, remaining wall clock time:     1 s          
step 17500, remaining wall clock time:     1 s          
step 17600, remaining wall clock time:     1 s          
step 17700, remaining wall clock time:     1 s          
step 17800, remaining wall clock time:     1 s          
step 17900, remaining wall clock time:     1 s          
step 18000, remaining wall clock time:     1 s          
step 18100, remaining wall clock time:     1 s          
step 18200, remaining wall clock time:     1 s          
step 18300, remaining wall clock time:     1 s          
step 18400, remaining wall clock time:     1 s          
step 18500, remaining wall clock time:     1 s          
step 18600, remaining wall clock time:     1 s          
step 18700, remaining wall clock time:     1 s          
step 18800, remaining wall clock time:     1 s          
step 18900, remaining wall clock time:     1 s          
step 19000, remaining wall clock time:     1 s          
step 19100, remaining wall clock time:     1 s          
step 19200, remaining wall clock time:     1 s          
step 19300, remaining wall clock time:     1 s          
step 19400, remaining wall clock time:     0 s          
step 19500, remaining wall clock time:     0 s          
step 19600, remaining wall clock time:     0 s          
step 19700, remaining wall clock time:     0 s          
step 19800, remaining wall clock time:     0 s          
step 19900, remaining wall clock time:     0 s          
step 20000, remaining wall clock time:     0 s          
step 20100, remaining wall clock time:     0 s          
step 20200, remaining wall clock time:     0 s          
step 20300, remaining wall clock time:     0 s          
step 20400, remaining wall clock time:     0 s          
step 20500, remaining wall clock time:     0 s          
step 20600, remaining wall clock time:     0 s          
step 20700, remaining wall clock time:     0 s          
step 20800, remaining wall clock time:     0 s          
step 20900, remaining wall clock time:     0 s          
step 21000, remaining wall clock time:     0 s          
step 21100, remaining wall clock time:     0 s          
step 21200, remaining wall clock time:     0 s          
step 21300, remaining wall clock time:     0 s          
step 21400, remaining wall clock time:     0 s          
step 21500, remaining wall clock time:     0 s          
step 21600, remaining wall clock time:     0 s          
step 21700, remaining wall clock time:     0 s          
step 21800, remaining wall clock time:     0 s          
step 21900, remaining wall clock time:     0 s          
step 22000, remaining wall clock time:     0 s          
step 22100, remaining wall clock time:     0 s          
step 22200, remaining wall clock time:     0 s          
step 22300, remaining wall clock time:     0 s          
step 22400, remaining wall clock time:     0 s          
step 22500, remaining wall clock time:     0 s          
step 22600, remaining wall clock time:     0 s          
step 22700, remaining wall clock time:     0 s          
step 22800, remaining wall clock time:     0 s          
step 22900, remaining wall clock time:     0 s          
step 23000, remaining wall clock time:     0 s          
step 23100, remaining wall clock time:     0 s          
step 23200, remaining wall clock time:     0 s          
step 23300, remaining wall clock time:     0 s          
step 23400, remaining wall clock time:     0 s          
step 23500, remaining wall clock time:     0 s          
step 23600, remaining wall clock time:     0 s          
step 23700, remaining wall clock time:     0 s          
step 23800, remaining wall clock time:     0 s          
step 23900, remaining wall clock time:     0 s          
step 24000, remaining wall clock time:     0 s          
step 24100, remaining wall clock time:     0 s          
step 24200, remaining wall clock time:     0 s          
step 24300, remaining wall clock time:     0 s          
step 24400, remaining wall clock time:     0 s          
step 24500, remaining wall clock time:     0 s          
step 24600, remaining wall clock time:     0 s          
step 24700, remaining wall clock time:     0 s          
step 24800, remaining wall clock time:     0 s          
step 24900, remaining wall clock time:     0 s          
Writing final coordinates.

Back Off! I just backed up nvt.gro to ./#nvt.gro.3#

step 25000, remaining wall clock time:     0 s          
               Core t (s)   Wall t (s)        (%)
       Time:        4.478        4.478      100.0
                 (ns/day)    (hour/ns)
Performance:      964.725        0.025

GROMACS reminds you: "Stupidity got us into this mess, and stupidity will get us out." (Homer Simpson)

