            --------------------------------------------------------
                             AMBER SQM VERSION 19
 
                                     By
              Ross C. Walker, Michael F. Crowley, Scott Brozell,
                         Tim Giese, Andreas W. Goetz,
                        Tai-Sung Lee and David A. Case
 
            --------------------------------------------------------
 

--------------------------------------------------------------------------------
  QM CALCULATION INFO
--------------------------------------------------------------------------------

| QMMM: Citation for AMBER QMMM Run:
| QMMM: R.C. Walker, M.F. Crowley and D.A. Case, J. COMP. CHEM. 29:1019, 2008

QMMM: SINGLET STATE CALCULATION
QMMM: RHF CALCULATION, NO. OF DOUBLY OCCUPIED LEVELS = 45

| QMMM: *** Selected Hamiltonian *** 
| QMMM: AM1         

| QMMM: *** Parameter sets in use ***
| QMMM: C : M.J.S.DEWAR et al. JACS, 107, 3902, (1985)
| QMMM: O : M.J.S.DEWAR et al. JACS, 107, 3902, (1985)
| QMMM: P : M.J.S.DEWAR et al. THEOCHEM, 187,1, (1989)
| QMMM: H : M.J.S.DEWAR et al. JACS, 107, 3902, (1985)

| QMMM: *** SCF convergence criteria ***
| QMMM: Energy change                :  0.1D-09 kcal/mol
| QMMM: Error matrix |FP-PF|         :  0.1D+00 au
| QMMM: Density matrix change        :  0.5D-06
| QMMM: Maximum number of SCF cycles :     1000

| QMMM: *** Diagonalization Routine Information ***
| QMMM: Pseudo diagonalizations are allowed.
| QMMM: Auto diagonalization routine selection is in use.
| QMMM:
| QMMM: Timing diagonalization routines:
| QMMM:                              norbs =       78
| QMMM:    diag iterations used for timing =       15
| QMMM:
| QMMM:              Internal diag routine = 0.032209 seconds
| QMMM:                 Dspev diag routine = 0.051604 seconds
| QMMM:                Dspevd diag routine = 0.011369 seconds
| QMMM:                Dspevx diag routine = 0.056189 seconds
| QMMM:                 Dsyev diag routine = 0.048659 seconds
| QMMM:                Dsyevd diag routine = 0.519253 seconds
| QMMM:                Dsyevr diag routine = 0.061085 seconds
| QMMM:
| QMMM:                Pseudo diag routine = 0.007008 seconds
| QMMM:
| QMMM: Using dspevd routine (diag_routine=3).

  QMMM: QM Region Cartesian Coordinates (*=link atom) 
  QMMM: QM_NO.   MM_NO.  ATOM         X         Y         Z
  QMMM:     1        1      C      -35.2290    2.9050    8.7130
  QMMM:     2        2      C      -36.4100    3.5900    8.8020
  QMMM:     3        3      C      -36.4990    4.9130    8.3960
  QMMM:     4        4      C      -37.7810    6.8100    8.0540
  QMMM:     5        5      C      -36.6600    7.5340    7.5280
  QMMM:     6        6      C      -35.4550    6.9380    7.4640
  QMMM:     7        7      C      -34.2680    7.6950    6.9060
  QMMM:     8        8      C      -35.3620    5.5440    7.8950
  QMMM:     9        9      C      -34.1680    4.8310    7.8050
  QMMM:    10       10      C      -34.0990    3.5280    8.2100
  QMMM:    11       11      O      -37.7060    5.5330    8.5020
  QMMM:    12       12      O      -35.7320    8.1090    4.6250
  QMMM:    13       13      O      -33.2860    8.8370    4.5900
  QMMM:    14       14      O      -33.8810    6.3550    4.5750
  QMMM:    15       15      P      -34.3120    7.8330    5.0680
  QMMM:    16       16      O      -38.8380    7.4320    8.0820
  QMMM:    17       17      C      -32.7870    2.7790    8.0990
  QMMM:    18       18      H      -35.1820    1.9510    9.0110
  QMMM:    19       19      H      -37.2200    3.1300    9.1660
  QMMM:    20       20      H      -36.7730    8.4750    7.2110
  QMMM:    21       21      H      -33.4300    7.2210    7.1730
  QMMM:    22       22      H      -34.3000    8.6230    7.2780
  QMMM:    23       23      H      -33.3520    5.2790    7.4400
  QMMM:    24       24      H      -34.6000    5.6830    4.7770
  QMMM:    25       25      H      -32.0950    3.3890    7.7130
  QMMM:    26       26      H      -32.4960    2.4690    9.0040
  QMMM:    27       27      H      -32.9030    1.9820    7.5050

--------------------------------------------------------------------------------
  RESULTS
--------------------------------------------------------------------------------

      iter         sqm energy              rms gradient
      ----    -------------------    -----------------------
xmin    10     -280.5030 kcal/mol        0.8057 kcal/(mol*A)
xmin    20     -281.0789 kcal/mol        0.7335 kcal/(mol*A)
xmin    30     -281.1989 kcal/mol        0.1165 kcal/(mol*A)
xmin    40     -281.2456 kcal/mol        0.0992 kcal/(mol*A)
xmin    50     -281.2583 kcal/mol        0.0344 kcal/(mol*A)
xmin    60     -281.2591 kcal/mol        0.0154 kcal/(mol*A)
xmin    70     -281.2607 kcal/mol        0.0981 kcal/(mol*A)
xmin    80     -281.2621 kcal/mol        0.0514 kcal/(mol*A)
xmin    90     -281.2637 kcal/mol        0.0381 kcal/(mol*A)
xmin   100     -281.2656 kcal/mol        0.0120 kcal/(mol*A)
xmin   110     -281.2658 kcal/mol        0.0085 kcal/(mol*A)
xmin   120     -281.2659 kcal/mol        0.0044 kcal/(mol*A)
xmin   130     -281.2659 kcal/mol        0.0065 kcal/(mol*A)
xmin   140     -281.2660 kcal/mol        0.0037 kcal/(mol*A)
xmin   150     -281.2661 kcal/mol        0.0086 kcal/(mol*A)
xmin   160     -281.2661 kcal/mol        0.0013 kcal/(mol*A)
xmin   170     -281.2661 kcal/mol        0.0006 kcal/(mol*A)
  ... geometry converged !
 
 Final MO eigenvalues (eV):
 -39.1091  -36.7946  -34.6710  -33.8356  -32.0162  -30.4102  -29.1085  -28.9353
 -28.5516  -26.4037  -25.0942  -22.0497  -20.7974  -19.9120  -17.2769  -16.0049
 -15.2693  -14.7551  -14.2126  -13.4479  -13.2671  -13.0608  -12.4927  -12.4003
 -12.1959  -11.8674  -11.2129  -11.1889  -11.0844  -10.8209  -10.7085  -10.1675
  -9.7997   -9.7644   -9.4555   -9.0825   -8.5502   -8.3681   -8.0854   -7.0482
  -6.6781   -6.5625   -6.2867   -6.2453   -6.1479    2.0051    2.5897    3.3003
   4.5305    4.5573    5.3195    5.7472    5.8878    6.0559    6.1200    6.2587
   6.4230    6.5059    6.5878    6.7157    6.8384    6.8899    6.9445    7.2569
   7.3438    7.3988    7.4670    7.5829    7.7909    7.9964    8.0482    8.1379
   8.7261    8.9937    9.4789   10.2650   11.1529   12.5641

 Heat of formation   =       -281.26608907 kcal/mol  (      -12.19661286 eV)

 Total SCF energy    =     -75648.52741638 kcal/mol  (    -3280.36630746 eV)
 Electronic energy   =    -425929.68374451 kcal/mol  (   -18469.69705323 eV)
 Core-core repulsion =     350281.15632812 kcal/mol  (    15189.33074577 eV)
 
    Atomic Charges for Step       1 :
  Atom    Element       Mulliken Charge
     1      C                 -0.099
     2      C                 -0.165
     3      C                  0.099
     4      C                  0.352
     5      C                 -0.285
     6      C                  0.139
     7      C                 -0.790
     8      C                 -0.113
     9      C                 -0.061
    10      C                 -0.118
    11      O                 -0.207
    12      O                 -1.175
    13      O                 -1.157
    14      O                 -0.836
    15      P                  2.607
    16      O                 -0.341
    17      C                 -0.170
    18      H                  0.122
    19      H                  0.143
    20      H                  0.165
    21      H                  0.126
    22      H                  0.130
    23      H                  0.175
    24      H                  0.226
    25      H                  0.092
    26      H                  0.071
    27      H                  0.070
 Total Mulliken Charge =      -1.000
 
                  X        Y        Z     TOTAL  
  QM DIPOLE   170.658  -38.044  -25.336  176.673
 
 Final Structure

  QMMM: QM Region Cartesian Coordinates (*=link atom) 
  QMMM: QM_NO.   MM_NO.  ATOM         X         Y         Z
  QMMM:     1        1      C      -35.2811    2.9262    8.6863
  QMMM:     2        2      C      -36.4610    3.6305    8.8570
  QMMM:     3        3      C      -36.5274    4.9699    8.4269
  QMMM:     4        4      C      -37.8791    6.9202    8.2330
  QMMM:     5        5      C      -36.7587    7.6096    7.6403
  QMMM:     6        6      C      -35.5570    7.0044    7.4209
  QMMM:     7        7      C      -34.4273    7.7499    6.8706
  QMMM:     8        8      C      -35.4197    5.6100    7.8324
  QMMM:     9        9      C      -34.2427    4.8608    7.6653
  QMMM:    10       10      C      -34.1658    3.5349    8.0886
  QMMM:    11       11      O      -37.7392    5.5899    8.6380
  QMMM:    12       12      O      -35.4043    7.2060    4.4290
  QMMM:    13       13      O      -33.4596    8.9201    4.7915
  QMMM:    14       14      O      -33.2040    6.3945    5.0530
  QMMM:    15       15      P      -34.2098    7.6982    5.1459
  QMMM:    16       16      O      -39.0147    7.3275    8.4956
  QMMM:    17       17      C      -32.9123    2.7649    7.9127
  QMMM:    18       18      H      -35.2167    1.8784    9.0149
  QMMM:    19       19      H      -37.3473    3.1692    9.3132
  QMMM:    20       20      H      -36.9452    8.6544    7.3514
  QMMM:    21       21      H      -33.4661    7.4005    7.3254
  QMMM:    22       22      H      -34.5258    8.8362    7.1316
  QMMM:    23       23      H      -33.3651    5.3136    7.1695
  QMMM:    24       24      H      -33.5578    5.7191    4.4859
  QMMM:    25       25      H      -32.2649    3.2259    7.1263
  QMMM:    26       26      H      -32.3371    2.7425    8.8724
  QMMM:    27       27      H      -33.1342    1.7106    7.6143

           --------- Calculation Completed ----------

