            --------------------------------------------------------
                             AMBER SQM VERSION 19
 
                                     By
              Ross C. Walker, Michael F. Crowley, Scott Brozell,
                         Tim Giese, Andreas W. Goetz,
                        Tai-Sung Lee and David A. Case
 
            --------------------------------------------------------
 

--------------------------------------------------------------------------------
  QM CALCULATION INFO
--------------------------------------------------------------------------------

| QMMM: Citation for AMBER QMMM Run:
| QMMM: R.C. Walker, M.F. Crowley and D.A. Case, J. COMP. CHEM. 29:1019, 2008

QMMM: SINGLET STATE CALCULATION
QMMM: RHF CALCULATION, NO. OF DOUBLY OCCUPIED LEVELS = 48

| QMMM: *** Selected Hamiltonian *** 
| QMMM: AM1         

| QMMM: *** Parameter sets in use ***
| QMMM: C : M.J.S.DEWAR et al. JACS, 107, 3902, (1985)
| QMMM: O : M.J.S.DEWAR et al. JACS, 107, 3902, (1985)
| QMMM: P : M.J.S.DEWAR et al. THEOCHEM, 187,1, (1989)
| QMMM: H : M.J.S.DEWAR et al. JACS, 107, 3902, (1985)

| QMMM: *** SCF convergence criteria ***
| QMMM: Energy change                :  0.1D-09 kcal/mol
| QMMM: Error matrix |FP-PF|         :  0.1D+00 au
| QMMM: Density matrix change        :  0.5D-06
| QMMM: Maximum number of SCF cycles :     1000

| QMMM: *** Diagonalization Routine Information ***
| QMMM: Pseudo diagonalizations are allowed.
| QMMM: Auto diagonalization routine selection is in use.
| QMMM:
| QMMM: Timing diagonalization routines:
| QMMM:                              norbs =       84
| QMMM:    diag iterations used for timing =       15
| QMMM:
| QMMM:              Internal diag routine = 0.061436 seconds
| QMMM:                 Dspev diag routine = 0.053766 seconds
| QMMM:                Dspevd diag routine = 0.014890 seconds
| QMMM:                Dspevx diag routine = 0.071800 seconds
| QMMM:                 Dsyev diag routine = 0.377618 seconds
| QMMM:                Dsyevd diag routine = 0.414077 seconds
| QMMM:                Dsyevr diag routine = 0.379011 seconds
| QMMM:
| QMMM:                Pseudo diag routine = 0.026917 seconds
| QMMM: Pseudo diagonalization appears to be slower than regular
| QMMM: diagonalization. Setting pseudo_diag=0 for optimum performance.
| QMMM:
| QMMM: Using dspevd routine (diag_routine=3).

  QMMM: QM Region Cartesian Coordinates (*=link atom) 
  QMMM: QM_NO.   MM_NO.  ATOM         X         Y         Z
  QMMM:     1        1      C      -38.2480    4.5930    9.5270
  QMMM:     2        2      C      -37.3320    3.6330    9.2120
  QMMM:     3        3      C      -36.1210    3.9630    8.6240
  QMMM:     4        4      C      -34.0560    3.2210    7.8920
  QMMM:     5        5      C      -33.6600    4.5470    7.5290
  QMMM:     6        6      C      -34.5170    5.5740    7.6950
  QMMM:     7        7      C      -33.9510    6.8960    7.2120
  QMMM:     8        8      C      -35.8190    5.2990    8.3280
  QMMM:     9        9      C      -36.7700    6.2760    8.6760
  QMMM:    10       10      C      -37.9540    5.9150    9.2610
  QMMM:    11       11      O      -35.2800    2.9230    8.3770
  QMMM:    12       12      O      -33.6540    6.5860    4.4780
  QMMM:    13       13      O      -34.5380    8.8140    5.3430
  QMMM:    14       14      O      -36.0120    6.7320    5.4460
  QMMM:    15       15      P      -34.5030    7.3090    5.5000
  QMMM:    16       16      C      -39.5650    4.2170   10.1780
  QMMM:    17       17      O      -33.2130    2.3470    7.7160
  QMMM:    18       18      C      -36.6280    7.7810    8.5010
  QMMM:    19       19      H      -37.5370    2.6740    9.4080
  QMMM:    20       20      H      -32.7480    4.7110    7.1530
  QMMM:    21       21      H      -32.9520    6.8450    7.2270
  QMMM:    22       22      H      -34.2860    7.6140    7.8220
  QMMM:    23       23      H      -38.6180    6.6230    9.5000
  QMMM:    24       24      H      -36.6640    7.3870    5.8420
  QMMM:    25       25      H      -40.0950    5.0490   10.3440
  QMMM:    26       26      H      -40.0780    3.6060    9.5750
  QMMM:    27       27      H      -39.3910    3.7490   11.0450
  QMMM:    28       28      H      -37.4490    8.2290    8.8560
  QMMM:    29       29      H      -35.8240    8.1050    9.0000
  QMMM:    30       30      H      -36.5180    7.9980    7.5310

--------------------------------------------------------------------------------
  RESULTS
--------------------------------------------------------------------------------

      iter         sqm energy              rms gradient
      ----    -------------------    -----------------------
xmin    10     -282.0718 kcal/mol        1.2810 kcal/(mol*A)
xmin    20     -282.7560 kcal/mol        0.1322 kcal/(mol*A)
xmin    30     -282.7865 kcal/mol        0.0864 kcal/(mol*A)
xmin    40     -282.7897 kcal/mol        0.0741 kcal/(mol*A)
xmin    50     -282.8039 kcal/mol        0.1823 kcal/(mol*A)
xmin    60     -282.8255 kcal/mol        0.0494 kcal/(mol*A)
xmin    70     -282.8321 kcal/mol        0.0397 kcal/(mol*A)
xmin    80     -282.8288 kcal/mol        0.1607 kcal/(mol*A)
xmin    90     -282.8376 kcal/mol        0.0468 kcal/(mol*A)
xmin   100     -282.8427 kcal/mol        0.0660 kcal/(mol*A)
xmin   110     -282.8464 kcal/mol        0.0277 kcal/(mol*A)
xmin   120     -282.8474 kcal/mol        0.0249 kcal/(mol*A)
xmin   130     -282.8478 kcal/mol        0.0369 kcal/(mol*A)
xmin   140     -282.8479 kcal/mol        0.0119 kcal/(mol*A)
xmin   150     -282.8479 kcal/mol        0.0020 kcal/(mol*A)
xmin   160     -282.8479 kcal/mol        0.0092 kcal/(mol*A)
xmin   170     -282.8479 kcal/mol        0.0015 kcal/(mol*A)
xmin   180     -282.8479 kcal/mol        0.0011 kcal/(mol*A)
xmin   190     -282.8479 kcal/mol        0.0017 kcal/(mol*A)
xmin   200     -282.8480 kcal/mol        0.0029 kcal/(mol*A)
  ... geometry converged !
 
 Final MO eigenvalues (eV):
 -39.1008  -36.9069  -34.6526  -34.0646  -32.0731  -31.2850  -29.3866  -29.0518
 -29.0002  -26.5088  -25.5159  -24.9229  -21.7025  -20.3149  -19.2992  -16.9885
 -16.0138  -15.1573  -14.8687  -14.1907  -13.5968  -13.3385  -13.0382  -12.6758
 -12.3428  -11.9509  -11.7608  -11.6678  -11.2612  -11.1029  -11.0560  -10.8888
 -10.7113  -10.3935   -9.9445   -9.8438   -9.4997   -9.3847   -8.8342   -8.4188
  -8.3626   -8.0994   -6.8821   -6.7432   -6.5441   -6.3673   -6.2870   -6.1461
   1.9610    2.6657    3.2786    4.5445    4.6111    5.3065    5.7682    5.8745
   5.9564    6.1217    6.1328    6.2829    6.3940    6.4325    6.6142    6.7493
   6.7713    6.8819    6.9836    7.2448    7.3005    7.3317    7.4720    7.5142
   7.5964    7.7891    7.9272    8.0210    8.1224    8.2349    8.7918    8.9921
   9.5314   10.2832   11.0893   12.4660

 Heat of formation   =       -282.84795378 kcal/mol  (      -12.26520766 eV)

 Total SCF energy    =     -79236.96231261 kcal/mol  (    -3435.97252125 eV)
 Electronic energy   =    -473552.17846522 kcal/mol  (   -20534.76338690 eV)
 Core-core repulsion =     394315.21615261 kcal/mol  (    17098.79086564 eV)
 
    Atomic Charges for Step       1 :
  Atom    Element       Mulliken Charge
     1      C                 -0.038
     2      C                 -0.175
     3      C                  0.108
     4      C                  0.352
     5      C                 -0.301
     6      C                  0.144
     7      C                 -0.801
     8      C                 -0.107
     9      C                  0.020
    10      C                 -0.188
    11      O                 -0.210
    12      O                 -1.152
    13      O                 -1.191
    14      O                 -0.824
    15      P                  2.613
    16      C                 -0.175
    17      O                 -0.343
    18      C                 -0.222
    19      H                  0.144
    20      H                  0.172
    21      H                  0.130
    22      H                  0.130
    23      H                  0.126
    24      H                  0.229
    25      H                  0.077
    26      H                  0.082
    27      H                  0.076
    28      H                  0.070
    29      H                  0.084
    30      H                  0.169
 Total Mulliken Charge =      -1.000
 
                  X        Y        Z     TOTAL  
  QM DIPOLE   163.422  -29.926  -26.160  168.186
 
 Final Structure

  QMMM: QM Region Cartesian Coordinates (*=link atom) 
  QMMM: QM_NO.   MM_NO.  ATOM         X         Y         Z
  QMMM:     1        1      C      -38.2460    4.6108    9.6159
  QMMM:     2        2      C      -37.3147    3.6352    9.2912
  QMMM:     3        3      C      -36.1138    4.0160    8.6636
  QMMM:     4        4      C      -34.0501    3.1703    7.8242
  QMMM:     5        5      C      -33.7024    4.5140    7.4490
  QMMM:     6        6      C      -34.5235    5.5891    7.6499
  QMMM:     7        7      C      -34.0333    6.8999    7.2165
  QMMM:     8        8      C      -35.8006    5.3584    8.3300
  QMMM:     9        9      C      -36.7668    6.3326    8.6872
  QMMM:    10       10      C      -37.9550    5.9456    9.3159
  QMMM:    11       11      O      -35.2842    2.9402    8.4267
  QMMM:    12       12      O      -33.2765    7.2741    4.7596
  QMMM:    13       13      O      -35.2712    8.6612    5.7423
  QMMM:    14       14      O      -35.6284    6.3576    5.1391
  QMMM:    15       15      P      -34.4723    7.4163    5.6122
  QMMM:    16       16      C      -39.5302    4.2556   10.2625
  QMMM:    17       17      O      -33.4149    2.1163    7.7213
  QMMM:    18       18      C      -36.6207    7.7888    8.4492
  QMMM:    19       19      H      -37.4894    2.5723    9.5081
  QMMM:    20       20      H      -32.7266    4.6219    6.9483
  QMMM:    21       21      H      -32.9083    6.8811    7.2056
  QMMM:    22       22      H      -34.3122    7.7047    7.9365
  QMMM:    23       23      H      -38.6956    6.7161    9.5815
  QMMM:    24       24      H      -36.4677    6.7852    5.0078
  QMMM:    25       25      H      -39.7201    4.9162   11.1446
  QMMM:    26       26      H      -40.3720    4.3905    9.5376
  QMMM:    27       27      H      -39.5302    3.1931   10.6082
  QMMM:    28       28      H      -37.5769    8.3294    8.6612
  QMMM:    29       29      H      -35.8370    8.2156    9.1243
  QMMM:    30       30      H      -36.3405    8.0079    7.3783

           --------- Calculation Completed ----------

