            --------------------------------------------------------
                             AMBER SQM VERSION 19
 
                                     By
              Ross C. Walker, Michael F. Crowley, Scott Brozell,
                         Tim Giese, Andreas W. Goetz,
                        Tai-Sung Lee and David A. Case
 
            --------------------------------------------------------
 

--------------------------------------------------------------------------------
  QM CALCULATION INFO
--------------------------------------------------------------------------------

| QMMM: Citation for AMBER QMMM Run:
| QMMM: R.C. Walker, M.F. Crowley and D.A. Case, J. COMP. CHEM. 29:1019, 2008

QMMM: SINGLET STATE CALCULATION
QMMM: RHF CALCULATION, NO. OF DOUBLY OCCUPIED LEVELS = 48

| QMMM: *** Selected Hamiltonian *** 
| QMMM: AM1         

| QMMM: *** Parameter sets in use ***
| QMMM: C : M.J.S.DEWAR et al. JACS, 107, 3902, (1985)
| QMMM: N : M.J.S.DEWAR et al. JACS, 107, 3902, (1985)
| QMMM: O : M.J.S.DEWAR et al. JACS, 107, 3902, (1985)
| QMMM: P : M.J.S.DEWAR et al. THEOCHEM, 187,1, (1989)
| QMMM: H : M.J.S.DEWAR et al. JACS, 107, 3902, (1985)

| QMMM: *** SCF convergence criteria ***
| QMMM: Energy change                :  0.1D-09 kcal/mol
| QMMM: Error matrix |FP-PF|         :  0.1D+00 au
| QMMM: Density matrix change        :  0.5D-06
| QMMM: Maximum number of SCF cycles :     1000

| QMMM: *** Diagonalization Routine Information ***
| QMMM: Pseudo diagonalizations are allowed.
| QMMM: Auto diagonalization routine selection is in use.
| QMMM:
| QMMM: Timing diagonalization routines:
| QMMM:                              norbs =       85
| QMMM:    diag iterations used for timing =       15
| QMMM:
| QMMM:              Internal diag routine = 0.032003 seconds
| QMMM:                 Dspev diag routine = 0.040525 seconds
| QMMM:                Dspevd diag routine = 0.022932 seconds
| QMMM:                Dspevx diag routine = 0.071781 seconds
| QMMM:                 Dsyev diag routine = 0.032647 seconds
| QMMM:                Dsyevd diag routine = 0.227190 seconds
| QMMM:                Dsyevr diag routine = 0.084276 seconds
| QMMM:
| QMMM:                Pseudo diag routine = 0.010761 seconds
| QMMM:
| QMMM: Using dspevd routine (diag_routine=3).

  QMMM: QM Region Cartesian Coordinates (*=link atom) 
  QMMM: QM_NO.   MM_NO.  ATOM         X         Y         Z
  QMMM:     1        1      C      -38.2770    4.8740    9.5310
  QMMM:     2        2      C      -37.3990    3.8680    9.2650
  QMMM:     3        3      C      -36.1690    4.1430    8.6820
  QMMM:     4        4      C      -34.0590    3.2390    7.9490
  QMMM:     5        5      C      -33.6540    4.5590    7.5630
  QMMM:     6        6      C      -34.4810    5.6250    7.7100
  QMMM:     7        7      C      -33.8630    6.9150    7.2050
  QMMM:     8        8      C      -35.8050    5.4480    8.3400
  QMMM:     9        9      C      -36.7200    6.4750    8.6440
  QMMM:    10       10      C      -37.9240    6.1770    9.2230
  QMMM:    11       11      N      -35.2910    3.0970    8.4560
  QMMM:    12       12      O      -34.4070    8.8640    5.3440
  QMMM:    13       13      O      -33.6570    6.5820    4.4870
  QMMM:    14       14      O      -35.9880    6.8600    5.4690
  QMMM:    15       15      P      -34.4520    7.3610    5.5130
  QMMM:    16       16      C      -39.6150    4.5740   10.1770
  QMMM:    17       17      O      -33.2710    2.3090    7.7890
  QMMM:    18       18      C      -36.5160    7.9680    8.4280
  QMMM:    19       19      H      -37.6420    2.9240    9.4900
  QMMM:    20       20      H      -32.7420    4.6980    7.1780
  QMMM:    21       21      H      -32.8690    6.8100    7.1850
  QMMM:    22       22      H      -34.1390    7.6480    7.8260
  QMMM:    23       23      H      -38.5630    6.9180    9.4290
  QMMM:    24       24      H      -35.5500    2.2820    8.6690
  QMMM:    25       25      H      -36.6140    7.5900    5.7610
  QMMM:    26       26      H      -40.1130    5.4310   10.3080
  QMMM:    27       27      H      -40.1450    3.9630    9.5880
  QMMM:    28       28      H      -39.4710    4.1280   11.0600
  QMMM:    29       29      H      -37.3220    8.4580    8.7600
  QMMM:    30       30      H      -35.7060    8.2740    8.9280
  QMMM:    31       31      H      -36.3850    8.1520    7.4540

--------------------------------------------------------------------------------
  RESULTS
--------------------------------------------------------------------------------

      iter         sqm energy              rms gradient
      ----    -------------------    -----------------------
xmin    10     -244.0406 kcal/mol        0.9749 kcal/(mol*A)
xmin    20     -244.6421 kcal/mol        0.3728 kcal/(mol*A)
xmin    30     -244.6923 kcal/mol        0.1299 kcal/(mol*A)
xmin    40     -244.6952 kcal/mol        0.0246 kcal/(mol*A)
xmin    50     -244.6973 kcal/mol        0.0392 kcal/(mol*A)
xmin    60     -244.7044 kcal/mol        0.1237 kcal/(mol*A)
xmin    70     -244.7261 kcal/mol        0.0712 kcal/(mol*A)
xmin    80     -244.7421 kcal/mol        0.2246 kcal/(mol*A)
xmin    90     -244.7488 kcal/mol        0.0511 kcal/(mol*A)
xmin   100     -244.7518 kcal/mol        0.0257 kcal/(mol*A)
xmin   110     -244.7526 kcal/mol        0.0184 kcal/(mol*A)
xmin   120     -244.7479 kcal/mol        0.0921 kcal/(mol*A)
xmin   130     -244.7518 kcal/mol        0.0379 kcal/(mol*A)
xmin   140     -244.7530 kcal/mol        0.0146 kcal/(mol*A)
xmin   150     -244.7532 kcal/mol        0.0060 kcal/(mol*A)
xmin   160     -244.7533 kcal/mol        0.0046 kcal/(mol*A)
xmin   170     -244.7534 kcal/mol        0.0026 kcal/(mol*A)
xmin   180     -244.7534 kcal/mol        0.0017 kcal/(mol*A)
xmin   190     -244.7534 kcal/mol        0.0043 kcal/(mol*A)
xmin   200     -244.7534 kcal/mol        0.0018 kcal/(mol*A)
xmin   210     -244.7535 kcal/mol        0.0033 kcal/(mol*A)
xmin   220     -244.7535 kcal/mol        0.0010 kcal/(mol*A)
xmin   230     -244.7535 kcal/mol        0.0014 kcal/(mol*A)
xmin   230     -244.7535 kcal/mol        0.0004 kcal/(mol*A)
  ... geometry converged !
 
 Final MO eigenvalues (eV):
 -38.5469  -36.3202  -33.8871  -33.1506  -31.9003  -30.9449  -28.9824  -28.8567
 -28.3588  -26.1660  -25.3579  -24.5037  -21.0998  -20.0056  -19.2809  -16.5051
 -15.6199  -15.3711  -14.7289  -13.6676  -13.3172  -13.2324  -12.8898  -12.4505
 -12.1749  -11.8116  -11.6710  -11.4838  -11.1430  -11.0194  -10.8637  -10.5986
 -10.3625  -10.1765   -9.8455   -9.6498   -9.2304   -8.7684   -8.6257   -8.2587
  -8.1659   -7.9459   -6.6738   -6.4849   -6.2301   -6.2036   -6.1050   -5.9466
   2.1762    2.7537    3.5300    4.5309    4.6775    5.5204    5.8878    5.9845
   6.0278    6.2829    6.3343    6.4150    6.4746    6.5995    6.6792    6.7833
   6.9097    7.0108    7.1173    7.2733    7.4047    7.4733    7.5414    7.6749
   7.7761    7.9548    8.0560    8.1561    8.2453    8.3429    8.4555    8.7770
   9.1426    9.7552   10.4801   11.2484   12.6104

 Heat of formation   =       -244.75345880 kcal/mol  (      -10.61330640 eV)

 Total SCF energy    =     -76945.37775128 kcal/mol  (    -3336.60195791 eV)
 Electronic energy   =    -470323.37975499 kcal/mol  (   -20394.75216838 eV)
 Core-core repulsion =     393378.00200371 kcal/mol  (    17058.15021047 eV)
 
    Atomic Charges for Step       1 :
  Atom    Element       Mulliken Charge
     1      C                 -0.030
     2      C                 -0.216
     3      C                  0.109
     4      C                  0.346
     5      C                 -0.272
     6      C                  0.120
     7      C                 -0.802
     8      C                 -0.092
     9      C                  0.026
    10      C                 -0.197
    11      N                 -0.308
    12      O                 -1.194
    13      O                 -1.156
    14      O                 -0.823
    15      P                  2.615
    16      C                 -0.174
    17      O                 -0.405
    18      C                 -0.228
    19      H                  0.122
    20      H                  0.167
    21      H                  0.128
    22      H                  0.127
    23      H                  0.125
    24      H                  0.229
    25      H                  0.227
    26      H                  0.076
    27      H                  0.082
    28      H                  0.071
    29      H                  0.067
    30      H                  0.081
    31      H                  0.177
 Total Mulliken Charge =      -1.000
 
                  X        Y        Z     TOTAL  
  QM DIPOLE   162.854  -31.735  -25.385  167.849
 
 Final Structure

  QMMM: QM Region Cartesian Coordinates (*=link atom) 
  QMMM: QM_NO.   MM_NO.  ATOM         X         Y         Z
  QMMM:     1        1      C      -38.2893    4.9136    9.5795
  QMMM:     2        2      C      -37.4070    3.8853    9.2961
  QMMM:     3        3      C      -36.1460    4.1646    8.7090
  QMMM:     4        4      C      -34.0192    3.2452    7.9385
  QMMM:     5        5      C      -33.6627    4.5905    7.5255
  QMMM:     6        6      C      -34.4843    5.6752    7.6755
  QMMM:     7        7      C      -33.9793    6.9504    7.1485
  QMMM:     8        8      C      -35.7674    5.5042    8.3624
  QMMM:     9        9      C      -36.6769    6.5340    8.7096
  QMMM:    10       10      C      -37.9067    6.2280    9.2982
  QMMM:    11       11      N      -35.2878    3.0910    8.5040
  QMMM:    12       12      O      -35.2982    8.6382    5.6556
  QMMM:    13       13      O      -33.3164    7.2518    4.6574
  QMMM:    14       14      O      -35.6359    6.3096    5.1381
  QMMM:    15       15      P      -34.4842    7.3996    5.5484
  QMMM:    16       16      C      -39.6199    4.6372   10.1698
  QMMM:    17       17      O      -33.2951    2.2300    7.8393
  QMMM:    18       18      C      -36.4225    7.9820    8.5107
  QMMM:    19       19      H      -37.6889    2.8470    9.5268
  QMMM:    20       20      H      -32.6833    4.6723    7.0283
  QMMM:    21       21      H      -32.8568    6.8945    7.0815
  QMMM:    22       22      H      -34.1849    7.7988    7.8415
  QMMM:    23       23      H      -38.6038    7.0433    9.5457
  QMMM:    24       24      H      -35.6002    2.1776    8.7430
  QMMM:    25       25      H      -36.4878    6.7195    5.0351
  QMMM:    26       26      H      -39.8288    5.3413   11.0129
  QMMM:    27       27      H      -40.4151    4.7752    9.3946
  QMMM:    28       28      H      -39.6844    3.5913   10.5574
  QMMM:    29       29      H      -37.3145    8.5922    8.7997
  QMMM:    30       30      H      -35.5677    8.3171    9.1495
  QMMM:    31       31      H      -36.1939    8.2131    7.4287

           --------- Calculation Completed ----------

