
 _~__________________
 |_|_______________|_|
 |  ,-------------.  |
 | |  .---------.  | |
 | |  |P        |  | |
 | |  | a       |  | |
 | |  |  r      |  | |
 | |  |   m  ED |  | |
 | |  `---------'  | |
 | `---------------' |
 |   _ ParmedBoy     |
 | _| |_         ,-. |
 ||_ O _|   ,-. "._,"|
 |  |_|    "._,"   A |
 |    _  _    B      |
 |   // //           |
 |  // //    \\\\\\  |
 |  `  `      \\\\\\ ,
 |________...______,"
 
ParmEd: a Parameter file Editor


Loaded Amber topology file vim2_solv.prmtop
['parmed_ap1.in']
Reading actions from parmed_ap1.in

             Atom 1              Atom 2       R eq   Frc Cnst
   1307    C (   C)    1309    N (   N)     1.3350   490.0000
   1319    C (   C)    1320    O (   O)     1.2290   570.0000
   1319    C (   C)    1321    N (   N)     1.3350   490.0000
   1318  OD2 (  Y5)    3417   ZN (  M2)     1.9430    76.9000
   1316   CG (  CO)    1317  OD1 (  O2)     1.2500   656.0000
   1316   CG (  CO)    1318  OD2 (  Y5)     1.2500   656.0000
   1313   CB (  2C)    1316   CG (  CO)     1.5220   317.0000
   1311   CA (  CX)    1313   CB (  2C)     1.5260   310.0000
   1311   CA (  CX)    1319    C (   C)     1.5220   317.0000
   1309    N (   N)    1311   CA (  CX)     1.4490   337.0000
   1313   CB (  2C)    1314  HB2 (  HC)     1.0900   340.0000
   1313   CB (  2C)    1315  HB3 (  HC)     1.0900   340.0000
   1311   CA (  CX)    1312   HA (  H1)     1.0900   340.0000
   1309    N (   N)    1310    H (   H)     1.0100   434.0000

             Atom 1               Atom 2               Atom 3   Frc Cnst   Theta eq
   1308    O (   O)     1307    C (   C)     1309    N (   N)    80.0000   122.9001
   1307    C (   C)     1309    N (   N)     1311   CA (  CX)    50.0000   121.9001
   1299   CA (  CX)     1307    C (   C)     1309    N (   N)    70.0000   116.6000
   1320    O (   O)     1319    C (   C)     1321    N (   N)    80.0000   122.9001
   1319    C (   C)     1321    N (   N)     1323   CA (  CX)    50.0000   121.9001
   1318  OD2 (  Y5)     3417   ZN (  M2)     2458   SG (  Y6)    10.9900   103.9100
   1318  OD2 (  Y5)     3417   ZN (  M2)     3097  NE2 (  Y7)    32.3700   103.7100
   1318  OD2 (  Y5)     3417   ZN (  M2)     3432  O08 (  Y8)    18.4300   108.7000
   1317  OD1 (  O2)     1316   CG (  CO)     1318  OD2 (  Y5)    80.0000   126.0001
   1316   CG (  CO)     1318  OD2 (  Y5)     3417   ZN (  M2)    57.2900   116.5300
   1313   CB (  2C)     1311   CA (  CX)     1319    C (   C)    63.0000   111.1000
   1313   CB (  2C)     1316   CG (  CO)     1317  OD1 (  O2)    70.0000   117.0001
   1313   CB (  2C)     1316   CG (  CO)     1318  OD2 (  Y5)    70.0000   117.0001
   1311   CA (  CX)     1313   CB (  2C)     1316   CG (  CO)    63.0000   111.1000
   1311   CA (  CX)     1319    C (   C)     1320    O (   O)    80.0000   120.4001
   1311   CA (  CX)     1319    C (   C)     1321    N (   N)    70.0000   116.6000
   1309    N (   N)     1311   CA (  CX)     1313   CB (  2C)    80.0000   109.7000
   1309    N (   N)     1311   CA (  CX)     1319    C (   C)    63.0000   110.1000
   1307    C (   C)     1309    N (   N)     1310    H (   H)    50.0000   120.0001
   1319    C (   C)     1321    N (   N)     1322    H (   H)    50.0000   120.0001
   1315  HB3 (  HC)     1313   CB (  2C)     1316   CG (  CO)    50.0000   109.5000
   1314  HB2 (  HC)     1313   CB (  2C)     1315  HB3 (  HC)    35.0000   109.5000
   1314  HB2 (  HC)     1313   CB (  2C)     1316   CG (  CO)    50.0000   109.5000
   1312   HA (  H1)     1311   CA (  CX)     1313   CB (  2C)    50.0000   109.5000
   1312   HA (  H1)     1311   CA (  CX)     1319    C (   C)    50.0000   109.5000
   1311   CA (  CX)     1313   CB (  2C)     1314  HB2 (  HC)    50.0000   109.5000
   1311   CA (  CX)     1313   CB (  2C)     1315  HB3 (  HC)    50.0000   109.5000
   1310    H (   H)     1309    N (   N)     1311   CA (  CX)    50.0000   118.0401
   1309    N (   N)     1311   CA (  CX)     1312   HA (  H1)    50.0000   109.5000

               Atom 1               Atom 2               Atom 3               Atom 4     Height  Periodic.      Phase  EEL Scale  VDW Scale
     1308    O (   O)     1307    C (   C)     1309    N (   N)     1311   CA (  CX)     2.5000     2.0000   180.0001     1.2000     2.0000
     1307    C (   C)     1309    N (   N)     1311   CA (  CX)     1313   CB (  2C)     2.0000     1.0000     0.0000     1.2000     2.0000
M    1307    C (   C)     1309    N (   N)     1311   CA (  CX)     1313   CB (  2C)     1.8000     2.0000     0.0000     1.2000     2.0000
M    1307    C (   C)     1309    N (   N)     1311   CA (  CX)     1313   CB (  2C)     0.8000     3.0000     0.0000     1.2000     2.0000
M    1307    C (   C)     1309    N (   N)     1311   CA (  CX)     1313   CB (  2C)     0.0000     4.0000     0.0000     1.2000     2.0000
     1307    C (   C)     1309    N (   N)     1311   CA (  CX)     1319    C (   C)     0.0000     1.0000     0.0000     1.2000     2.0000
M    1307    C (   C)     1309    N (   N)     1311   CA (  CX)     1319    C (   C)     0.2700     2.0000     0.0000     1.2000     2.0000
M    1307    C (   C)     1309    N (   N)     1311   CA (  CX)     1319    C (   C)     0.4200     3.0000     0.0000     1.2000     2.0000
M    1307    C (   C)     1309    N (   N)     1311   CA (  CX)     1319    C (   C)     0.0000     4.0000     0.0000     1.2000     2.0000
     1301   CB (  2C)     1299   CA (  CX)     1307    C (   C)     1309    N (   N)     0.2000     1.0000     0.0000     1.2000     2.0000
M    1301   CB (  2C)     1299   CA (  CX)     1307    C (   C)     1309    N (   N)     0.2000     2.0000     0.0000     1.2000     2.0000
M    1301   CB (  2C)     1299   CA (  CX)     1307    C (   C)     1309    N (   N)     0.4000     3.0000     0.0000     1.2000     2.0000
M    1301   CB (  2C)     1299   CA (  CX)     1307    C (   C)     1309    N (   N)     0.0000     4.0000     0.0000     1.2000     2.0000
     1299   CA (  CX)     1307    C (   C)     1309    N (   N)     1311   CA (  CX)     2.5000     2.0000   180.0001     1.2000     2.0000
     1297    N (   N)     1299   CA (  CX)     1307    C (   C)     1309    N (   N)     0.4500     1.0000   180.0001     1.2000     2.0000
M    1297    N (   N)     1299   CA (  CX)     1307    C (   C)     1309    N (   N)     1.5800     2.0000   180.0001     1.2000     2.0000
M    1297    N (   N)     1299   CA (  CX)     1307    C (   C)     1309    N (   N)     0.5500     3.0000   180.0001     1.2000     2.0000
M    1297    N (   N)     1299   CA (  CX)     1307    C (   C)     1309    N (   N)     0.0000     4.0000     0.0000     1.2000     2.0000
     1320    O (   O)     1319    C (   C)     1321    N (   N)     1323   CA (  CX)     2.5000     2.0000   180.0001     1.2000     2.0000
     1319    C (   C)     1321    N (   N)     1323   CA (  CX)     1325   CB (  C8)     2.0000     1.0000     0.0000     1.2000     2.0000
M    1319    C (   C)     1321    N (   N)     1323   CA (  CX)     1325   CB (  C8)     1.8000     2.0000     0.0000     1.2000     2.0000
M    1319    C (   C)     1321    N (   N)     1323   CA (  CX)     1325   CB (  C8)     0.8000     3.0000     0.0000     1.2000     2.0000
M    1319    C (   C)     1321    N (   N)     1323   CA (  CX)     1325   CB (  C8)     0.0000     4.0000     0.0000     1.2000     2.0000
     1319    C (   C)     1321    N (   N)     1323   CA (  CX)     1343    C (   C)     0.0000     1.0000     0.0000     1.2000     2.0000
M    1319    C (   C)     1321    N (   N)     1323   CA (  CX)     1343    C (   C)     0.2700     2.0000     0.0000     1.2000     2.0000
M    1319    C (   C)     1321    N (   N)     1323   CA (  CX)     1343    C (   C)     0.4200     3.0000     0.0000     1.2000     2.0000
M    1319    C (   C)     1321    N (   N)     1323   CA (  CX)     1343    C (   C)     0.0000     4.0000     0.0000     1.2000     2.0000
     1318  OD2 (  Y5)     3417   ZN (  M2)     2458   SG (  Y6)     2455   CB (  2C)     0.0000     3.0000     0.0000     1.2000     2.0000
     1318  OD2 (  Y5)     3417   ZN (  M2)     3097  NE2 (  Y7)     3095  CE1 (  CR)     0.0000     3.0000     0.0000     1.2000     2.0000
     1318  OD2 (  Y5)     3417   ZN (  M2)     3097  NE2 (  Y7)     3098  CD2 (  CV)     0.0000     3.0000     0.0000     1.2000     2.0000
     1318  OD2 (  Y5)     3417   ZN (  M2)     3432  O08 (  Y8)     3435  P06 (  p5)     0.0000     3.0000     0.0000     1.2000     2.0000
     1317  OD1 (  O2)     1316   CG (  CO)     1318  OD2 (  Y5)     3417   ZN (  M2)     0.0000     3.0000     0.0000     1.2000     2.0000
     1316   CG (  CO)     1313   CB (  2C)     1311   CA (  CX)     1319    C (   C)     0.4240     1.0000     0.0000     1.2000     2.0000
M    1316   CG (  CO)     1313   CB (  2C)     1311   CA (  CX)     1319    C (   C)     0.4590     2.0000   180.0001     1.2000     2.0000
M    1316   CG (  CO)     1313   CB (  2C)     1311   CA (  CX)     1319    C (   C)     0.0580     3.0000     0.0000     1.2000     2.0000
M    1316   CG (  CO)     1313   CB (  2C)     1311   CA (  CX)     1319    C (   C)     0.1540     4.0000     0.0000     1.2000     2.0000
     1316   CG (  CO)     1318  OD2 (  Y5)     3417   ZN (  M2)     2458   SG (  Y6)     0.0000     3.0000     0.0000     1.2000     2.0000
     1316   CG (  CO)     1318  OD2 (  Y5)     3417   ZN (  M2)     3097  NE2 (  Y7)     0.0000     3.0000     0.0000     1.2000     2.0000
     1316   CG (  CO)     1318  OD2 (  Y5)     3417   ZN (  M2)     3432  O08 (  Y8)     0.0000     3.0000     0.0000     1.2000     2.0000
     1313   CB (  2C)     1311   CA (  CX)     1319    C (   C)     1320    O (   O)     0.0000     2.0000     0.0000     1.2000     2.0000
     1313   CB (  2C)     1311   CA (  CX)     1319    C (   C)     1321    N (   N)     0.2000     1.0000     0.0000     1.2000     2.0000
M    1313   CB (  2C)     1311   CA (  CX)     1319    C (   C)     1321    N (   N)     0.2000     2.0000     0.0000     1.2000     2.0000
M    1313   CB (  2C)     1311   CA (  CX)     1319    C (   C)     1321    N (   N)     0.4000     3.0000     0.0000     1.2000     2.0000
M    1313   CB (  2C)     1311   CA (  CX)     1319    C (   C)     1321    N (   N)     0.0000     4.0000     0.0000     1.2000     2.0000
     1313   CB (  2C)     1316   CG (  CO)     1318  OD2 (  Y5)     3417   ZN (  M2)     0.0000     3.0000     0.0000     1.2000     2.0000
     1311   CA (  CX)     1313   CB (  2C)     1316   CG (  CO)     1317  OD1 (  O2)     0.0000     1.0000     0.0000     1.2000     2.0000
M    1311   CA (  CX)     1313   CB (  2C)     1316   CG (  CO)     1317  OD1 (  O2)     0.7690     2.0000   180.0001     1.2000     2.0000
M    1311   CA (  CX)     1313   CB (  2C)     1316   CG (  CO)     1317  OD1 (  O2)     0.0000     3.0000     0.0000     1.2000     2.0000
M    1311   CA (  CX)     1313   CB (  2C)     1316   CG (  CO)     1317  OD1 (  O2)     0.0310     4.0000   180.0001     1.2000     2.0000
     1311   CA (  CX)     1313   CB (  2C)     1316   CG (  CO)     1318  OD2 (  Y5)     0.0000     1.0000     0.0000     1.2000     2.0000
M    1311   CA (  CX)     1313   CB (  2C)     1316   CG (  CO)     1318  OD2 (  Y5)     0.7690     2.0000   180.0001     1.2000     2.0000
M    1311   CA (  CX)     1313   CB (  2C)     1316   CG (  CO)     1318  OD2 (  Y5)     0.0000     3.0000     0.0000     1.2000     2.0000
M    1311   CA (  CX)     1313   CB (  2C)     1316   CG (  CO)     1318  OD2 (  Y5)     0.0310     4.0000   180.0001     1.2000     2.0000
     1311   CA (  CX)     1319    C (   C)     1321    N (   N)     1323   CA (  CX)     2.5000     2.0000   180.0001     1.2000     2.0000
     1309    N (   N)     1311   CA (  CX)     1313   CB (  2C)     1316   CG (  CO)     2.1540     1.0000   180.0001     1.2000     2.0000
M    1309    N (   N)     1311   CA (  CX)     1313   CB (  2C)     1316   CG (  CO)     0.6470     2.0000   180.0001     1.2000     2.0000
M    1309    N (   N)     1311   CA (  CX)     1313   CB (  2C)     1316   CG (  CO)     0.0580     3.0000     0.0000     1.2000     2.0000
M    1309    N (   N)     1311   CA (  CX)     1313   CB (  2C)     1316   CG (  CO)     0.0890     4.0000     0.0000     1.2000     2.0000
     1309    N (   N)     1311   CA (  CX)     1319    C (   C)     1320    O (   O)     0.0000     2.0000     0.0000     1.2000     2.0000
     1309    N (   N)     1311   CA (  CX)     1319    C (   C)     1321    N (   N)     0.4500     1.0000   180.0001     1.2000     2.0000
M    1309    N (   N)     1311   CA (  CX)     1319    C (   C)     1321    N (   N)     1.5800     2.0000   180.0001     1.2000     2.0000
M    1309    N (   N)     1311   CA (  CX)     1319    C (   C)     1321    N (   N)     0.5500     3.0000   180.0001     1.2000     2.0000
M    1309    N (   N)     1311   CA (  CX)     1319    C (   C)     1321    N (   N)     0.0000     4.0000     0.0000     1.2000     2.0000
I    1299   CA (  CX)     1309    N (   N)     1307    C (   C)     1308    O (   O)    10.5000     2.0000   180.0001     0.0000     0.0000
I    1311   CA (  CX)     1321    N (   N)     1319    C (   C)     1320    O (   O)    10.5000     2.0000   180.0001     0.0000     0.0000
I    1313   CB (  2C)     1317  OD1 (  O2)     1316   CG (  CO)     1318  OD2 (  Y5)    10.5000     2.0000   180.0001     0.0000     0.0000
     1308    O (   O)     1307    C (   C)     1309    N (   N)     1310    H (   H)     2.0000     1.0000     0.0000     1.2000     2.0000
M    1308    O (   O)     1307    C (   C)     1309    N (   N)     1310    H (   H)     2.5000     2.0000   180.0001     1.2000     2.0000
     1307    C (   C)     1309    N (   N)     1311   CA (  CX)     1312   HA (  H1)     0.0000     2.0000     0.0000     1.2000     2.0000
     1300   HA (  H1)     1299   CA (  CX)     1307    C (   C)     1309    N (   N)     0.0000     2.0000     0.0000     1.2000     2.0000
     1299   CA (  CX)     1307    C (   C)     1309    N (   N)     1310    H (   H)     2.5000     2.0000   180.0001     1.2000     2.0000
     1320    O (   O)     1319    C (   C)     1321    N (   N)     1322    H (   H)     2.0000     1.0000     0.0000     1.2000     2.0000
M    1320    O (   O)     1319    C (   C)     1321    N (   N)     1322    H (   H)     2.5000     2.0000   180.0001     1.2000     2.0000
     1319    C (   C)     1321    N (   N)     1323   CA (  CX)     1324   HA (  H1)     0.0000     2.0000     0.0000     1.2000     2.0000
     1315  HB3 (  HC)     1313   CB (  2C)     1311   CA (  CX)     1319    C (   C)     0.1556     3.0000     0.0000     1.2000     2.0000
     1315  HB3 (  HC)     1313   CB (  2C)     1316   CG (  CO)     1317  OD1 (  O2)     0.0000     2.0000     0.0000     1.2000     2.0000
     1315  HB3 (  HC)     1313   CB (  2C)     1316   CG (  CO)     1318  OD2 (  Y5)     0.0000     2.0000     0.0000     1.2000     2.0000
     1314  HB2 (  HC)     1313   CB (  2C)     1311   CA (  CX)     1319    C (   C)     0.1556     3.0000     0.0000     1.2000     2.0000
     1314  HB2 (  HC)     1313   CB (  2C)     1316   CG (  CO)     1317  OD1 (  O2)     0.0000     2.0000     0.0000     1.2000     2.0000
     1314  HB2 (  HC)     1313   CB (  2C)     1316   CG (  CO)     1318  OD2 (  Y5)     0.0000     2.0000     0.0000     1.2000     2.0000
     1312   HA (  H1)     1311   CA (  CX)     1313   CB (  2C)     1314  HB2 (  HC)     0.1556     3.0000     0.0000     1.2000     2.0000
     1312   HA (  H1)     1311   CA (  CX)     1313   CB (  2C)     1315  HB3 (  HC)     0.1556     3.0000     0.0000     1.2000     2.0000
     1312   HA (  H1)     1311   CA (  CX)     1313   CB (  2C)     1316   CG (  CO)     0.1556     3.0000     0.0000     1.2000     2.0000
     1312   HA (  H1)     1311   CA (  CX)     1319    C (   C)     1320    O (   O)     0.8000     1.0000     0.0000     1.2000     2.0000
M    1312   HA (  H1)     1311   CA (  CX)     1319    C (   C)     1320    O (   O)     0.0000     2.0000     0.0000     1.2000     2.0000
M    1312   HA (  H1)     1311   CA (  CX)     1319    C (   C)     1320    O (   O)     0.0800     3.0000   180.0001     1.2000     2.0000
     1312   HA (  H1)     1311   CA (  CX)     1319    C (   C)     1321    N (   N)     0.0000     2.0000     0.0000     1.2000     2.0000
     1311   CA (  CX)     1319    C (   C)     1321    N (   N)     1322    H (   H)     2.5000     2.0000   180.0001     1.2000     2.0000
     1310    H (   H)     1309    N (   N)     1311   CA (  CX)     1312   HA (  H1)     0.0000     2.0000     0.0000     1.2000     2.0000
     1310    H (   H)     1309    N (   N)     1311   CA (  CX)     1313   CB (  2C)     0.0000     2.0000     0.0000     1.2000     2.0000
     1310    H (   H)     1309    N (   N)     1311   CA (  CX)     1319    C (   C)     0.0000     2.0000     0.0000     1.2000     2.0000
     1309    N (   N)     1311   CA (  CX)     1313   CB (  2C)     1314  HB2 (  HC)     0.1556     3.0000     0.0000     1.2000     2.0000
     1309    N (   N)     1311   CA (  CX)     1313   CB (  2C)     1315  HB3 (  HC)     0.1556     3.0000     0.0000     1.2000     2.0000
I    1307    C (   C)     1311   CA (  CX)     1309    N (   N)     1310    H (   H)     1.1000     2.0000   180.0001     0.0000     0.0000
I    1319    C (   C)     1323   CA (  CX)     1321    N (   N)     1322    H (   H)     1.1000     2.0000   180.0001     0.0000     0.0000


The mask :AP1 matches 12 atoms:

   ATOM    RES  RESNAME  NAME  TYPE   At.#   LJ Radius    LJ Depth      Mass    Charge GB Radius GB Screen
   1309     87      AP1     N     N      7      1.8240      0.1700   14.0100   -0.5163    1.5500    0.7900
   1310     87      AP1     H     H      1      0.6000      0.0157    1.0080    0.4018    1.3000    0.8500
   1311     87      AP1    CA    CX      6      1.9080      0.1094   12.0100    0.0381    1.7000    0.7200
   1312     87      AP1    HA    H1      1      1.3870      0.0157    1.0080    0.1311    1.3000    0.8500
   1313     87      AP1    CB    2C      6      1.9080      0.1094   12.0100    1.0557    1.7000    0.7200
   1314     87      AP1   HB2    HC      1      1.4870      0.0157    1.0080   -0.2774    1.2000    0.8500
   1315     87      AP1   HB3    HC      1      1.4870      0.0157    1.0080   -0.2774    1.2000    0.8500
   1316     87      AP1    CG    CO      6      1.9080      0.0860   12.0100    0.6680    1.7000    0.7200
   1317     87      AP1   OD1    O2      8      1.6612      0.2100   16.0000   -0.6300    1.5000    0.8500
   1318     87      AP1   OD2    Y5      8      1.6612      0.2100   16.0000   -0.9136    1.5000    0.8500
   1319     87      AP1     C     C      6      1.9080      0.0860   12.0100    0.5366    1.7000    0.7200
   1320     87      AP1     O     O      8      1.6612      0.2100   16.0000   -0.5819    1.5000    0.8500

Done!
