
                 ./       |      |        \.
               .:(        |i __ j|        ):`.
             .'   `._     |`::::'|     _.'    `.
           .'        "---.j `::' f.---"         `.
     _____/     ___    ____      __    __  ____   ___    
    |      \   |   |  |     `__'|  \  /  ||    | |   \    
    |  .-.  | .'   `| | .-.  |-/|   \/   || ___| |  . \   
    |  |_|  | |  i  | | |_| /"":|        || |    | | \ \  
    |       / | .^. | |    /::::|        || |__. | |  \ \ 
    |  ----'  | | | | |    \ :: |        ||  __| | |  |  )
    |  |     .' ''' `.|  |\ \   |  i  i  j| |    . | /  /  
    |  |     |   _   ||  | \ \  |  |\/|  || |__. | |.  / .
   [|  |     |  | |  ||  |  \ \ |  |  |  ||    | |    /   ].
  ] `--'     :--' `--::--'   \_|`--' ::--"|____|-"-- /    :[
  |      __  ::-'''`.:' "--.    .----::.----:: ,.---._    :|
  [  .-""  "`'              \  /      "      `'       `-. :].
 ]:.'                        \/                          `.:[
 |/                                                        \|

ParmEd: a Parameter file Editor


Loaded Amber topology file vim2_solv.prmtop
['parmed_cs1.in']
Reading actions from parmed_cs1.in

             Atom 1              Atom 2       R eq   Frc Cnst
   2449    C (   C)    2451    N (   N)     1.3350   490.0000
   2459    C (   C)    2460    O (   O)     1.2290   570.0000
   2459    C (   C)    2461    N (   N)     1.3350   490.0000
   2458   SG (  Y6)    3417   ZN (  M2)     2.3860    37.9000
   2455   CB (  2C)    2458   SG (  Y6)     1.8100   237.0000
   2453   CA (  CX)    2455   CB (  2C)     1.5260   310.0000
   2453   CA (  CX)    2459    C (   C)     1.5220   317.0000
   2451    N (   N)    2453   CA (  CX)     1.4490   337.0000
   2455   CB (  2C)    2456  HB3 (  H1)     1.0900   340.0000
   2455   CB (  2C)    2457  HB2 (  H1)     1.0900   340.0000
   2453   CA (  CX)    2454   HA (  H1)     1.0900   340.0000
   2451    N (   N)    2452    H (   H)     1.0100   434.0000

             Atom 1               Atom 2               Atom 3   Frc Cnst   Theta eq
   1318  OD2 (  Y5)     3417   ZN (  M2)     2458   SG (  Y6)    10.9900   103.9100
   2450    O (   O)     2449    C (   C)     2451    N (   N)    80.0000   122.9001
   2449    C (   C)     2451    N (   N)     2453   CA (  CX)    50.0000   121.9001
   2446   CA (  CX)     2449    C (   C)     2451    N (   N)    70.0000   116.6000
   2460    O (   O)     2459    C (   C)     2461    N (   N)    80.0000   122.9001
   2459    C (   C)     2461    N (   N)     2463   CA (  CX)    50.0000   121.9001
   2458   SG (  Y6)     3417   ZN (  M2)     3097  NE2 (  Y7)     3.9900   111.6100
   2458   SG (  Y6)     3417   ZN (  M2)     3432  O08 (  Y8)    21.6900   108.1700
   2455   CB (  2C)     2453   CA (  CX)     2459    C (   C)    63.0000   111.1000
   2455   CB (  2C)     2458   SG (  Y6)     3417   ZN (  M2)    53.5600   108.3000
   2453   CA (  CX)     2455   CB (  2C)     2458   SG (  Y6)    50.0000   108.6000
   2453   CA (  CX)     2459    C (   C)     2460    O (   O)    80.0000   120.4001
   2453   CA (  CX)     2459    C (   C)     2461    N (   N)    70.0000   116.6000
   2451    N (   N)     2453   CA (  CX)     2455   CB (  2C)    80.0000   109.7000
   2451    N (   N)     2453   CA (  CX)     2459    C (   C)    63.0000   110.1000
   2449    C (   C)     2451    N (   N)     2452    H (   H)    50.0000   120.0001
   2459    C (   C)     2461    N (   N)     2462    H (   H)    50.0000   120.0001
   2457  HB2 (  H1)     2455   CB (  2C)     2458   SG (  Y6)    50.0000   109.5000
   2456  HB3 (  H1)     2455   CB (  2C)     2457  HB2 (  H1)    35.0000   109.5000
   2456  HB3 (  H1)     2455   CB (  2C)     2458   SG (  Y6)    50.0000   109.5000
   2454   HA (  H1)     2453   CA (  CX)     2455   CB (  2C)    50.0000   109.5000
   2454   HA (  H1)     2453   CA (  CX)     2459    C (   C)    50.0000   109.5000
   2453   CA (  CX)     2455   CB (  2C)     2456  HB3 (  H1)    50.0000   109.5000
   2453   CA (  CX)     2455   CB (  2C)     2457  HB2 (  H1)    50.0000   109.5000
   2452    H (   H)     2451    N (   N)     2453   CA (  CX)    50.0000   118.0401
   2451    N (   N)     2453   CA (  CX)     2454   HA (  H1)    50.0000   109.5000

               Atom 1               Atom 2               Atom 3               Atom 4     Height  Periodic.      Phase  EEL Scale  VDW Scale
     1318  OD2 (  Y5)     3417   ZN (  M2)     2458   SG (  Y6)     2455   CB (  2C)     0.0000     3.0000     0.0000     1.2000     2.0000
     1316   CG (  CO)     1318  OD2 (  Y5)     3417   ZN (  M2)     2458   SG (  Y6)     0.0000     3.0000     0.0000     1.2000     2.0000
     2450    O (   O)     2449    C (   C)     2451    N (   N)     2453   CA (  CX)     2.5000     2.0000   180.0001     1.2000     2.0000
     2449    C (   C)     2451    N (   N)     2453   CA (  CX)     2455   CB (  2C)     2.0000     1.0000     0.0000     1.2000     2.0000
M    2449    C (   C)     2451    N (   N)     2453   CA (  CX)     2455   CB (  2C)     1.8000     2.0000     0.0000     1.2000     2.0000
M    2449    C (   C)     2451    N (   N)     2453   CA (  CX)     2455   CB (  2C)     0.8000     3.0000     0.0000     1.2000     2.0000
M    2449    C (   C)     2451    N (   N)     2453   CA (  CX)     2455   CB (  2C)     0.0000     4.0000     0.0000     1.2000     2.0000
     2449    C (   C)     2451    N (   N)     2453   CA (  CX)     2459    C (   C)     0.0000     1.0000     0.0000     1.2000     2.0000
M    2449    C (   C)     2451    N (   N)     2453   CA (  CX)     2459    C (   C)     0.2700     2.0000     0.0000     1.2000     2.0000
M    2449    C (   C)     2451    N (   N)     2453   CA (  CX)     2459    C (   C)     0.4200     3.0000     0.0000     1.2000     2.0000
M    2449    C (   C)     2451    N (   N)     2453   CA (  CX)     2459    C (   C)     0.0000     4.0000     0.0000     1.2000     2.0000
     2446   CA (  CX)     2449    C (   C)     2451    N (   N)     2453   CA (  CX)     2.5000     2.0000   180.0001     1.2000     2.0000
     2444    N (   N)     2446   CA (  CX)     2449    C (   C)     2451    N (   N)     0.4500     1.0000   180.0001     1.2000     2.0000
M    2444    N (   N)     2446   CA (  CX)     2449    C (   C)     2451    N (   N)     1.5800     2.0000   180.0001     1.2000     2.0000
M    2444    N (   N)     2446   CA (  CX)     2449    C (   C)     2451    N (   N)     0.5500     3.0000   180.0001     1.2000     2.0000
M    2444    N (   N)     2446   CA (  CX)     2449    C (   C)     2451    N (   N)     0.0000     4.0000     0.0000     1.2000     2.0000
     2460    O (   O)     2459    C (   C)     2461    N (   N)     2463   CA (  CX)     2.5000     2.0000   180.0001     1.2000     2.0000
     2459    C (   C)     2461    N (   N)     2463   CA (  CX)     2465   CB (  CT)     2.0000     1.0000     0.0000     1.2000     2.0000
M    2459    C (   C)     2461    N (   N)     2463   CA (  CX)     2465   CB (  CT)     1.8000     2.0000     0.0000     1.2000     2.0000
M    2459    C (   C)     2461    N (   N)     2463   CA (  CX)     2465   CB (  CT)     0.8000     3.0000     0.0000     1.2000     2.0000
M    2459    C (   C)     2461    N (   N)     2463   CA (  CX)     2465   CB (  CT)     0.0000     4.0000     0.0000     1.2000     2.0000
     2459    C (   C)     2461    N (   N)     2463   CA (  CX)     2469    C (   C)     0.0000     1.0000     0.0000     1.2000     2.0000
M    2459    C (   C)     2461    N (   N)     2463   CA (  CX)     2469    C (   C)     0.2700     2.0000     0.0000     1.2000     2.0000
M    2459    C (   C)     2461    N (   N)     2463   CA (  CX)     2469    C (   C)     0.4200     3.0000     0.0000     1.2000     2.0000
M    2459    C (   C)     2461    N (   N)     2463   CA (  CX)     2469    C (   C)     0.0000     4.0000     0.0000     1.2000     2.0000
     2458   SG (  Y6)     2455   CB (  2C)     2453   CA (  CX)     2459    C (   C)     0.2690     1.0000   180.0001     1.2000     2.0000
M    2458   SG (  Y6)     2455   CB (  2C)     2453   CA (  CX)     2459    C (   C)     0.3370     2.0000   180.0001     1.2000     2.0000
M    2458   SG (  Y6)     2455   CB (  2C)     2453   CA (  CX)     2459    C (   C)     0.2510     3.0000     0.0000     1.2000     2.0000
M    2458   SG (  Y6)     2455   CB (  2C)     2453   CA (  CX)     2459    C (   C)     0.0750     4.0000     0.0000     1.2000     2.0000
     2458   SG (  Y6)     3417   ZN (  M2)     3097  NE2 (  Y7)     3095  CE1 (  CR)     0.0000     3.0000     0.0000     1.2000     2.0000
     2458   SG (  Y6)     3417   ZN (  M2)     3097  NE2 (  Y7)     3098  CD2 (  CV)     0.0000     3.0000     0.0000     1.2000     2.0000
     2458   SG (  Y6)     3417   ZN (  M2)     3432  O08 (  Y8)     3435  P06 (  p5)     0.0000     3.0000     0.0000     1.2000     2.0000
     2455   CB (  2C)     2453   CA (  CX)     2459    C (   C)     2460    O (   O)     0.0000     2.0000     0.0000     1.2000     2.0000
     2455   CB (  2C)     2453   CA (  CX)     2459    C (   C)     2461    N (   N)     0.2000     1.0000     0.0000     1.2000     2.0000
M    2455   CB (  2C)     2453   CA (  CX)     2459    C (   C)     2461    N (   N)     0.2000     2.0000     0.0000     1.2000     2.0000
M    2455   CB (  2C)     2453   CA (  CX)     2459    C (   C)     2461    N (   N)     0.4000     3.0000     0.0000     1.2000     2.0000
M    2455   CB (  2C)     2453   CA (  CX)     2459    C (   C)     2461    N (   N)     0.0000     4.0000     0.0000     1.2000     2.0000
     2455   CB (  2C)     2458   SG (  Y6)     3417   ZN (  M2)     3097  NE2 (  Y7)     0.0000     3.0000     0.0000     1.2000     2.0000
     2455   CB (  2C)     2458   SG (  Y6)     3417   ZN (  M2)     3432  O08 (  Y8)     0.0000     3.0000     0.0000     1.2000     2.0000
     2453   CA (  CX)     2455   CB (  2C)     2458   SG (  Y6)     3417   ZN (  M2)     0.0000     3.0000     0.0000     1.2000     2.0000
     2453   CA (  CX)     2459    C (   C)     2461    N (   N)     2463   CA (  CX)     2.5000     2.0000   180.0001     1.2000     2.0000
     2451    N (   N)     2453   CA (  CX)     2455   CB (  2C)     2458   SG (  Y6)     0.1540     1.0000     0.0000     1.2000     2.0000
M    2451    N (   N)     2453   CA (  CX)     2455   CB (  2C)     2458   SG (  Y6)     0.4860     2.0000   180.0001     1.2000     2.0000
M    2451    N (   N)     2453   CA (  CX)     2455   CB (  2C)     2458   SG (  Y6)     0.2510     3.0000     0.0000     1.2000     2.0000
M    2451    N (   N)     2453   CA (  CX)     2455   CB (  2C)     2458   SG (  Y6)     0.0330     4.0000     0.0000     1.2000     2.0000
     2451    N (   N)     2453   CA (  CX)     2459    C (   C)     2460    O (   O)     0.0000     2.0000     0.0000     1.2000     2.0000
     2451    N (   N)     2453   CA (  CX)     2459    C (   C)     2461    N (   N)     0.4500     1.0000   180.0001     1.2000     2.0000
M    2451    N (   N)     2453   CA (  CX)     2459    C (   C)     2461    N (   N)     1.5800     2.0000   180.0001     1.2000     2.0000
M    2451    N (   N)     2453   CA (  CX)     2459    C (   C)     2461    N (   N)     0.5500     3.0000   180.0001     1.2000     2.0000
M    2451    N (   N)     2453   CA (  CX)     2459    C (   C)     2461    N (   N)     0.0000     4.0000     0.0000     1.2000     2.0000
I    2446   CA (  CX)     2451    N (   N)     2449    C (   C)     2450    O (   O)    10.5000     2.0000   180.0001     0.0000     0.0000
I    2453   CA (  CX)     2461    N (   N)     2459    C (   C)     2460    O (   O)    10.5000     2.0000   180.0001     0.0000     0.0000
     2450    O (   O)     2449    C (   C)     2451    N (   N)     2452    H (   H)     2.0000     1.0000     0.0000     1.2000     2.0000
M    2450    O (   O)     2449    C (   C)     2451    N (   N)     2452    H (   H)     2.5000     2.0000   180.0001     1.2000     2.0000
     2449    C (   C)     2451    N (   N)     2453   CA (  CX)     2454   HA (  H1)     0.0000     2.0000     0.0000     1.2000     2.0000
     2448  HA3 (  H1)     2446   CA (  CX)     2449    C (   C)     2451    N (   N)     0.0000     2.0000     0.0000     1.2000     2.0000
     2447  HA2 (  H1)     2446   CA (  CX)     2449    C (   C)     2451    N (   N)     0.0000     2.0000     0.0000     1.2000     2.0000
     2446   CA (  CX)     2449    C (   C)     2451    N (   N)     2452    H (   H)     2.5000     2.0000   180.0001     1.2000     2.0000
     2460    O (   O)     2459    C (   C)     2461    N (   N)     2462    H (   H)     2.0000     1.0000     0.0000     1.2000     2.0000
M    2460    O (   O)     2459    C (   C)     2461    N (   N)     2462    H (   H)     2.5000     2.0000   180.0001     1.2000     2.0000
     2459    C (   C)     2461    N (   N)     2463   CA (  CX)     2464   HA (  H1)     0.0000     2.0000     0.0000     1.2000     2.0000
     2457  HB2 (  H1)     2455   CB (  2C)     2453   CA (  CX)     2459    C (   C)     0.1556     3.0000     0.0000     1.2000     2.0000
     2457  HB2 (  H1)     2455   CB (  2C)     2458   SG (  Y6)     3417   ZN (  M2)     0.0000     3.0000     0.0000     1.2000     2.0000
     2456  HB3 (  H1)     2455   CB (  2C)     2453   CA (  CX)     2459    C (   C)     0.1556     3.0000     0.0000     1.2000     2.0000
     2456  HB3 (  H1)     2455   CB (  2C)     2458   SG (  Y6)     3417   ZN (  M2)     0.0000     3.0000     0.0000     1.2000     2.0000
     2454   HA (  H1)     2453   CA (  CX)     2455   CB (  2C)     2456  HB3 (  H1)     0.1556     3.0000     0.0000     1.2000     2.0000
     2454   HA (  H1)     2453   CA (  CX)     2455   CB (  2C)     2457  HB2 (  H1)     0.1556     3.0000     0.0000     1.2000     2.0000
     2454   HA (  H1)     2453   CA (  CX)     2455   CB (  2C)     2458   SG (  Y6)     0.1556     3.0000     0.0000     1.2000     2.0000
     2454   HA (  H1)     2453   CA (  CX)     2459    C (   C)     2460    O (   O)     0.8000     1.0000     0.0000     1.2000     2.0000
M    2454   HA (  H1)     2453   CA (  CX)     2459    C (   C)     2460    O (   O)     0.0000     2.0000     0.0000     1.2000     2.0000
M    2454   HA (  H1)     2453   CA (  CX)     2459    C (   C)     2460    O (   O)     0.0800     3.0000   180.0001     1.2000     2.0000
     2454   HA (  H1)     2453   CA (  CX)     2459    C (   C)     2461    N (   N)     0.0000     2.0000     0.0000     1.2000     2.0000
     2453   CA (  CX)     2459    C (   C)     2461    N (   N)     2462    H (   H)     2.5000     2.0000   180.0001     1.2000     2.0000
     2452    H (   H)     2451    N (   N)     2453   CA (  CX)     2454   HA (  H1)     0.0000     2.0000     0.0000     1.2000     2.0000
     2452    H (   H)     2451    N (   N)     2453   CA (  CX)     2455   CB (  2C)     0.0000     2.0000     0.0000     1.2000     2.0000
     2452    H (   H)     2451    N (   N)     2453   CA (  CX)     2459    C (   C)     0.0000     2.0000     0.0000     1.2000     2.0000
     2451    N (   N)     2453   CA (  CX)     2455   CB (  2C)     2456  HB3 (  H1)     0.1556     3.0000     0.0000     1.2000     2.0000
     2451    N (   N)     2453   CA (  CX)     2455   CB (  2C)     2457  HB2 (  H1)     0.1556     3.0000     0.0000     1.2000     2.0000
I    2449    C (   C)     2453   CA (  CX)     2451    N (   N)     2452    H (   H)     1.1000     2.0000   180.0001     0.0000     0.0000
I    2459    C (   C)     2463   CA (  CX)     2461    N (   N)     2462    H (   H)     1.1000     2.0000   180.0001     0.0000     0.0000


The mask :CS1 matches 10 atoms:

   ATOM    RES  RESNAME  NAME  TYPE   At.#   LJ Radius    LJ Depth      Mass    Charge GB Radius GB Screen
   2451    167      CS1     N     N      7      1.8240      0.1700   14.0100   -0.4157    1.5500    0.7900
   2452    167      CS1     H     H      1      0.6000      0.0157    1.0080    0.2915    1.3000    0.8500
   2453    167      CS1    CA    CX      6      1.9080      0.1094   12.0100    0.0213    1.7000    0.7200
   2454    167      CS1    HA    H1      1      1.3870      0.0157    1.0080    0.1247    1.3000    0.8500
   2455    167      CS1    CB    2C      6      1.9080      0.1094   12.0100   -0.0386    1.7000    0.7200
   2456    167      CS1   HB3    H1      1      1.3870      0.0157    1.0080    0.0203    1.2000    0.8500
   2457    167      CS1   HB2    H1      1      1.3870      0.0157    1.0080    0.0203    1.2000    0.8500
   2458    167      CS1    SG    Y6     16      2.0000      0.2500   32.0600   -0.3690    1.8000    0.9600
   2459    167      CS1     C     C      6      1.9080      0.0860   12.0100    0.5973    1.7000    0.7200
   2460    167      CS1     O     O      8      1.6612      0.2100   16.0000   -0.5679    1.5000    0.8500

Done!
