
                 ./       |      |        \.
               .:(        |i __ j|        ):`.
             .'   `._     |`::::'|     _.'    `.
           .'        "---.j `::' f.---"         `.
     _____/     ___    ____      __    __  ____   ___    
    |      \   |   |  |     `__'|  \  /  ||    | |   \    
    |  .-.  | .'   `| | .-.  |-/|   \/   || ___| |  . \   
    |  |_|  | |  i  | | |_| /"":|        || |    | | \ \  
    |       / | .^. | |    /::::|        || |__. | |  \ \ 
    |  ----'  | | | | |    \ :: |        ||  __| | |  |  )
    |  |     .' ''' `.|  |\ \   |  i  i  j| |    . | /  /  
    |  |     |   _   ||  | \ \  |  |\/|  || |__. | |.  / .
   [|  |     |  | |  ||  |  \ \ |  |  |  ||    | |    /   ].
  ] `--'     :--' `--::--'   \_|`--' ::--"|____|-"-- /    :[
  |      __  ::-'''`.:' "--.    .----::.----:: ,.---._    :|
  [  .-""  "`'              \  /      "      `'       `-. :].
 ]:.'                        \/                          `.:[
 |/                                                        \|

ParmEd: a Parameter file Editor


Loaded Amber topology file vim2_solv.prmtop
['parmed_hd3.in']
Reading actions from parmed_hd3.in

             Atom 1              Atom 2       R eq   Frc Cnst
   3083    C (   C)    3085    N (   N)     1.3350   490.0000
   3100    C (   C)    3101    O (   O)     1.2290   570.0000
   3100    C (   C)    3102    N (   N)     1.3350   490.0000
   3097  NE2 (  Y7)    3098  CD2 (  CV)     1.3940   410.0000
   3097  NE2 (  Y7)    3417   ZN (  M2)     1.9756    95.6000
   3095  CE1 (  CR)    3097  NE2 (  Y7)     1.3350   488.0000
   3093  ND1 (  NA)    3095  CE1 (  CR)     1.3430   477.0000
   3092   CG (  CC)    3093  ND1 (  NA)     1.3850   422.0000
   3092   CG (  CC)    3098  CD2 (  CV)     1.3750   512.0000
   3089   CB (  CT)    3092   CG (  CC)     1.5040   317.0000
   3087   CA (  CX)    3089   CB (  CT)     1.5260   310.0000
   3087   CA (  CX)    3100    C (   C)     1.5220   317.0000
   3085    N (   N)    3087   CA (  CX)     1.4490   337.0000
   3098  CD2 (  CV)    3099  HD2 (  H4)     1.0800   367.0000
   3095  CE1 (  CR)    3096  HE1 (  H5)     1.0800   367.0000
   3093  ND1 (  NA)    3094  HD1 (   H)     1.0100   434.0000
   3089   CB (  CT)    3090  HB2 (  HC)     1.0900   340.0000
   3089   CB (  CT)    3091  HB3 (  HC)     1.0900   340.0000
   3087   CA (  CX)    3088   HA (  H1)     1.0900   340.0000
   3085    N (   N)    3086    H (   H)     1.0100   434.0000

             Atom 1               Atom 2               Atom 3   Frc Cnst   Theta eq
   1318  OD2 (  Y5)     3417   ZN (  M2)     3097  NE2 (  Y7)    32.3700   103.7100
   2458   SG (  Y6)     3417   ZN (  M2)     3097  NE2 (  Y7)     3.9900   111.6100
   3084    O (   O)     3083    C (   C)     3085    N (   N)    80.0000   122.9001
   3083    C (   C)     3085    N (   N)     3087   CA (  CX)    50.0000   121.9001
   3080   CA (  CX)     3083    C (   C)     3085    N (   N)    70.0000   116.6000
   3101    O (   O)     3100    C (   C)     3102    N (   N)    80.0000   122.9001
   3100    C (   C)     3102    N (   N)     3104   CA (  CX)    50.0000   121.9001
   3098  CD2 (  CV)     3097  NE2 (  Y7)     3417   ZN (  M2)    64.2900   132.3601
   3097  NE2 (  Y7)     3417   ZN (  M2)     3432  O08 (  Y8)    25.4800   119.5101
   3095  CE1 (  CR)     3097  NE2 (  Y7)     3098  CD2 (  CV)    70.0000   117.0001
   3095  CE1 (  CR)     3097  NE2 (  Y7)     3417   ZN (  M2)    62.5800   121.0901
   3093  ND1 (  NA)     3092   CG (  CC)     3098  CD2 (  CV)    70.0000   120.0001
   3093  ND1 (  NA)     3095  CE1 (  CR)     3097  NE2 (  Y7)    70.0000   120.0001
   3092   CG (  CC)     3093  ND1 (  NA)     3095  CE1 (  CR)    70.0000   120.0001
   3092   CG (  CC)     3098  CD2 (  CV)     3097  NE2 (  Y7)    70.0000   120.0001
   3089   CB (  CT)     3087   CA (  CX)     3100    C (   C)    63.0000   111.1000
   3089   CB (  CT)     3092   CG (  CC)     3093  ND1 (  NA)    70.0000   120.0001
   3089   CB (  CT)     3092   CG (  CC)     3098  CD2 (  CV)    70.0000   120.0001
   3087   CA (  CX)     3089   CB (  CT)     3092   CG (  CC)    63.0000   113.1000
   3087   CA (  CX)     3100    C (   C)     3101    O (   O)    80.0000   120.4001
   3087   CA (  CX)     3100    C (   C)     3102    N (   N)    70.0000   116.6000
   3085    N (   N)     3087   CA (  CX)     3089   CB (  CT)    80.0000   109.7000
   3085    N (   N)     3087   CA (  CX)     3100    C (   C)    63.0000   110.1000
   3083    C (   C)     3085    N (   N)     3086    H (   H)    50.0000   120.0001
   3100    C (   C)     3102    N (   N)     3103    H (   H)    50.0000   120.0001
   3097  NE2 (  Y7)     3098  CD2 (  CV)     3099  HD2 (  H4)    50.0000   120.0001
   3096  HE1 (  H5)     3095  CE1 (  CR)     3097  NE2 (  Y7)    50.0000   120.0001
   3094  HD1 (   H)     3093  ND1 (  NA)     3095  CE1 (  CR)    50.0000   120.0001
   3093  ND1 (  NA)     3095  CE1 (  CR)     3096  HE1 (  H5)    50.0000   120.0001
   3092   CG (  CC)     3093  ND1 (  NA)     3094  HD1 (   H)    50.0000   120.0001
   3092   CG (  CC)     3098  CD2 (  CV)     3099  HD2 (  H4)    50.0000   120.0001
   3091  HB3 (  HC)     3089   CB (  CT)     3092   CG (  CC)    50.0000   109.5000
   3090  HB2 (  HC)     3089   CB (  CT)     3091  HB3 (  HC)    35.0000   109.5000
   3090  HB2 (  HC)     3089   CB (  CT)     3092   CG (  CC)    50.0000   109.5000
   3088   HA (  H1)     3087   CA (  CX)     3089   CB (  CT)    50.0000   109.5000
   3088   HA (  H1)     3087   CA (  CX)     3100    C (   C)    50.0000   109.5000
   3087   CA (  CX)     3089   CB (  CT)     3090  HB2 (  HC)    50.0000   109.5000
   3087   CA (  CX)     3089   CB (  CT)     3091  HB3 (  HC)    50.0000   109.5000
   3086    H (   H)     3085    N (   N)     3087   CA (  CX)    50.0000   118.0401
   3085    N (   N)     3087   CA (  CX)     3088   HA (  H1)    50.0000   109.5000

               Atom 1               Atom 2               Atom 3               Atom 4     Height  Periodic.      Phase  EEL Scale  VDW Scale
     1318  OD2 (  Y5)     3417   ZN (  M2)     3097  NE2 (  Y7)     3095  CE1 (  CR)     0.0000     3.0000     0.0000     1.2000     2.0000
     1318  OD2 (  Y5)     3417   ZN (  M2)     3097  NE2 (  Y7)     3098  CD2 (  CV)     0.0000     3.0000     0.0000     1.2000     2.0000
     1316   CG (  CO)     1318  OD2 (  Y5)     3417   ZN (  M2)     3097  NE2 (  Y7)     0.0000     3.0000     0.0000     1.2000     2.0000
     2458   SG (  Y6)     3417   ZN (  M2)     3097  NE2 (  Y7)     3095  CE1 (  CR)     0.0000     3.0000     0.0000     1.2000     2.0000
     2458   SG (  Y6)     3417   ZN (  M2)     3097  NE2 (  Y7)     3098  CD2 (  CV)     0.0000     3.0000     0.0000     1.2000     2.0000
     2455   CB (  2C)     2458   SG (  Y6)     3417   ZN (  M2)     3097  NE2 (  Y7)     0.0000     3.0000     0.0000     1.2000     2.0000
     3084    O (   O)     3083    C (   C)     3085    N (   N)     3087   CA (  CX)     2.5000     2.0000   180.0001     1.2000     2.0000
     3083    C (   C)     3085    N (   N)     3087   CA (  CX)     3089   CB (  CT)     2.0000     1.0000     0.0000     1.2000     2.0000
M    3083    C (   C)     3085    N (   N)     3087   CA (  CX)     3089   CB (  CT)     1.8000     2.0000     0.0000     1.2000     2.0000
M    3083    C (   C)     3085    N (   N)     3087   CA (  CX)     3089   CB (  CT)     0.8000     3.0000     0.0000     1.2000     2.0000
M    3083    C (   C)     3085    N (   N)     3087   CA (  CX)     3089   CB (  CT)     0.0000     4.0000     0.0000     1.2000     2.0000
     3083    C (   C)     3085    N (   N)     3087   CA (  CX)     3100    C (   C)     0.0000     1.0000     0.0000     1.2000     2.0000
M    3083    C (   C)     3085    N (   N)     3087   CA (  CX)     3100    C (   C)     0.2700     2.0000     0.0000     1.2000     2.0000
M    3083    C (   C)     3085    N (   N)     3087   CA (  CX)     3100    C (   C)     0.4200     3.0000     0.0000     1.2000     2.0000
M    3083    C (   C)     3085    N (   N)     3087   CA (  CX)     3100    C (   C)     0.0000     4.0000     0.0000     1.2000     2.0000
     3080   CA (  CX)     3083    C (   C)     3085    N (   N)     3087   CA (  CX)     2.5000     2.0000   180.0001     1.2000     2.0000
     3078    N (   N)     3080   CA (  CX)     3083    C (   C)     3085    N (   N)     0.4500     1.0000   180.0001     1.2000     2.0000
M    3078    N (   N)     3080   CA (  CX)     3083    C (   C)     3085    N (   N)     1.5800     2.0000   180.0001     1.2000     2.0000
M    3078    N (   N)     3080   CA (  CX)     3083    C (   C)     3085    N (   N)     0.5500     3.0000   180.0001     1.2000     2.0000
M    3078    N (   N)     3080   CA (  CX)     3083    C (   C)     3085    N (   N)     0.0000     4.0000     0.0000     1.2000     2.0000
     3101    O (   O)     3100    C (   C)     3102    N (   N)     3104   CA (  CX)     2.5000     2.0000   180.0001     1.2000     2.0000
     3100    C (   C)     3102    N (   N)     3104   CA (  CX)     3107    C (   C)     0.0000     1.0000     0.0000     1.2000     2.0000
M    3100    C (   C)     3102    N (   N)     3104   CA (  CX)     3107    C (   C)     0.2700     2.0000     0.0000     1.2000     2.0000
M    3100    C (   C)     3102    N (   N)     3104   CA (  CX)     3107    C (   C)     0.4200     3.0000     0.0000     1.2000     2.0000
M    3100    C (   C)     3102    N (   N)     3104   CA (  CX)     3107    C (   C)     0.0000     4.0000     0.0000     1.2000     2.0000
     3098  CD2 (  CV)     3097  NE2 (  Y7)     3417   ZN (  M2)     3432  O08 (  Y8)     0.0000     3.0000     0.0000     1.2000     2.0000
     3097  NE2 (  Y7)     3417   ZN (  M2)     3432  O08 (  Y8)     3435  P06 (  p5)     0.0000     3.0000     0.0000     1.2000     2.0000
M    3095  CE1 (  CR)     3093  ND1 (  NA)     3092   CG (  CC)     3098  CD2 (  CV)     1.4000     2.0000   180.0001     1.2000     2.0000
     3095  CE1 (  CR)     3097  NE2 (  Y7)     3417   ZN (  M2)     3432  O08 (  Y8)     0.0000     3.0000     0.0000     1.2000     2.0000
M    3093  ND1 (  NA)     3092   CG (  CC)     3098  CD2 (  CV)     3097  NE2 (  Y7)     5.1500     2.0000   180.0001     1.2000     2.0000
M    3093  ND1 (  NA)     3095  CE1 (  CR)     3097  NE2 (  Y7)     3098  CD2 (  CV)     5.0000     2.0000   180.0001     1.2000     2.0000
     3093  ND1 (  NA)     3095  CE1 (  CR)     3097  NE2 (  Y7)     3417   ZN (  M2)     0.0000     3.0000     0.0000     1.2000     2.0000
     3092   CG (  CC)     3089   CB (  CT)     3087   CA (  CX)     3100    C (   C)     0.1430     1.0000   180.0001     1.2000     2.0000
M    3092   CG (  CC)     3089   CB (  CT)     3087   CA (  CX)     3100    C (   C)     0.2440     2.0000   180.0001     1.2000     2.0000
M    3092   CG (  CC)     3089   CB (  CT)     3087   CA (  CX)     3100    C (   C)     0.2190     3.0000     0.0000     1.2000     2.0000
M    3092   CG (  CC)     3089   CB (  CT)     3087   CA (  CX)     3100    C (   C)     0.0250     4.0000     0.0000     1.2000     2.0000
M    3092   CG (  CC)     3093  ND1 (  NA)     3095  CE1 (  CR)     3097  NE2 (  Y7)     2.3250     2.0000   180.0001     1.2000     2.0000
M    3092   CG (  CC)     3098  CD2 (  CV)     3097  NE2 (  Y7)     3095  CE1 (  CR)     2.4000     2.0000   180.0001     1.2000     2.0000
     3092   CG (  CC)     3098  CD2 (  CV)     3097  NE2 (  Y7)     3417   ZN (  M2)     0.0000     3.0000     0.0000     1.2000     2.0000
     3089   CB (  CT)     3087   CA (  CX)     3100    C (   C)     3101    O (   O)     0.0000     2.0000     0.0000     1.2000     2.0000
     3089   CB (  CT)     3087   CA (  CX)     3100    C (   C)     3102    N (   N)     0.2000     1.0000     0.0000     1.2000     2.0000
M    3089   CB (  CT)     3087   CA (  CX)     3100    C (   C)     3102    N (   N)     0.2000     2.0000     0.0000     1.2000     2.0000
M    3089   CB (  CT)     3087   CA (  CX)     3100    C (   C)     3102    N (   N)     0.4000     3.0000     0.0000     1.2000     2.0000
M    3089   CB (  CT)     3087   CA (  CX)     3100    C (   C)     3102    N (   N)     0.0000     4.0000     0.0000     1.2000     2.0000
     3089   CB (  CT)     3092   CG (  CC)     3093  ND1 (  NA)     3095  CE1 (  CR)     1.4000     2.0000   180.0001     1.2000     2.0000
     3089   CB (  CT)     3092   CG (  CC)     3098  CD2 (  CV)     3097  NE2 (  Y7)     5.1500     2.0000   180.0001     1.2000     2.0000
     3087   CA (  CX)     3089   CB (  CT)     3092   CG (  CC)     3093  ND1 (  NA)     0.1600     1.0000   180.0001     1.2000     2.0000
M    3087   CA (  CX)     3089   CB (  CT)     3092   CG (  CC)     3093  ND1 (  NA)     0.3920     2.0000   180.0001     1.2000     2.0000
M    3087   CA (  CX)     3089   CB (  CT)     3092   CG (  CC)     3093  ND1 (  NA)     0.6860     3.0000     0.0000     1.2000     2.0000
M    3087   CA (  CX)     3089   CB (  CT)     3092   CG (  CC)     3093  ND1 (  NA)     0.0370     4.0000   180.0001     1.2000     2.0000
     3087   CA (  CX)     3089   CB (  CT)     3092   CG (  CC)     3098  CD2 (  CV)     0.6740     1.0000   180.0001     1.2000     2.0000
M    3087   CA (  CX)     3089   CB (  CT)     3092   CG (  CC)     3098  CD2 (  CV)     0.7500     2.0000     0.0000     1.2000     2.0000
M    3087   CA (  CX)     3089   CB (  CT)     3092   CG (  CC)     3098  CD2 (  CV)     0.1220     3.0000   180.0001     1.2000     2.0000
M    3087   CA (  CX)     3089   CB (  CT)     3092   CG (  CC)     3098  CD2 (  CV)     0.0100     4.0000   180.0001     1.2000     2.0000
     3087   CA (  CX)     3100    C (   C)     3102    N (   N)     3104   CA (  CX)     2.5000     2.0000   180.0001     1.2000     2.0000
     3085    N (   N)     3087   CA (  CX)     3089   CB (  CT)     3092   CG (  CC)     0.3060     1.0000   180.0001     1.2000     2.0000
M    3085    N (   N)     3087   CA (  CX)     3089   CB (  CT)     3092   CG (  CC)     0.2210     2.0000   180.0001     1.2000     2.0000
M    3085    N (   N)     3087   CA (  CX)     3089   CB (  CT)     3092   CG (  CC)     0.2190     3.0000     0.0000     1.2000     2.0000
M    3085    N (   N)     3087   CA (  CX)     3089   CB (  CT)     3092   CG (  CC)     0.0890     4.0000     0.0000     1.2000     2.0000
     3085    N (   N)     3087   CA (  CX)     3100    C (   C)     3101    O (   O)     0.0000     2.0000     0.0000     1.2000     2.0000
     3085    N (   N)     3087   CA (  CX)     3100    C (   C)     3102    N (   N)     0.4500     1.0000   180.0001     1.2000     2.0000
M    3085    N (   N)     3087   CA (  CX)     3100    C (   C)     3102    N (   N)     1.5800     2.0000   180.0001     1.2000     2.0000
M    3085    N (   N)     3087   CA (  CX)     3100    C (   C)     3102    N (   N)     0.5500     3.0000   180.0001     1.2000     2.0000
M    3085    N (   N)     3087   CA (  CX)     3100    C (   C)     3102    N (   N)     0.0000     4.0000     0.0000     1.2000     2.0000
I    3080   CA (  CX)     3085    N (   N)     3083    C (   C)     3084    O (   O)    10.5000     2.0000   180.0001     0.0000     0.0000
I    3087   CA (  CX)     3102    N (   N)     3100    C (   C)     3101    O (   O)    10.5000     2.0000   180.0001     0.0000     0.0000
I    3089   CB (  CT)     3098  CD2 (  CV)     3092   CG (  CC)     3093  ND1 (  NA)     1.1000     2.0000   180.0001     0.0000     0.0000
     3084    O (   O)     3083    C (   C)     3085    N (   N)     3086    H (   H)     2.0000     1.0000     0.0000     1.2000     2.0000
M    3084    O (   O)     3083    C (   C)     3085    N (   N)     3086    H (   H)     2.5000     2.0000   180.0001     1.2000     2.0000
     3083    C (   C)     3085    N (   N)     3087   CA (  CX)     3088   HA (  H1)     0.0000     2.0000     0.0000     1.2000     2.0000
     3082  HA3 (  H1)     3080   CA (  CX)     3083    C (   C)     3085    N (   N)     0.0000     2.0000     0.0000     1.2000     2.0000
     3081  HA2 (  H1)     3080   CA (  CX)     3083    C (   C)     3085    N (   N)     0.0000     2.0000     0.0000     1.2000     2.0000
     3080   CA (  CX)     3083    C (   C)     3085    N (   N)     3086    H (   H)     2.5000     2.0000   180.0001     1.2000     2.0000
     3101    O (   O)     3100    C (   C)     3102    N (   N)     3103    H (   H)     2.0000     1.0000     0.0000     1.2000     2.0000
M    3101    O (   O)     3100    C (   C)     3102    N (   N)     3103    H (   H)     2.5000     2.0000   180.0001     1.2000     2.0000
     3100    C (   C)     3102    N (   N)     3104   CA (  CX)     3105  HA2 (  H1)     0.0000     2.0000     0.0000     1.2000     2.0000
     3100    C (   C)     3102    N (   N)     3104   CA (  CX)     3106  HA3 (  H1)     0.0000     2.0000     0.0000     1.2000     2.0000
     3099  HD2 (  H4)     3098  CD2 (  CV)     3097  NE2 (  Y7)     3417   ZN (  M2)     0.0000     3.0000     0.0000     1.2000     2.0000
     3096  HE1 (  H5)     3095  CE1 (  CR)     3097  NE2 (  Y7)     3098  CD2 (  CV)     5.0000     2.0000   180.0001     1.2000     2.0000
     3096  HE1 (  H5)     3095  CE1 (  CR)     3097  NE2 (  Y7)     3417   ZN (  M2)     0.0000     3.0000     0.0000     1.2000     2.0000
     3095  CE1 (  CR)     3097  NE2 (  Y7)     3098  CD2 (  CV)     3099  HD2 (  H4)     2.4000     2.0000   180.0001     1.2000     2.0000
     3094  HD1 (   H)     3093  ND1 (  NA)     3092   CG (  CC)     3098  CD2 (  CV)     1.4000     2.0000   180.0001     1.2000     2.0000
     3094  HD1 (   H)     3093  ND1 (  NA)     3095  CE1 (  CR)     3096  HE1 (  H5)     2.3250     2.0000   180.0001     1.2000     2.0000
     3094  HD1 (   H)     3093  ND1 (  NA)     3095  CE1 (  CR)     3097  NE2 (  Y7)     2.3250     2.0000   180.0001     1.2000     2.0000
     3093  ND1 (  NA)     3092   CG (  CC)     3098  CD2 (  CV)     3099  HD2 (  H4)     5.1500     2.0000   180.0001     1.2000     2.0000
     3092   CG (  CC)     3093  ND1 (  NA)     3095  CE1 (  CR)     3096  HE1 (  H5)     2.3250     2.0000   180.0001     1.2000     2.0000
     3091  HB3 (  HC)     3089   CB (  CT)     3087   CA (  CX)     3100    C (   C)     0.1556     3.0000     0.0000     1.2000     2.0000
     3091  HB3 (  HC)     3089   CB (  CT)     3092   CG (  CC)     3093  ND1 (  NA)     0.0000     2.0000     0.0000     1.2000     2.0000
     3091  HB3 (  HC)     3089   CB (  CT)     3092   CG (  CC)     3098  CD2 (  CV)     0.0000     2.0000     0.0000     1.2000     2.0000
     3090  HB2 (  HC)     3089   CB (  CT)     3087   CA (  CX)     3100    C (   C)     0.1556     3.0000     0.0000     1.2000     2.0000
     3090  HB2 (  HC)     3089   CB (  CT)     3092   CG (  CC)     3093  ND1 (  NA)     0.0000     2.0000     0.0000     1.2000     2.0000
     3090  HB2 (  HC)     3089   CB (  CT)     3092   CG (  CC)     3098  CD2 (  CV)     0.0000     2.0000     0.0000     1.2000     2.0000
     3089   CB (  CT)     3092   CG (  CC)     3093  ND1 (  NA)     3094  HD1 (   H)     1.4000     2.0000   180.0001     1.2000     2.0000
     3089   CB (  CT)     3092   CG (  CC)     3098  CD2 (  CV)     3099  HD2 (  H4)     5.1500     2.0000   180.0001     1.2000     2.0000
     3088   HA (  H1)     3087   CA (  CX)     3089   CB (  CT)     3090  HB2 (  HC)     0.1556     3.0000     0.0000     1.2000     2.0000
     3088   HA (  H1)     3087   CA (  CX)     3089   CB (  CT)     3091  HB3 (  HC)     0.1556     3.0000     0.0000     1.2000     2.0000
     3088   HA (  H1)     3087   CA (  CX)     3089   CB (  CT)     3092   CG (  CC)     0.1556     3.0000     0.0000     1.2000     2.0000
     3088   HA (  H1)     3087   CA (  CX)     3100    C (   C)     3101    O (   O)     0.8000     1.0000     0.0000     1.2000     2.0000
M    3088   HA (  H1)     3087   CA (  CX)     3100    C (   C)     3101    O (   O)     0.0000     2.0000     0.0000     1.2000     2.0000
M    3088   HA (  H1)     3087   CA (  CX)     3100    C (   C)     3101    O (   O)     0.0800     3.0000   180.0001     1.2000     2.0000
     3088   HA (  H1)     3087   CA (  CX)     3100    C (   C)     3102    N (   N)     0.0000     2.0000     0.0000     1.2000     2.0000
     3087   CA (  CX)     3100    C (   C)     3102    N (   N)     3103    H (   H)     2.5000     2.0000   180.0001     1.2000     2.0000
     3086    H (   H)     3085    N (   N)     3087   CA (  CX)     3088   HA (  H1)     0.0000     2.0000     0.0000     1.2000     2.0000
     3086    H (   H)     3085    N (   N)     3087   CA (  CX)     3089   CB (  CT)     0.0000     2.0000     0.0000     1.2000     2.0000
     3086    H (   H)     3085    N (   N)     3087   CA (  CX)     3100    C (   C)     0.0000     2.0000     0.0000     1.2000     2.0000
     3085    N (   N)     3087   CA (  CX)     3089   CB (  CT)     3090  HB2 (  HC)     0.1556     3.0000     0.0000     1.2000     2.0000
     3085    N (   N)     3087   CA (  CX)     3089   CB (  CT)     3091  HB3 (  HC)     0.1556     3.0000     0.0000     1.2000     2.0000
I    3092   CG (  CC)     3097  NE2 (  Y7)     3098  CD2 (  CV)     3099  HD2 (  H4)     1.1000     2.0000   180.0001     0.0000     0.0000
I    3093  ND1 (  NA)     3097  NE2 (  Y7)     3095  CE1 (  CR)     3096  HE1 (  H5)     1.1000     2.0000   180.0001     0.0000     0.0000
I    3092   CG (  CC)     3095  CE1 (  CR)     3093  ND1 (  NA)     3094  HD1 (   H)     1.0000     2.0000   180.0001     0.0000     0.0000
I    3083    C (   C)     3087   CA (  CX)     3085    N (   N)     3086    H (   H)     1.1000     2.0000   180.0001     0.0000     0.0000
I    3100    C (   C)     3104   CA (  CX)     3102    N (   N)     3103    H (   H)     1.1000     2.0000   180.0001     0.0000     0.0000


The mask :HD3 matches 17 atoms:

   ATOM    RES  RESNAME  NAME  TYPE   At.#   LJ Radius    LJ Depth      Mass    Charge GB Radius GB Screen
   3085    209      HD3     N     N      7      1.8240      0.1700   14.0100   -0.4157    1.5500    0.7900
   3086    209      HD3     H     H      1      0.6000      0.0157    1.0080    0.3569    1.3000    0.8500
   3087    209      HD3    CA    CX      6      1.9080      0.1094   12.0100    0.0188    1.7000    0.7200
   3088    209      HD3    HA    H1      1      1.3870      0.0157    1.0080    0.0809    1.3000    0.8500
   3089    209      HD3    CB    CT      6      1.9080      0.1094   12.0100    0.5431    1.7000    0.7200
   3090    209      HD3   HB2    HC      1      1.4870      0.0157    1.0080   -0.0774    1.3000    0.8500
   3091    209      HD3   HB3    HC      1      1.4870      0.0157    1.0080   -0.0774    1.3000    0.8500
   3092    209      HD3    CG    CC      6      1.9080      0.0860   12.0100   -0.2457    1.7000    0.7200
   3093    209      HD3   ND1    NA      7      1.8240      0.1700   14.0100   -0.1972    1.5500    0.7900
   3094    209      HD3   HD1     H      1      0.6000      0.0157    1.0080    0.3347    1.3000    0.8500
   3095    209      HD3   CE1    CR      6      1.9080      0.0860   12.0100    0.1510    1.7000    0.7200
   3096    209      HD3   HE1    H5      1      1.3590      0.0150    1.0080    0.1038    1.3000    0.8500
   3097    209      HD3   NE2    Y7      7      1.8240      0.1700   14.0100   -0.3027    1.5500    0.7900
   3098    209      HD3   CD2    CV      6      1.9080      0.0860   12.0100   -0.0171    1.7000    0.7200
   3099    209      HD3   HD2    H4      1      1.4090      0.0150    1.0080    0.1275    1.3000    0.8500
   3100    209      HD3     C     C      6      1.9080      0.0860   12.0100    0.5973    1.7000    0.7200
   3101    209      HD3     O     O      8      1.6612      0.2100   16.0000   -0.5679    1.5000    0.8500

Done!
