
  ____    .---.  ,-----.  _____            
.'    `,.':   :'' :    :.'     `.          
| :   :    ' '     '  '   :   :  \         
|  ' '                     ' '    \        
|       v                          \       
|       |       v                   \      
|       |       |       v            \     
|   P   |   A   |   R   |   M   |     \    
|       |       |       |       |      \   
|       |       |       |       |       \  
|       |       |       |       |        \ 
| ===== |       |       |       |         )
 \ --- /| ===== |       |       |        / 
  `---'  \ --- /| ===== | ===== |       /  
          `---'  \ ---- A ----- /      /   
                  `----'.`-----'      /    
                       /             /     
                       '-._    ED   /      
                           '.      /       
                             `----' 

ParmEd: a Parameter file Editor


Loaded Amber topology file vim2_solv.prmtop
['parmed_zn1.in']
Reading actions from parmed_zn1.in

             Atom 1              Atom 2       R eq   Frc Cnst
   1255  NE2 (  Y1)    3416   ZN (  M1)     1.9903    87.9000
   1288  ND1 (  Y2)    3416   ZN (  M1)     2.0087    77.9000
   2191  NE2 (  Y3)    3416   ZN (  M1)     2.0188    74.9000
   3416   ZN (  M1)    3431  O07 (  Y4)     1.9526    69.1000

             Atom 1               Atom 2               Atom 3   Frc Cnst   Theta eq
   1256  CD2 (  CV)     1255  NE2 (  Y1)     3416   ZN (  M1)    56.2400   133.4501
   1255  NE2 (  Y1)     3416   ZN (  M1)     1288  ND1 (  Y2)    34.5100   112.5500
   1255  NE2 (  Y1)     3416   ZN (  M1)     2191  NE2 (  Y3)    35.7500   116.1600
   1255  NE2 (  Y1)     3416   ZN (  M1)     3431  O07 (  Y4)    28.0200   104.8200
   1253  CE1 (  CR)     1255  NE2 (  Y1)     3416   ZN (  M1)    54.6300   120.3901
   1289  CE1 (  CR)     1288  ND1 (  Y2)     3416   ZN (  M1)    59.5400   124.4201
   1288  ND1 (  Y2)     3416   ZN (  M1)     2191  NE2 (  Y3)    33.7300   106.8700
   1288  ND1 (  Y2)     3416   ZN (  M1)     3431  O07 (  Y4)    35.0900   111.9500
   1287   CG (  CC)     1288  ND1 (  Y2)     3416   ZN (  M1)    61.6400   128.4401
   2192  CD2 (  CV)     2191  NE2 (  Y3)     3416   ZN (  M1)    63.2000   129.4001
   2191  NE2 (  Y3)     3416   ZN (  M1)     3431  O07 (  Y4)    23.1900   104.2600
   2189  CE1 (  CR)     2191  NE2 (  Y3)     3416   ZN (  M1)    61.9400   124.1601
   3416   ZN (  M1)     3431  O07 (  Y4)     3435  P06 (  p5)    36.3200   152.6401

               Atom 1               Atom 2               Atom 3               Atom 4     Height  Periodic.      Phase  EEL Scale  VDW Scale
     1256  CD2 (  CV)     1255  NE2 (  Y1)     3416   ZN (  M1)     1288  ND1 (  Y2)     0.0000     3.0000     0.0000     1.2000     2.0000
     1256  CD2 (  CV)     1255  NE2 (  Y1)     3416   ZN (  M1)     2191  NE2 (  Y3)     0.0000     3.0000     0.0000     1.2000     2.0000
     1256  CD2 (  CV)     1255  NE2 (  Y1)     3416   ZN (  M1)     3431  O07 (  Y4)     0.0000     3.0000     0.0000     1.2000     2.0000
     1255  NE2 (  Y1)     3416   ZN (  M1)     1288  ND1 (  Y2)     1287   CG (  CC)     0.0000     3.0000     0.0000     1.2000     2.0000
     1255  NE2 (  Y1)     3416   ZN (  M1)     1288  ND1 (  Y2)     1289  CE1 (  CR)     0.0000     3.0000     0.0000     1.2000     2.0000
     1255  NE2 (  Y1)     3416   ZN (  M1)     2191  NE2 (  Y3)     2189  CE1 (  CR)     0.0000     3.0000     0.0000     1.2000     2.0000
     1255  NE2 (  Y1)     3416   ZN (  M1)     2191  NE2 (  Y3)     2192  CD2 (  CV)     0.0000     3.0000     0.0000     1.2000     2.0000
     1255  NE2 (  Y1)     3416   ZN (  M1)     3431  O07 (  Y4)     3435  P06 (  p5)     0.0000     3.0000     0.0000     1.2000     2.0000
     1253  CE1 (  CR)     1255  NE2 (  Y1)     3416   ZN (  M1)     1288  ND1 (  Y2)     0.0000     3.0000     0.0000     1.2000     2.0000
     1253  CE1 (  CR)     1255  NE2 (  Y1)     3416   ZN (  M1)     2191  NE2 (  Y3)     0.0000     3.0000     0.0000     1.2000     2.0000
     1253  CE1 (  CR)     1255  NE2 (  Y1)     3416   ZN (  M1)     3431  O07 (  Y4)     0.0000     3.0000     0.0000     1.2000     2.0000
     1251  ND1 (  NA)     1253  CE1 (  CR)     1255  NE2 (  Y1)     3416   ZN (  M1)     0.0000     3.0000     0.0000     1.2000     2.0000
     1250   CG (  CC)     1256  CD2 (  CV)     1255  NE2 (  Y1)     3416   ZN (  M1)     0.0000     3.0000     0.0000     1.2000     2.0000
     1293  CD2 (  CW)     1287   CG (  CC)     1288  ND1 (  Y2)     3416   ZN (  M1)     0.0000     3.0000     0.0000     1.2000     2.0000
     1291  NE2 (  NA)     1289  CE1 (  CR)     1288  ND1 (  Y2)     3416   ZN (  M1)     0.0000     3.0000     0.0000     1.2000     2.0000
     1289  CE1 (  CR)     1288  ND1 (  Y2)     3416   ZN (  M1)     2191  NE2 (  Y3)     0.0000     3.0000     0.0000     1.2000     2.0000
     1289  CE1 (  CR)     1288  ND1 (  Y2)     3416   ZN (  M1)     3431  O07 (  Y4)     0.0000     3.0000     0.0000     1.2000     2.0000
     1288  ND1 (  Y2)     3416   ZN (  M1)     2191  NE2 (  Y3)     2189  CE1 (  CR)     0.0000     3.0000     0.0000     1.2000     2.0000
     1288  ND1 (  Y2)     3416   ZN (  M1)     2191  NE2 (  Y3)     2192  CD2 (  CV)     0.0000     3.0000     0.0000     1.2000     2.0000
     1288  ND1 (  Y2)     3416   ZN (  M1)     3431  O07 (  Y4)     3435  P06 (  p5)     0.0000     3.0000     0.0000     1.2000     2.0000
     1287   CG (  CC)     1288  ND1 (  Y2)     3416   ZN (  M1)     2191  NE2 (  Y3)     0.0000     3.0000     0.0000     1.2000     2.0000
     1287   CG (  CC)     1288  ND1 (  Y2)     3416   ZN (  M1)     3431  O07 (  Y4)     0.0000     3.0000     0.0000     1.2000     2.0000
     1284   CB (  CT)     1287   CG (  CC)     1288  ND1 (  Y2)     3416   ZN (  M1)     0.0000     3.0000     0.0000     1.2000     2.0000
     2192  CD2 (  CV)     2191  NE2 (  Y3)     3416   ZN (  M1)     3431  O07 (  Y4)     0.0000     3.0000     0.0000     1.2000     2.0000
     2191  NE2 (  Y3)     3416   ZN (  M1)     3431  O07 (  Y4)     3435  P06 (  p5)     0.0000     3.0000     0.0000     1.2000     2.0000
     2189  CE1 (  CR)     2191  NE2 (  Y3)     3416   ZN (  M1)     3431  O07 (  Y4)     0.0000     3.0000     0.0000     1.2000     2.0000
     2187  ND1 (  NA)     2189  CE1 (  CR)     2191  NE2 (  Y3)     3416   ZN (  M1)     0.0000     3.0000     0.0000     1.2000     2.0000
     2186   CG (  CC)     2192  CD2 (  CV)     2191  NE2 (  Y3)     3416   ZN (  M1)     0.0000     3.0000     0.0000     1.2000     2.0000
     3416   ZN (  M1)     3431  O07 (  Y4)     3435  P06 (  p5)     3421  C05 (  c3)     0.0000     3.0000     0.0000     1.2000     2.0000
     3416   ZN (  M1)     3431  O07 (  Y4)     3435  P06 (  p5)     3432  O08 (  Y8)     0.0000     3.0000     0.0000     1.2000     2.0000
     3416   ZN (  M1)     3431  O07 (  Y4)     3435  P06 (  p5)     3433  O09 (  oh)     0.0000     3.0000     0.0000     1.2000     2.0000
     1257  HD2 (  H4)     1256  CD2 (  CV)     1255  NE2 (  Y1)     3416   ZN (  M1)     0.0000     3.0000     0.0000     1.2000     2.0000
     1254  HE1 (  H5)     1253  CE1 (  CR)     1255  NE2 (  Y1)     3416   ZN (  M1)     0.0000     3.0000     0.0000     1.2000     2.0000
     1290  HE1 (  H5)     1289  CE1 (  CR)     1288  ND1 (  Y2)     3416   ZN (  M1)     0.0000     3.0000     0.0000     1.2000     2.0000
     2193  HD2 (  H4)     2192  CD2 (  CV)     2191  NE2 (  Y3)     3416   ZN (  M1)     0.0000     3.0000     0.0000     1.2000     2.0000
     2190  HE1 (  H5)     2189  CE1 (  CR)     2191  NE2 (  Y3)     3416   ZN (  M1)     0.0000     3.0000     0.0000     1.2000     2.0000


The mask :ZN1 matches 1 atoms:

   ATOM    RES  RESNAME  NAME  TYPE   At.#   LJ Radius    LJ Depth      Mass    Charge GB Radius GB Screen
   3416    231      ZN1    ZN    M1     30      1.3950      0.0149   65.4000    0.9916    1.5000    0.8000

Done!
