
.     .       .  .   . .   .   . .    +  .
  .     .  :     .    .. :. .___---------___.
       .  .   .    .  :.:. _".^ .^ ^.  '.. :"-_. .
    .  :       .  .  .:../:            . .^  :.:\.
        .   . :: +. :.:/: .   .    .        . . .:\
 .  :    .     . _ :::/:               .  ^ .  . .:\
  .. . .   . - : :.:./.                        .  .:\
  .      .     . :..|:                    .  .  ^. .:|
    .       . : : ..||        .                . . !:|
  .     . . . ::. ::\(                           . :)/
 .   .     : . : .:.|. ######              .#######::|
  :.. .  :-  : .:  ::|.#######           ..########:|
 .  .  .  ..  .  .. :\ ########          :######## :/
  .        .+ :: : -.:\ ########       . ########.:/
    .  .+   . . . . :.:\. #######       #######..:/
      :: . . . . ::.:..:.\           .   .   ..:/
   .   .   .  .. :  -::::.\.       | |     . .:/
      .  :  .  .  .-:.":.::.\             ..:/ .~~~~~~~~~~~.
 .      -.   . . . .: .:::.:.\.           .:/,: Prepare to  \
.   .   .  :      : ....::_:..:\   ___.  :/ .       be       |
   .   .  .   .:. .. .  .: :.:.:\       :/   \  P A R M E D |
     +   .   .   : . ::. :.:. .:.|\  .:/|      \~~~~~~~~~~~'
     .         +   .  .  ...:: ..|  --.:|
.      . . .   .  .  . ... :..:.."(  ..)"
 .   .       .      :  .   .: ::/  .  .::\

ParmEd: a Parameter file Editor


Loaded Amber topology file vim2_solv.prmtop
['parmed_zn2.in']
Reading actions from parmed_zn2.in

             Atom 1              Atom 2       R eq   Frc Cnst
   1318  OD2 (  Y5)    3417   ZN (  M2)     1.9430    76.9000
   2458   SG (  Y6)    3417   ZN (  M2)     2.3860    37.9000
   3097  NE2 (  Y7)    3417   ZN (  M2)     1.9756    95.6000
   3417   ZN (  M2)    3432  O08 (  Y8)     1.9592    65.4000

             Atom 1               Atom 2               Atom 3   Frc Cnst   Theta eq
   1318  OD2 (  Y5)     3417   ZN (  M2)     2458   SG (  Y6)    10.9900   103.9100
   1318  OD2 (  Y5)     3417   ZN (  M2)     3097  NE2 (  Y7)    32.3700   103.7100
   1318  OD2 (  Y5)     3417   ZN (  M2)     3432  O08 (  Y8)    18.4300   108.7000
   1316   CG (  CO)     1318  OD2 (  Y5)     3417   ZN (  M2)    57.2900   116.5300
   2458   SG (  Y6)     3417   ZN (  M2)     3097  NE2 (  Y7)     3.9900   111.6100
   2458   SG (  Y6)     3417   ZN (  M2)     3432  O08 (  Y8)    21.6900   108.1700
   2455   CB (  2C)     2458   SG (  Y6)     3417   ZN (  M2)    53.5600   108.3000
   3098  CD2 (  CV)     3097  NE2 (  Y7)     3417   ZN (  M2)    64.2900   132.3601
   3097  NE2 (  Y7)     3417   ZN (  M2)     3432  O08 (  Y8)    25.4800   119.5101
   3095  CE1 (  CR)     3097  NE2 (  Y7)     3417   ZN (  M2)    62.5800   121.0901
   3417   ZN (  M2)     3432  O08 (  Y8)     3435  P06 (  p5)    21.3800   152.1201

               Atom 1               Atom 2               Atom 3               Atom 4     Height  Periodic.      Phase  EEL Scale  VDW Scale
     1318  OD2 (  Y5)     3417   ZN (  M2)     2458   SG (  Y6)     2455   CB (  2C)     0.0000     3.0000     0.0000     1.2000     2.0000
     1318  OD2 (  Y5)     3417   ZN (  M2)     3097  NE2 (  Y7)     3095  CE1 (  CR)     0.0000     3.0000     0.0000     1.2000     2.0000
     1318  OD2 (  Y5)     3417   ZN (  M2)     3097  NE2 (  Y7)     3098  CD2 (  CV)     0.0000     3.0000     0.0000     1.2000     2.0000
     1318  OD2 (  Y5)     3417   ZN (  M2)     3432  O08 (  Y8)     3435  P06 (  p5)     0.0000     3.0000     0.0000     1.2000     2.0000
     1317  OD1 (  O2)     1316   CG (  CO)     1318  OD2 (  Y5)     3417   ZN (  M2)     0.0000     3.0000     0.0000     1.2000     2.0000
     1316   CG (  CO)     1318  OD2 (  Y5)     3417   ZN (  M2)     2458   SG (  Y6)     0.0000     3.0000     0.0000     1.2000     2.0000
     1316   CG (  CO)     1318  OD2 (  Y5)     3417   ZN (  M2)     3097  NE2 (  Y7)     0.0000     3.0000     0.0000     1.2000     2.0000
     1316   CG (  CO)     1318  OD2 (  Y5)     3417   ZN (  M2)     3432  O08 (  Y8)     0.0000     3.0000     0.0000     1.2000     2.0000
     1313   CB (  2C)     1316   CG (  CO)     1318  OD2 (  Y5)     3417   ZN (  M2)     0.0000     3.0000     0.0000     1.2000     2.0000
     2458   SG (  Y6)     3417   ZN (  M2)     3097  NE2 (  Y7)     3095  CE1 (  CR)     0.0000     3.0000     0.0000     1.2000     2.0000
     2458   SG (  Y6)     3417   ZN (  M2)     3097  NE2 (  Y7)     3098  CD2 (  CV)     0.0000     3.0000     0.0000     1.2000     2.0000
     2458   SG (  Y6)     3417   ZN (  M2)     3432  O08 (  Y8)     3435  P06 (  p5)     0.0000     3.0000     0.0000     1.2000     2.0000
     2455   CB (  2C)     2458   SG (  Y6)     3417   ZN (  M2)     3097  NE2 (  Y7)     0.0000     3.0000     0.0000     1.2000     2.0000
     2455   CB (  2C)     2458   SG (  Y6)     3417   ZN (  M2)     3432  O08 (  Y8)     0.0000     3.0000     0.0000     1.2000     2.0000
     2453   CA (  CX)     2455   CB (  2C)     2458   SG (  Y6)     3417   ZN (  M2)     0.0000     3.0000     0.0000     1.2000     2.0000
     3098  CD2 (  CV)     3097  NE2 (  Y7)     3417   ZN (  M2)     3432  O08 (  Y8)     0.0000     3.0000     0.0000     1.2000     2.0000
     3097  NE2 (  Y7)     3417   ZN (  M2)     3432  O08 (  Y8)     3435  P06 (  p5)     0.0000     3.0000     0.0000     1.2000     2.0000
     3095  CE1 (  CR)     3097  NE2 (  Y7)     3417   ZN (  M2)     3432  O08 (  Y8)     0.0000     3.0000     0.0000     1.2000     2.0000
     3093  ND1 (  NA)     3095  CE1 (  CR)     3097  NE2 (  Y7)     3417   ZN (  M2)     0.0000     3.0000     0.0000     1.2000     2.0000
     3092   CG (  CC)     3098  CD2 (  CV)     3097  NE2 (  Y7)     3417   ZN (  M2)     0.0000     3.0000     0.0000     1.2000     2.0000
     3417   ZN (  M2)     3432  O08 (  Y8)     3435  P06 (  p5)     3421  C05 (  c3)     0.0000     3.0000     0.0000     1.2000     2.0000
     3417   ZN (  M2)     3432  O08 (  Y8)     3435  P06 (  p5)     3431  O07 (  Y4)     0.0000     3.0000     0.0000     1.2000     2.0000
     3417   ZN (  M2)     3432  O08 (  Y8)     3435  P06 (  p5)     3433  O09 (  oh)     0.0000     3.0000     0.0000     1.2000     2.0000
     2457  HB2 (  H1)     2455   CB (  2C)     2458   SG (  Y6)     3417   ZN (  M2)     0.0000     3.0000     0.0000     1.2000     2.0000
     2456  HB3 (  H1)     2455   CB (  2C)     2458   SG (  Y6)     3417   ZN (  M2)     0.0000     3.0000     0.0000     1.2000     2.0000
     3099  HD2 (  H4)     3098  CD2 (  CV)     3097  NE2 (  Y7)     3417   ZN (  M2)     0.0000     3.0000     0.0000     1.2000     2.0000
     3096  HE1 (  H5)     3095  CE1 (  CR)     3097  NE2 (  Y7)     3417   ZN (  M2)     0.0000     3.0000     0.0000     1.2000     2.0000


The mask :ZN2 matches 1 atoms:

   ATOM    RES  RESNAME  NAME  TYPE   At.#   LJ Radius    LJ Depth      Mass    Charge GB Radius GB Screen
   3417    232      ZN2    ZN    M2     30      1.3950      0.0149   65.4000    1.1071    1.5000    0.8000

Done!
