            --------------------------------------------------------
                             AMBER SQM VERSION 19
 
                                     By
              Ross C. Walker, Michael F. Crowley, Scott Brozell,
                         Tim Giese, Andreas W. Goetz,
                        Tai-Sung Lee and David A. Case
 
            --------------------------------------------------------
 

--------------------------------------------------------------------------------
  QM CALCULATION INFO
--------------------------------------------------------------------------------

| QMMM: Citation for AMBER QMMM Run:
| QMMM: R.C. Walker, M.F. Crowley and D.A. Case, J. COMP. CHEM. 29:1019, 2008

QMMM: SINGLET STATE CALCULATION
QMMM: RHF CALCULATION, NO. OF DOUBLY OCCUPIED LEVELS = 45

| QMMM: *** Selected Hamiltonian *** 
| QMMM: AM1         

| QMMM: *** Parameter sets in use ***
| QMMM: C : M.J.S.DEWAR et al. JACS, 107, 3902, (1985)
| QMMM: N : M.J.S.DEWAR et al. JACS, 107, 3902, (1985)
| QMMM: O : M.J.S.DEWAR et al. JACS, 107, 3902, (1985)
| QMMM: P : M.J.S.DEWAR et al. THEOCHEM, 187,1, (1989)
| QMMM: H : M.J.S.DEWAR et al. JACS, 107, 3902, (1985)

| QMMM: *** SCF convergence criteria ***
| QMMM: Energy change                :  0.1D-09 kcal/mol
| QMMM: Error matrix |FP-PF|         :  0.1D+00 au
| QMMM: Density matrix change        :  0.5D-06
| QMMM: Maximum number of SCF cycles :     1000

| QMMM: *** Diagonalization Routine Information ***
| QMMM: Pseudo diagonalizations are allowed.
| QMMM: Auto diagonalization routine selection is in use.
| QMMM:
| QMMM: Timing diagonalization routines:
| QMMM:                              norbs =       79
| QMMM:    diag iterations used for timing =       15
| QMMM:
| QMMM:              Internal diag routine = 0.041477 seconds
| QMMM:                 Dspev diag routine = 0.040646 seconds
| QMMM:                Dspevd diag routine = 0.011040 seconds
| QMMM:                Dspevx diag routine = 0.055562 seconds
| QMMM:                 Dsyev diag routine = 0.025130 seconds
| QMMM:                Dsyevd diag routine = 0.058983 seconds
| QMMM:                Dsyevr diag routine = 0.532456 seconds
| QMMM:
| QMMM:                Pseudo diag routine = 0.006979 seconds
| QMMM:
| QMMM: Using dspevd routine (diag_routine=3).

  QMMM: QM Region Cartesian Coordinates (*=link atom) 
  QMMM: QM_NO.   MM_NO.  ATOM         X         Y         Z
  QMMM:     1        1      C      -34.8370    2.9580    8.3780
  QMMM:     2        2      C      -36.0790    3.5020    8.5440
  QMMM:     3        3      C      -36.3140    4.8420    8.2430
  QMMM:     4        4      C      -37.8490    6.6880    8.0770
  QMMM:     5        5      C      -36.7820    7.5200    7.5930
  QMMM:     6        6      C      -35.5260    7.0350    7.4590
  QMMM:     7        7      C      -34.4430    7.9470    6.9200
  QMMM:     8        8      C      -35.2640    5.6290    7.7750
  QMMM:     9        9      C      -34.0030    5.0540    7.6090
  QMMM:    10       10      C      -33.7930    3.7400    7.9080
  QMMM:    11       11      N      -37.5780    5.4060    8.3940
  QMMM:    12       12      O      -33.8840    6.5820    4.6090
  QMMM:    13       13      O      -33.5000    9.1030    4.5940
  QMMM:    14       14      O      -35.8760    8.1700    4.6230
  QMMM:    15       15      P      -34.3420    7.9440    5.0790
  QMMM:    16       16      O      -38.9550    7.2220    8.1660
  QMMM:    17       17      C      -38.6850    4.5850    8.9160
  QMMM:    18       18      H      -34.6810    1.9950    8.5970
  QMMM:    19       19      H      -36.8280    2.9330    8.8840
  QMMM:    20       20      H      -36.9700    8.4720    7.3520
  QMMM:    21       21      H      -33.5620    7.6500    7.2900
  QMMM:    22       22      H      -34.6710    8.8780    7.2030
  QMMM:    23       23      H      -33.2460    5.6120    7.2690
  QMMM:    24       24      H      -32.8850    3.3390    7.7870
  QMMM:    25       25      H      -36.3620    8.7640    5.2740
  QMMM:    26       26      H      -39.5140    5.1430    8.9550
  QMMM:    27       27      H      -38.8350    3.8000    8.3160
  QMMM:    28       28      H      -38.4570    4.2560    9.8330

--------------------------------------------------------------------------------
  RESULTS
--------------------------------------------------------------------------------

      iter         sqm energy              rms gradient
      ----    -------------------    -----------------------
xmin    10     -228.5107 kcal/mol        2.9550 kcal/(mol*A)
xmin    20     -230.2319 kcal/mol        0.3739 kcal/(mol*A)
xmin    30     -230.3803 kcal/mol        0.0447 kcal/(mol*A)
xmin    40     -230.3827 kcal/mol        0.0028 kcal/(mol*A)
  ... geometry converged !
 
 Final MO eigenvalues (eV):
 -38.5592  -35.9945  -33.6201  -33.3182  -31.9146  -29.1129  -28.8666  -28.2620
 -27.7125  -26.8808  -23.9733  -21.5351  -20.9745  -18.8500  -16.6470  -16.0019
 -14.9493  -14.7431  -13.8553  -13.2907  -13.1702  -12.6799  -12.2478  -12.1247
 -11.5343  -11.4795  -11.1328  -11.0321  -10.6374  -10.6255  -10.5698   -9.9186
  -9.4249   -9.2214   -8.8182   -8.6287   -8.3141   -8.1825   -7.9093   -6.7567
  -6.5629   -6.2576   -6.1844   -6.1244   -5.9798    2.3468    2.9414    3.6176
   4.2775    4.8386    5.6390    6.0021    6.1491    6.2105    6.4103    6.4595
   6.5978    6.6818    6.7795    6.8893    6.9336    6.9663    7.1208    7.4933
   7.5821    7.6454    7.7616    7.8041    8.1171    8.1645    8.3865    8.4370
   8.5408    8.8396    9.1432    9.6937   10.4565   11.2149   12.6042

 Heat of formation   =       -230.38272390 kcal/mol  (       -9.99014457 eV)

 Total SCF energy    =     -73344.15398486 kcal/mol  (    -3180.44117709 eV)
 Electronic energy   =    -426278.89958681 kcal/mol  (   -18484.84018849 eV)
 Core-core repulsion =     352934.74560196 kcal/mol  (    15304.39901140 eV)
 
    Atomic Charges for Step       1 :
  Atom    Element       Mulliken Charge
     1      C                 -0.096
     2      C                 -0.209
     3      C                  0.100
     4      C                  0.348
     5      C                 -0.271
     6      C                  0.119
     7      C                 -0.798
     8      C                 -0.112
     9      C                 -0.063
    10      C                 -0.180
    11      N                 -0.261
    12      O                 -1.167
    13      O                 -1.189
    14      O                 -0.824
    15      P                  2.619
    16      O                 -0.408
    17      C                 -0.082
    18      H                  0.114
    19      H                  0.121
    20      H                  0.158
    21      H                  0.125
    22      H                  0.126
    23      H                  0.217
    24      H                  0.131
    25      H                  0.229
    26      H                  0.118
    27      H                  0.069
    28      H                  0.064
 Total Mulliken Charge =      -1.000
 
                  X        Y        Z     TOTAL  
  QM DIPOLE   166.623  -38.436  -25.995  172.963
 
 Final Structure

  QMMM: QM Region Cartesian Coordinates (*=link atom) 
  QMMM: QM_NO.   MM_NO.  ATOM         X         Y         Z
  QMMM:     1        1      C      -34.8800    2.9622    8.2231
  QMMM:     2        2      C      -36.1117    3.5077    8.5442
  QMMM:     3        3      C      -36.3953    4.8688    8.2540
  QMMM:     4        4      C      -37.9397    6.7618    8.2235
  QMMM:     5        5      C      -36.8576    7.5791    7.6899
  QMMM:     6        6      C      -35.6171    7.0840    7.4255
  QMMM:     7        7      C      -34.5325    7.9801    7.0130
  QMMM:     8        8      C      -35.3715    5.6678    7.6667
  QMMM:     9        9      C      -34.1499    5.0684    7.3121
  QMMM:    10       10      C      -33.9003    3.7342    7.5931
  QMMM:    11       11      N      -37.6529    5.4155    8.5346
  QMMM:    12       12      O      -33.0202    6.9797    5.1734
  QMMM:    13       13      O      -33.9609    9.4150    4.9190
  QMMM:    14       14      O      -35.4246    7.5323    4.5353
  QMMM:    15       15      P      -34.0804    8.0011    5.3435
  QMMM:    16       16      O      -39.0895    7.2025    8.4517
  QMMM:    17       17      C      -38.6786    4.5781    9.0932
  QMMM:    18       18      H      -34.6791    1.9059    8.4554
  QMMM:    19       19      H      -36.8687    2.8677    9.0190
  QMMM:    20       20      H      -37.1167    8.6334    7.5168
  QMMM:    21       21      H      -33.6054    7.7219    7.5881
  QMMM:    22       22      H      -34.7960    9.0365    7.2832
  QMMM:    23       23      H      -33.4053    5.6770    6.7446
  QMMM:    24       24      H      -32.9398    3.2840    7.3066
  QMMM:    25       25      H      -35.7819    8.2379    4.0071
  QMMM:    26       26      H      -39.6239    5.1714    9.2205
  QMMM:    27       27      H      -38.8852    3.7073    8.4142
  QMMM:    28       28      H      -38.3564    4.1876   10.0960

           --------- Calculation Completed ----------

