-I: Adding /home/jguven/Software/miniconda3/dat/leap/prep to search path.
-I: Adding /home/jguven/Software/miniconda3/dat/leap/lib to search path.
-I: Adding /home/jguven/Software/miniconda3/dat/leap/parm to search path.
-I: Adding /home/jguven/Software/miniconda3/dat/leap/cmd to search path.
-s: Ignoring all leaprc startup files.
-f: Source ../vim_2/inputs/protein/tleap.in.

Welcome to LEaP!
Sourcing: ../vim_2/inputs/protein/tleap.in
----- Source: /home/jguven/Software/miniconda3/dat/leap/cmd/oldff/leaprc.ff14SB
----- Source of /home/jguven/Software/miniconda3/dat/leap/cmd/oldff/leaprc.ff14SB done
Log file: ./leap.log
Loading parameters: /home/jguven/Software/miniconda3/dat/leap/parm/parm10.dat
Reading title:
PARM99 + frcmod.ff99SB + frcmod.parmbsc0 + OL3 for RNA
Loading parameters: /home/jguven/Software/miniconda3/dat/leap/parm/frcmod.ff14SB
Reading force field modification type file (frcmod)
Reading title:
ff14SB protein backbone and sidechain parameters
Loading library: /home/jguven/Software/miniconda3/dat/leap/lib/amino12.lib
Loading library: /home/jguven/Software/miniconda3/dat/leap/lib/aminoct12.lib
Loading library: /home/jguven/Software/miniconda3/dat/leap/lib/aminont12.lib
Loading library: /home/jguven/Software/miniconda3/dat/leap/lib/nucleic12.lib
Loading library: /home/jguven/Software/miniconda3/dat/leap/lib/atomic_ions.lib
Loading library: /home/jguven/Software/miniconda3/dat/leap/lib/solvents.lib
----- Source: /home/jguven/Software/miniconda3/dat/leap/cmd/leaprc.gaff2
----- Source of /home/jguven/Software/miniconda3/dat/leap/cmd/leaprc.gaff2 done
Log file: ./leap.log
Loading parameters: /home/jguven/Software/miniconda3/dat/leap/parm/gaff2.dat
Reading title:
AMBER General Force Field for organic molecules (Version 2.11, May 2016)
----- Source: /home/jguven/Software/miniconda3/dat/leap/cmd/leaprc.water.tip3p
----- Source of /home/jguven/Software/miniconda3/dat/leap/cmd/leaprc.water.tip3p done
Loading library: /home/jguven/Software/miniconda3/dat/leap/lib/atomic_ions.lib
Loading library: /home/jguven/Software/miniconda3/dat/leap/lib/solvents.lib
Loading parameters: /home/jguven/Software/miniconda3/dat/leap/parm/frcmod.tip3p
Reading force field modification type file (frcmod)
Reading title:
This is the additional/replacement parameter set for TIP3P water
Loading parameters: /home/jguven/Software/miniconda3/dat/leap/parm/frcmod.ions1lm_126_tip3p
Reading force field modification type file (frcmod)
Reading title:
Li/Merz ion parameters of monovalent ions for TIP3P water model (12-6 normal usage set)
Loading parameters: /home/jguven/Software/miniconda3/dat/leap/parm/frcmod.ionsjc_tip3p
Reading force field modification type file (frcmod)
Reading title:
Monovalent ion parameters for Ewald and TIP3P water from Joung & Cheatham JPCB (2008)
Loading parameters: /home/jguven/Software/miniconda3/dat/leap/parm/frcmod.ions234lm_126_tip3p
Reading force field modification type file (frcmod)
Reading title:
Li/Merz ion parameters of divalent to tetravalent ions for TIP3P water model (12-6 normal usage set)
Loading Mol2 file: ../vim_2/inputs/protein/HD1.mol2
Reading MOLECULE named HD1
Loading Mol2 file: ../vim_2/inputs/protein/HE1.mol2
Reading MOLECULE named HE1
Loading Mol2 file: ../vim_2/inputs/protein/AP1.mol2
Reading MOLECULE named AP1
Loading Mol2 file: ../vim_2/inputs/protein/HD2.mol2
Reading MOLECULE named HD2
Loading Mol2 file: ../vim_2/inputs/protein/CS1.mol2
Reading MOLECULE named CS1
Loading Mol2 file: ../vim_2/inputs/protein/HD3.mol2
Reading MOLECULE named HD3
Loading Mol2 file: ../vim_2/inputs/protein/ZN1.mol2
Reading MOLECULE named ZN1
Loading Mol2 file: ../vim_2/inputs/protein/ZN2.mol2
Reading MOLECULE named ZN2
Loading parameters: /home/jguven/Software/miniconda3/dat/leap/parm/frcmod.ions1lm_126_tip3p
Reading force field modification type file (frcmod)
Reading title:
Li/Merz ion parameters of monovalent ions for TIP3P water model (12-6 normal usage set)
Loading parameters: ../vim_2/inputs/protein/vim2_mcpbpy.frcmod
Reading force field modification type file (frcmod)
Reading title:
REMARK GOES HERE, THIS FILE IS GENERATED BY MCPB.PY
Loading PDB file: ../vim_2/inputs/protein/protein_complex.pdb
Created a new atom named: OXT within residue: .R<ASN 230>

/home/jguven/Software/miniconda3/bin/teLeap: Warning!
One sided connection. Residue (ZN) missing connect0 atom.

/home/jguven/Software/miniconda3/bin/teLeap: Warning!
Illegal CONECT record in pdb file

/home/jguven/Software/miniconda3/bin/teLeap: Warning!
Illegal CONECT record in pdb file

/home/jguven/Software/miniconda3/bin/teLeap: Warning!
Illegal CONECT record in pdb file

/home/jguven/Software/miniconda3/bin/teLeap: Warning!
Illegal CONECT record in pdb file

/home/jguven/Software/miniconda3/bin/teLeap: Warning!
Illegal CONECT record in pdb file

/home/jguven/Software/miniconda3/bin/teLeap: Warning!
Illegal CONECT record in pdb file

/home/jguven/Software/miniconda3/bin/teLeap: Warning!
Illegal CONECT record in pdb file

/home/jguven/Software/miniconda3/bin/teLeap: Warning!
Illegal CONECT record in pdb file

/home/jguven/Software/miniconda3/bin/teLeap: Warning!
Illegal CONECT record in pdb file
  total atoms in file: 3456
  Leap added 1 missing atom according to residue templates:
       1 H / lone pairs
  The file contained 1 atoms not in residue templates

/home/jguven/Software/miniconda3/bin/teLeap: Warning!
Since the number of added atoms equals the number of missing atoms, it is likely
that some atoms had incorrect names; you may want to use addPdbAtomMap to map
these names, or change the names in the PDB file.

Writing pdb file: ../vim_2/inputs/protein/prot_water.pdb

/home/jguven/Software/miniconda3/bin/teLeap: Warning!
 Converting N-terminal residue name to PDB format: NGLU -> GLU
Checking Unit.

/home/jguven/Software/miniconda3/bin/teLeap: Warning!
The unperturbed charge of the unit (-8.000000) is not zero.
FATAL:  Atom .R<ASN 230>.A<OXT 15> does not have a type.

/home/jguven/Software/miniconda3/bin/teLeap: Fatal Error!
Failed to generate parameters

Exiting LEaP: Errors = 1; Warnings = 13; Notes = 0.
