/home/jguven/Software/miniconda3/envs/bss-d/lib/python3.9/site-packages/matplotlib/__init__.py:152: DeprecationWarning: distutils Version classes are deprecated. Use packaging.version instead.
  if LooseVersion(module.__version__) < minver:
/home/jguven/Software/miniconda3/envs/bss-d/lib/python3.9/site-packages/setuptools/_distutils/version.py:346: DeprecationWarning: distutils Version classes are deprecated. Use packaging.version instead.
  other = LooseVersion(other)
/home/jguven/Software/miniconda3/envs/bss-d/lib/python3.9/site-packages/matplotlib/__init__.py:152: DeprecationWarning: distutils Version classes are deprecated. Use packaging.version instead.
  if LooseVersion(module.__version__) < minver:
/home/jguven/Software/miniconda3/envs/bss-d/lib/python3.9/site-packages/setuptools/_distutils/version.py:346: DeprecationWarning: distutils Version classes are deprecated. Use packaging.version instead.
  other = LooseVersion(other)
/home/jguven/Software/miniconda3/envs/bss-d/lib/python3.9/site-packages/matplotlib/__init__.py:152: DeprecationWarning: distutils Version classes are deprecated. Use packaging.version instead.
  if LooseVersion(module.__version__) < minver:
/home/jguven/Software/miniconda3/envs/bss-d/lib/python3.9/site-packages/setuptools/_distutils/version.py:346: DeprecationWarning: distutils Version classes are deprecated. Use packaging.version instead.
  other = LooseVersion(other)
/home/jguven/Software/miniconda3/envs/bss-d/lib/python3.9/site-packages/matplotlib/__init__.py:152: DeprecationWarning: distutils Version classes are deprecated. Use packaging.version instead.
  if LooseVersion(module.__version__) < minver:
/home/jguven/Software/miniconda3/envs/bss-d/lib/python3.9/site-packages/setuptools/_distutils/version.py:346: DeprecationWarning: distutils Version classes are deprecated. Use packaging.version instead.
  other = LooseVersion(other)
/home/jguven/Software/miniconda3/envs/bss-d/lib/python3.9/site-packages/matplotlib/__init__.py:152: DeprecationWarning: distutils Version classes are deprecated. Use packaging.version instead.
  if LooseVersion(module.__version__) < minver:
/home/jguven/Software/miniconda3/envs/bss-d/lib/python3.9/site-packages/setuptools/_distutils/version.py:346: DeprecationWarning: distutils Version classes are deprecated. Use packaging.version instead.
  other = LooseVersion(other)
Warning: importing 'simtk.openmm' is deprecated.  Import 'openmm' instead.
-1 is an invalid positive integer value
working on ligand 1

==============================================================
Sending anonymous Sire usage statistics to http://siremol.org.
For more information, see http://siremol.org/analytics
To disable, set the environment variable 'SIRE_DONT_PHONEHOME' to 1
To see the information sent, set the environment variable 
SIRE_VERBOSE_PHONEHOME equal to 1. To silence this message, set
the environment variable SIRE_SILENT_PHONEHOME to 1.
==============================================================

solvating unbound ligand
solvating bound system
working on ligand 10
solvating unbound ligand
solvating bound system
working on ligand 11
solvating unbound ligand
solvating bound system
working on ligand 12
solvating unbound ligand
solvating bound system
working on ligand 13
solvating unbound ligand
solvating bound system
working on ligand 14
solvating unbound ligand
solvating bound system
working on ligand 15
solvating unbound ligand
solvating bound system
working on ligand 16
solvating unbound ligand
solvating bound system
working on ligand 2
solvating unbound ligand
solvating bound system
working on ligand 3
solvating unbound ligand
solvating bound system
working on ligand 4
solvating unbound ligand
solvating bound system
working on ligand 5
solvating unbound ligand
solvating bound system
working on ligand 6
solvating unbound ligand
solvating bound system
working on ligand 7
solvating unbound ligand
solvating bound system
working on ligand 8
solvating unbound ligand
solvating bound system
working on ligand 9
solvating unbound ligand
solvating bound system
