-I: Adding /home/jguven/Software/miniconda3/dat/leap/prep to search path.
-I: Adding /home/jguven/Software/miniconda3/dat/leap/lib to search path.
-I: Adding /home/jguven/Software/miniconda3/dat/leap/parm to search path.
-I: Adding /home/jguven/Software/miniconda3/dat/leap/cmd to search path.
-s: Ignoring all leaprc startup files.
-f: Source /home/jguven/projects/metalloenzymes/kpc2/inputs/protein/tleap.in.

Welcome to LEaP!
Sourcing: /home/jguven/projects/metalloenzymes/kpc2/inputs/protein/tleap.in
----- Source: /home/jguven/Software/miniconda3/dat/leap/cmd/leaprc.protein.ff14SB
----- Source of /home/jguven/Software/miniconda3/dat/leap/cmd/leaprc.protein.ff14SB done
Log file: ./leap.log
Loading parameters: /home/jguven/Software/miniconda3/dat/leap/parm/parm10.dat
Reading title:
PARM99 + frcmod.ff99SB + frcmod.parmbsc0 + OL3 for RNA
Loading parameters: /home/jguven/Software/miniconda3/dat/leap/parm/frcmod.ff14SB
Reading force field modification type file (frcmod)
Reading title:
ff14SB protein backbone and sidechain parameters
Loading library: /home/jguven/Software/miniconda3/dat/leap/lib/amino12.lib
Loading library: /home/jguven/Software/miniconda3/dat/leap/lib/aminoct12.lib
Loading library: /home/jguven/Software/miniconda3/dat/leap/lib/aminont12.lib
----- Source: /home/jguven/Software/miniconda3/dat/leap/cmd/leaprc.water.tip3p
----- Source of /home/jguven/Software/miniconda3/dat/leap/cmd/leaprc.water.tip3p done
Loading library: /home/jguven/Software/miniconda3/dat/leap/lib/atomic_ions.lib
Loading library: /home/jguven/Software/miniconda3/dat/leap/lib/solvents.lib
Loading parameters: /home/jguven/Software/miniconda3/dat/leap/parm/frcmod.tip3p
Reading force field modification type file (frcmod)
Reading title:
This is the additional/replacement parameter set for TIP3P water
Loading parameters: /home/jguven/Software/miniconda3/dat/leap/parm/frcmod.ions1lm_126_tip3p
Reading force field modification type file (frcmod)
Reading title:
Li/Merz ion parameters of monovalent ions for TIP3P water model (12-6 normal usage set)
Loading parameters: /home/jguven/Software/miniconda3/dat/leap/parm/frcmod.ionsjc_tip3p
Reading force field modification type file (frcmod)
Reading title:
Monovalent ion parameters for Ewald and TIP3P water from Joung & Cheatham JPCB (2008)
Loading parameters: /home/jguven/Software/miniconda3/dat/leap/parm/frcmod.ions234lm_126_tip3p
Reading force field modification type file (frcmod)
Reading title:
Li/Merz ion parameters of divalent to tetravalent ions for TIP3P water model (12-6 normal usage set)
Loading PDB file: /home/jguven/projects/metalloenzymes/kpc2/inputs/protein/protein_complex.pdb
  total atoms in file: 4090
  Leap added 2 missing atoms according to residue templates:
       2 H / lone pairs
Checking Unit.
Building topology.
Building atom parameters.
Building bond parameters.
Building angle parameters.
Building proper torsion parameters.
Building improper torsion parameters.
 total 817 improper torsions applied
Building H-Bond parameters.
Incorporating Non-Bonded adjustments.
Not Marking per-residue atom chain types.
Marking per-residue atom chain types.
  (Residues lacking connect0/connect1 - 
   these don't have chain types marked:

	res	total affected

	CGLY	1
	NHIP	1
	WAT	24
  )
 (no restraints)
	Quit

Exiting LEaP: Errors = 0; Warnings = 0; Notes = 0.
