
          -------------------------------------------------------
          Amber 22 SANDER                              2022
          -------------------------------------------------------

| Run on 09/21/2022 at 19:14:15

|   Executable path: sander
| Working directory: /home/jguven/projects/metalloenzymes/vim_2/mcpb_check
|          Hostname: Unknown
  [-O]verwriting output

File Assignments:
|  MDIN: test.in                                                               
| MDOUT: vim2_min.out                                                          
|INPCRD: vim2_solv.inpcrd                                                      
|  PARM: vim2_solv.prmtop                                                      
|RESTRT: vim2_solv.rst7                                                        
|  REFC: vim2_solv.rst7                                                        
| MDVEL: mdvel                                                                 
| MDFRC: mdfrc                                                                 
|  MDEN: mden                                                                  
| MDCRD: mdcrd                                                                 
|MDINFO: mdinfo                                                                
|  MTMD: mtmd                                                                  
|INPDIP: inpdip                                                                
|RSTDIP: rstdip                                                                
|INPTRA: inptraj                                                               


 Here is the input file:

bla bla                                                                        
&cntrl                                                                         
  imin   = 1,                                                                  
  maxcyc = 500,                                                                
  ncyc   = 250                                                                 
  ntb    = 0,                                                                  
  igb    = 0,                                                                  
  cut    = 12                                                                  
 /                                                                             

--------------------------------------------------------------------------------
   1.  RESOURCE   USE: 
--------------------------------------------------------------------------------

| Flags:                                                                        
|    NONPERIODIC   ntb=0 and igb=0: Setting up nonperiodic simulation
|Largest sphere to fit in unit cell has radius =    61.657
| New format PARM file being parsed.
| Version =    1.000 Date = 09/21/22 Time = 18:24:36
 NATOM  =   25676 NTYPES =      28 NBONH =   23915 MBONA  =    1801
 NTHETH =    3827 MTHETA =    2482 NPHIH =    7861 MPHIA  =    7830
 NHPARM =       0 NPARM  =       0 NNB   =   48720 NRES   =    7650
 NBONA  =    1801 NTHETA =    2482 NPHIA =    7830 NUMBND =     101
 NUMANG =     226 NPTRA  =     197 NATYP =      58 NPHB   =       0
 IFBOX  =       1 NMXRS  =      24 IFCAP =       0 NEXTRA =       0
 NCOPY  =       0


|     Memory Use     Allocated
|     Real             2708151
|     Hollerith          84680
|     Integer          1356640
|     Max Pairs       14789376
|     nblistReal        308112
|     nblist Int       3380883
|       Total           100172 kbytes

| Note: 1-4 EEL scale factors are being read from the topology file.

| Note: 1-4 VDW scale factors are being read from the topology file.
| Duplicated    0 dihedrals
| Duplicated    0 dihedrals

     BOX TYPE: RECTILINEAR

--------------------------------------------------------------------------------
   2.  CONTROL  DATA  FOR  THE  RUN
--------------------------------------------------------------------------------

default_name                                                                    

General flags:
     imin    =       1, nmropt  =       0

Nature and format of input:
     ntx     =       1, irest   =       0, ntrx    =       1

Nature and format of output:
     ntxo    =       2, ntpr    =      50, ntrx    =       1, ntwr    =       1
     iwrap   =       0, ntwx    =       0, ntwv    =       0, ntwe    =       0
     ioutfm  =       1, ntwprt  =       0, idecomp =       0, rbornstat=      0

Potential function:
     ntf     =       1, ntb     =       0, igb     =       0, nsnb    =      25
     ipol    =       0, gbsa    =       0, iesp    =       0
     dielc   =   1.00000, cut     =  12.00000, intdiel =   1.00000

Frozen or restrained atoms:
     ibelly  =       0, ntr     =       0

Energy minimization:
     maxcyc  =     500, ncyc    =     250, ntmin   =       1
     dx0     =   0.01000, drms    =   0.00010
|  INFO: Old style inpcrd file read


--------------------------------------------------------------------------------
   3.  ATOMIC COORDINATES AND VELOCITIES
--------------------------------------------------------------------------------

default_name                                                                    
 begin time read from input coords =     0.000 ps

 Number of triangulated 3-point waters found:     7409

     Sum of charges from parm topology file =  -0.00000313
     Forcing neutrality...

--------------------------------------------------------------------------------
   4.  RESULTS
--------------------------------------------------------------------------------

 ---------------------------------------------------

     eedmeth=4: Setting switch to one everywhere

 ---------------------------------------------------
| Local SIZE OF NONBOND LIST =    6852538
| TOTAL SIZE OF NONBOND LIST =    6852538


   NSTEP       ENERGY          RMS            GMAX         NAME    NUMBER
      1              NaN            NaN     3.8501E+03     H2       3527

 BOND    =    10332.9039  ANGLE   =      580.8769  DIHED      =     2534.7721
 VDWAALS =           NaN  EEL     =      Infinity  HBOND      =        0.0000
 1-4 VDW =     1087.0352  1-4 EEL =     9070.8610  RESTRAINT  =        0.0000


   NSTEP       ENERGY          RMS            GMAX         NAME    NUMBER
     50              NaN            NaN     0.0000E+00     N           1

 BOND    =           NaN  ANGLE   =   424601.8408  DIHED      =     1951.3060
 VDWAALS =        0.0000  EEL     =        0.0000  HBOND      =        0.0000
 1-4 VDW =           NaN  1-4 EEL =           NaN  RESTRAINT  =        0.0000


   NSTEP       ENERGY          RMS            GMAX         NAME    NUMBER
    100              NaN            NaN     0.0000E+00     N           1

 BOND    =           NaN  ANGLE   =   424601.8408  DIHED      =     1951.3060
 VDWAALS =        0.0000  EEL     =        0.0000  HBOND      =        0.0000
 1-4 VDW =           NaN  1-4 EEL =           NaN  RESTRAINT  =        0.0000


   NSTEP       ENERGY          RMS            GMAX         NAME    NUMBER
    150              NaN            NaN     0.0000E+00     N           1

 BOND    =           NaN  ANGLE   =   424601.8408  DIHED      =     1951.3060
 VDWAALS =        0.0000  EEL     =        0.0000  HBOND      =        0.0000
 1-4 VDW =           NaN  1-4 EEL =           NaN  RESTRAINT  =        0.0000


   NSTEP       ENERGY          RMS            GMAX         NAME    NUMBER
    200              NaN            NaN     0.0000E+00     N           1

 BOND    =           NaN  ANGLE   =   424601.8408  DIHED      =     1951.3060
 VDWAALS =        0.0000  EEL     =        0.0000  HBOND      =        0.0000
 1-4 VDW =           NaN  1-4 EEL =           NaN  RESTRAINT  =        0.0000


   NSTEP       ENERGY          RMS            GMAX         NAME    NUMBER
    250              NaN            NaN     0.0000E+00     N           1

 BOND    =           NaN  ANGLE   =   424601.8408  DIHED      =     1951.3060
 VDWAALS =        0.0000  EEL     =        0.0000  HBOND      =        0.0000
 1-4 VDW =           NaN  1-4 EEL =           NaN  RESTRAINT  =        0.0000

     ... RESTARTED DUE TO LINMIN FAILURE ...

     ... RESTARTED DUE TO LINMIN FAILURE ...

     ... RESTARTED DUE TO LINMIN FAILURE ...

     ... RESTARTED DUE TO LINMIN FAILURE ...

     ... RESTARTED DUE TO LINMIN FAILURE ...

     ***** REPEATED LINMIN FAILURE *****

     ***** SEE http://ambermd.org/Questions/linmin.html FOR MORE INFO *****


                    FINAL RESULTS



   NSTEP       ENERGY          RMS            GMAX         NAME    NUMBER
    271              NaN            NaN     0.0000E+00     N           1

 BOND    =           NaN  ANGLE   =   424601.8408  DIHED      =     1951.3060
 VDWAALS =        0.0000  EEL     =        0.0000  HBOND      =        0.0000
 1-4 VDW =           NaN  1-4 EEL =           NaN  RESTRAINT  =        0.0000

--------------------------------------------------------------------------------
   5.  TIMINGS
--------------------------------------------------------------------------------

|    Read coords time           0.02 ( 0.14% of Total)
|                Build the list            10.90 (100.0% of List )
|                Other                      0.00 ( 0.01% of List )
|             List time                 10.90 (86.92% of Nonbo)
|                   Short_ene time             1.47 (96.64% of Direc)
|                   Other                      0.05 ( 3.36% of Direc)
|                Direct Ewald time          1.52 (92.74% of Ewald)
|                Virial junk                0.00 ( 0.01% of Ewald)
|                Other                      0.12 ( 7.25% of Ewald)
|             Ewald time                 1.64 (13.08% of Nonbo)
|          Nonbond force             12.54 (90.27% of Force)
|          Bond/Angle/Dihedral        1.33 ( 9.58% of Force)
|          Other                      0.02 ( 0.15% of Force)
|       Force time                13.89 (100.0% of Runmd)
|    Runmd Time                13.89 (96.11% of Total)
|    Other                      0.54 ( 3.74% of Total)
| Total time                14.45 (100.0% of ALL  )

| Number of list builds   :         11

| Highest rstack allocated:       2525
| Highest istack allocated:        505
|           Job began  at 19:14:15.383  on 09/21/2022
|           Setup done at 19:14:15.600  on 09/21/2022
|           Run   done at 19:14:29.837  on 09/21/2022
|     wallclock() was called    6288 times

|3D-RISM memory allocation summary
|Type          Maximum        Current   
|Integer       0.00000 GB     0.00000 GB
|Real          0.00000 GB     0.00000 GB
|Logical       0.00000 GB     0.00000 GB
|Character     0.00000 GB     0.00000 GB
|---------------------------------------
|Total         0.00000 GB     0.00000 GB
