            --------------------------------------------------------
                             AMBER SQM VERSION 19
 
                                     By
              Ross C. Walker, Michael F. Crowley, Scott Brozell,
                         Tim Giese, Andreas W. Goetz,
                        Tai-Sung Lee and David A. Case
 
            --------------------------------------------------------
 

--------------------------------------------------------------------------------
  QM CALCULATION INFO
--------------------------------------------------------------------------------

| QMMM: Citation for AMBER QMMM Run:
| QMMM: R.C. Walker, M.F. Crowley and D.A. Case, J. COMP. CHEM. 29:1019, 2008

QMMM: SINGLET STATE CALCULATION
QMMM: RHF CALCULATION, NO. OF DOUBLY OCCUPIED LEVELS = 42

| QMMM: *** Selected Hamiltonian *** 
| QMMM: AM1         

| QMMM: *** Parameter sets in use ***
| QMMM: C : M.J.S.DEWAR et al. JACS, 107, 3902, (1985)
| QMMM: N : M.J.S.DEWAR et al. JACS, 107, 3902, (1985)
| QMMM: O : M.J.S.DEWAR et al. JACS, 107, 3902, (1985)
| QMMM: P : M.J.S.DEWAR et al. THEOCHEM, 187,1, (1989)
| QMMM: H : M.J.S.DEWAR et al. JACS, 107, 3902, (1985)

| QMMM: *** SCF convergence criteria ***
| QMMM: Energy change                :  0.1D-09 kcal/mol
| QMMM: Error matrix |FP-PF|         :  0.1D+00 au
| QMMM: Density matrix change        :  0.5D-06
| QMMM: Maximum number of SCF cycles :     1000

| QMMM: *** Diagonalization Routine Information ***
| QMMM: Pseudo diagonalizations are allowed.
| QMMM: Auto diagonalization routine selection is in use.
| QMMM:
| QMMM: Timing diagonalization routines:
| QMMM:                              norbs =       73
| QMMM:    diag iterations used for timing =       15
| QMMM:
| QMMM:              Internal diag routine = 0.016104 seconds
| QMMM:                 Dspev diag routine = 0.067118 seconds
| QMMM:                Dspevd diag routine = 0.010422 seconds
| QMMM:                Dspevx diag routine = 0.052835 seconds
| QMMM:                 Dsyev diag routine = 0.041402 seconds
| QMMM:                Dsyevd diag routine = 0.888220 seconds
| QMMM:                Dsyevr diag routine = 0.130199 seconds
| QMMM:
| QMMM:                Pseudo diag routine = 0.008257 seconds
| QMMM:
| QMMM: Using dspevd routine (diag_routine=3).

  QMMM: QM Region Cartesian Coordinates (*=link atom) 
  QMMM: QM_NO.   MM_NO.  ATOM         X         Y         Z
  QMMM:     1        1      C      -38.7500    4.8890    9.0620
  QMMM:     2        2      C      -37.7090    4.0210    8.8880
  QMMM:     3        3      C      -36.5110    4.4700    8.3440
  QMMM:     4        4      C      -34.2530    3.9650    7.6840
  QMMM:     5        5      C      -34.0760    5.3380    7.2940
  QMMM:     6        6      C      -35.0870    6.2320    7.4060
  QMMM:     7        7      C      -34.8470    7.6720    7.0030
  QMMM:     8        8      C      -36.3690    5.8020    7.9710
  QMMM:     9        9      C      -37.4430    6.6720    8.1620
  QMMM:    10       10      C      -38.6150    6.2210    8.6980
  QMMM:    11       11      N      -35.4480    3.5980    8.1760
  QMMM:    12       12      O      -34.0280    6.5820    4.6010
  QMMM:    13       13      O      -33.6580    9.0800    4.9690
  QMMM:    14       14      O      -36.0170    8.1740    4.6050
  QMMM:    15       15      P      -34.5430    7.8740    5.1960
  QMMM:    16       16      O      -33.3050    3.1940    7.5490
  QMMM:    17       17      H      -39.6110    4.5640    9.4530
  QMMM:    18       18      H      -37.8090    3.0620    9.1530
  QMMM:    19       19      H      -33.1920    5.6370    6.9340
  QMMM:    20       20      H      -34.0520    8.0160    7.5030
  QMMM:    21       21      H      -35.6750    8.1860    7.2250
  QMMM:    22       22      H      -37.3540    7.6340    7.9030
  QMMM:    23       23      H      -39.3790    6.8530    8.8280
  QMMM:    24       24      H      -35.5560    2.7550    8.4060
  QMMM:    25       25      H      -36.5490    8.7470    5.2370

--------------------------------------------------------------------------------
  RESULTS
--------------------------------------------------------------------------------

      iter         sqm energy              rms gradient
      ----    -------------------    -----------------------
xmin    10     -234.8800 kcal/mol        1.9826 kcal/(mol*A)
xmin    20     -236.1912 kcal/mol        0.2265 kcal/(mol*A)
xmin    30     -236.5295 kcal/mol        0.1381 kcal/(mol*A)
xmin    40     -236.5891 kcal/mol        0.1297 kcal/(mol*A)
xmin    50     -236.5935 kcal/mol        0.0145 kcal/(mol*A)
xmin    60     -236.5935 kcal/mol        0.0005 kcal/(mol*A)
  ... geometry converged !
 
 Final MO eigenvalues (eV):
 -38.4254  -35.9452  -33.4109  -32.7559  -31.8400  -28.9020  -28.7806  -28.3272
 -27.4172  -25.8258  -21.5839  -21.1032  -19.6918  -16.6160  -16.2258  -15.3571
 -14.6393  -13.5088  -13.1925  -13.0800  -12.7480  -12.2921  -12.0191  -11.4783
 -11.2586  -11.0199  -10.9081  -10.4500   -9.9345   -9.4868   -9.3234   -9.1149
  -8.9585   -8.3102   -8.1985   -7.9125   -6.8093   -6.5074   -6.2018   -6.1350
  -6.0833   -5.9737    2.2812    2.8054    3.6018    4.5326    4.7911    5.6324
   6.0216    6.0544    6.3468    6.4703    6.5768    6.7236    6.8347    6.9848
   7.0765    7.3617    7.4459    7.5644    7.6432    7.7635    7.9757    8.1528
   8.2714    8.3482    8.4057    8.7701    9.1576    9.7441   10.4232   11.3044
  12.7028

 Heat of formation   =       -236.59353329 kcal/mol  (      -10.25946547 eV)

 Total SCF energy    =     -69763.51176272 kcal/mol  (    -3025.17287900 eV)
 Electronic energy   =    -381322.31717968 kcal/mol  (   -16535.37648756 eV)
 Core-core repulsion =     311558.80541696 kcal/mol  (    13510.20360856 eV)
 
    Atomic Charges for Step       1 :
  Atom    Element       Mulliken Charge
     1      C                 -0.093
     2      C                 -0.208
     3      C                  0.101
     4      C                  0.347
     5      C                 -0.259
     6      C                  0.119
     7      C                 -0.789
     8      C                 -0.098
     9      C                 -0.052
    10      C                 -0.186
    11      N                 -0.307
    12      O                 -1.149
    13      O                 -1.189
    14      O                 -0.838
    15      P                  2.609
    16      O                 -0.406
    17      H                  0.116
    18      H                  0.120
    19      H                  0.160
    20      H                  0.125
    21      H                  0.120
    22      H                  0.177
    23      H                  0.126
    24      H                  0.229
    25      H                  0.224
 Total Mulliken Charge =      -1.000
 
                  X        Y        Z     TOTAL  
  QM DIPOLE   165.077  -33.070  -24.103  170.074
 
 Final Structure

  QMMM: QM Region Cartesian Coordinates (*=link atom) 
  QMMM: QM_NO.   MM_NO.  ATOM         X         Y         Z
  QMMM:     1        1      C      -38.7505    4.8968    8.8351
  QMMM:     2        2      C      -37.6887    4.0101    8.8438
  QMMM:     3        3      C      -36.4171    4.4154    8.3601
  QMMM:     4        4      C      -34.0835    3.8713    7.8975
  QMMM:     5        5      C      -33.9054    5.2375    7.4229
  QMMM:     6        6      C      -34.9209    6.1475    7.3931
  QMMM:     7        7      C      -34.6640    7.5253    6.9641
  QMMM:     8        8      C      -36.2385    5.7448    7.8747
  QMMM:     9        9      C      -37.3477    6.6078    7.8679
  QMMM:    10       10      C      -38.5834    6.1956    8.3452
  QMMM:    11       11      N      -35.3542    3.5217    8.3742
  QMMM:    12       12      O      -35.1857    6.7081    4.4767
  QMMM:    13       13      O      -34.1382    9.0589    4.9413
  QMMM:    14       14      O      -36.4570    8.6634    5.5146
  QMMM:    15       15      P      -35.0010    7.9113    5.3077
  QMMM:    16       16      O      -33.1883    2.9987    7.9443
  QMMM:    17       17      H      -39.7334    4.5746    9.2087
  QMMM:    18       18      H      -37.8323    2.9866    9.2189
  QMMM:    19       19      H      -32.8943    5.4779    7.0648
  QMMM:    20       20      H      -33.5815    7.7735    7.1216
  QMMM:    21       21      H      -35.2441    8.2414    7.5996
  QMMM:    22       22      H      -37.2490    7.6267    7.4502
  QMMM:    23       23      H      -39.4366    6.8876    8.3243
  QMMM:    24       24      H      -35.5149    2.5884    8.6758
  QMMM:    25       25      H      -36.4258    9.5670    5.2231

           --------- Calculation Completed ----------

