Setting the LD random seed to -571211828

Generated 136 of the 136 non-bonded parameter combinations

Generated 136 of the 136 1-4 parameter combinations

Excluding 3 bonded neighbours molecule type 'MOL'

Excluding 3 bonded neighbours molecule type 'SOL'

Excluding 3 bonded neighbours molecule type 'NA'
Analysing residue names:
There are:     1      Other residues
There are:   673      Water residues
There are:     1        Ion residues
Analysing residues not classified as Protein/DNA/RNA/Water and splitting into groups...
Analysing residues not classified as Protein/DNA/RNA/Water and splitting into groups...

The largest distance between excluded atoms is 0.407 nm
Calculating fourier grid dimensions for X Y Z
Using a fourier grid of 24x24x24, spacing 0.115 0.115 0.115

Estimate for the relative computational load of the PME mesh part: 0.30

This run will generate roughly 0 Mb of data
                      :-) GROMACS - gmx grompp, 2022.2 (-:

Executable:   /usr/local/gromacs/bin/gmx
Data prefix:  /usr/local/gromacs
Working dir:  /home/jguven/projects/metalloenzymes/vim_2/runs/equilibration/unbound/ligand_10/min
Command line:
  gmx grompp -f min.mdp -c min.gro -p min.top -o min.tpr

Ignoring obsolete mdp entry 'ns-type'
Generating 1-4 interactions: fudge = 0.5
Number of degrees of freedom in T-Coupling group rest is 4119.00

Back Off! I just backed up min.tpr to ./#min.tpr.5#

GROMACS reminds you: "It Doesn't Seem Right, No Computers in Sight" (Faun Fables)

                      :-) GROMACS - gmx mdrun, 2022.2 (-:

Executable:   /usr/local/gromacs/bin/gmx
Data prefix:  /usr/local/gromacs
Working dir:  /home/jguven/projects/metalloenzymes/vim_2/runs/equilibration/unbound/ligand_10/min
Command line:
  gmx mdrun -v -deffnm min -nt 1 -nb gpu


Back Off! I just backed up min.log to ./#min.log.2#
Reading file min.tpr, VERSION 2022.2 (single precision)
1 GPU selected for this run.
Mapping of GPU IDs to the 1 GPU task in the 1 rank on this node:
  PP:0
PP tasks will do (non-perturbed) short-ranged interactions on the GPU
PP task will update and constrain coordinates on the CPU
Using 1 MPI thread
Using 1 OpenMP thread 


NOTE: Thread affinity was not set.

Back Off! I just backed up min.trr to ./#min.trr.2#

Back Off! I just backed up min.edr to ./#min.edr.2#

Steepest Descents:
   Tolerance (Fmax)   =  1.00000e+01
   Number of steps    =         2000
Step=    0, Dmax= 1.0e-02 nm, Epot=  1.88955e+03 Fmax= 1.52458e+05, atom= 436
Step=    1, Dmax= 1.0e-02 nm, Epot= -5.34509e+03 Fmax= 4.89712e+04, atom= 361
Step=    2, Dmax= 1.2e-02 nm, Epot= -1.22288e+04 Fmax= 1.99408e+04, atom= 1852
Step=    3, Dmax= 1.4e-02 nm, Epot= -1.72691e+04 Fmax= 8.75081e+03, atom= 1852
Step=    4, Dmax= 1.7e-02 nm, Epot= -2.06979e+04 Fmax= 3.28264e+03, atom= 1852
Step=    5, Dmax= 2.1e-02 nm, Epot= -2.32055e+04 Fmax= 1.13225e+04, atom= 5
Step=    6, Dmax= 2.5e-02 nm, Epot= -2.33237e+04 Fmax= 1.73476e+04, atom= 5
Step=    7, Dmax= 3.0e-02 nm, Epot= -2.35693e+04 Fmax= 2.32768e+04, atom= 4
Step=    8, Dmax= 3.6e-02 nm, Epot= -2.38416e+04 Fmax= 2.68395e+04, atom= 4
Step=    9, Dmax= 4.3e-02 nm, Epot= -2.38466e+04 Fmax= 3.43264e+04, atom= 4
Step=   10, Dmax= 5.2e-02 nm, Epot= -2.38475e+04 Fmax= 3.88758e+04, atom= 4
Step=   11, Dmax= 6.2e-02 nm, Epot= -2.34878e+04 Fmax= 5.02772e+04, atom= 4
Step=   12, Dmax= 3.1e-02 nm, Epot= -2.49405e+04 Fmax= 4.79453e+03, atom= 4
Step=   13, Dmax= 3.7e-02 nm, Epot= -2.42825e+04 Fmax= 4.81763e+04, atom= 4
Step=   14, Dmax= 1.9e-02 nm, Epot= -2.52357e+04 Fmax= 2.17198e+04, atom= 4
Step=   15, Dmax= 2.2e-02 nm, Epot= -2.54312e+04 Fmax= 9.85369e+03, atom= 4
Step=   16, Dmax= 2.7e-02 nm, Epot= -2.52357e+04 Fmax= 2.81407e+04, atom= 4
Step=   17, Dmax= 1.3e-02 nm, Epot= -2.55670e+04 Fmax= 9.26216e+03, atom= 4
Step=   18, Dmax= 1.6e-02 nm, Epot= -2.56601e+04 Fmax= 1.35276e+04, atom= 4
Step=   19, Dmax= 1.9e-02 nm, Epot= -2.57723e+04 Fmax= 1.39600e+04, atom= 4
Step=   20, Dmax= 2.3e-02 nm, Epot= -2.58018e+04 Fmax= 1.89808e+04, atom= 4
Step=   21, Dmax= 2.8e-02 nm, Epot= -2.58695e+04 Fmax= 2.05537e+04, atom= 4
Step=   22, Dmax= 3.3e-02 nm, Epot= -2.57995e+04 Fmax= 2.70583e+04, atom= 4
Step=   23, Dmax= 1.7e-02 nm, Epot= -2.61955e+04 Fmax= 2.96740e+03, atom= 4
Step=   24, Dmax= 2.0e-02 nm, Epot= -2.62307e+04 Fmax= 2.57550e+04, atom= 4
Step=   25, Dmax= 2.4e-02 nm, Epot= -2.66708e+04 Fmax= 8.20173e+03, atom= 4
Step=   26, Dmax= 2.9e-02 nm, Epot= -2.62196e+04 Fmax= 3.26135e+04, atom= 4
Step=   27, Dmax= 1.4e-02 nm, Epot= -2.67155e+04 Fmax= 1.23160e+04, atom= 4
Step=   28, Dmax= 1.7e-02 nm, Epot= -2.67931e+04 Fmax= 1.21976e+04, atom= 4
Step=   29, Dmax= 2.1e-02 nm, Epot= -2.67837e+04 Fmax= 1.72936e+04, atom= 4
Step=   30, Dmax= 1.0e-02 nm, Epot= -2.69283e+04 Fmax= 2.64629e+03, atom= 4
Step=   31, Dmax= 1.2e-02 nm, Epot= -2.70270e+04 Fmax= 1.48157e+04, atom= 4
Step=   32, Dmax= 1.5e-02 nm, Epot= -2.71859e+04 Fmax= 6.51486e+03, atom= 4
Step=   33, Dmax= 1.8e-02 nm, Epot= -2.71053e+04 Fmax= 1.89838e+04, atom= 4
Step=   34, Dmax= 8.9e-03 nm, Epot= -2.72495e+04 Fmax= 6.14290e+03, atom= 4
Step=   35, Dmax= 1.1e-02 nm, Epot= -2.72949e+04 Fmax= 9.20088e+03, atom= 4
Step=   36, Dmax= 1.3e-02 nm, Epot= -2.73544e+04 Fmax= 9.07607e+03, atom= 4
Step=   37, Dmax= 1.5e-02 nm, Epot= -2.73680e+04 Fmax= 1.29590e+04, atom= 4
Step=   38, Dmax= 1.9e-02 nm, Epot= -2.74168e+04 Fmax= 1.34196e+04, atom= 4
Step=   39, Dmax= 2.2e-02 nm, Epot= -2.73795e+04 Fmax= 1.82581e+04, atom= 4
Step=   40, Dmax= 1.1e-02 nm, Epot= -2.75595e+04 Fmax= 2.52969e+03, atom= 4
Step=   41, Dmax= 1.3e-02 nm, Epot= -2.75880e+04 Fmax= 1.62941e+04, atom= 4
Step=   42, Dmax= 1.6e-02 nm, Epot= -2.77622e+04 Fmax= 6.62757e+03, atom= 4
Step=   43, Dmax= 1.9e-02 nm, Epot= -2.76110e+04 Fmax= 2.08418e+04, atom= 4
Step=   44, Dmax= 9.6e-03 nm, Epot= -2.78069e+04 Fmax= 6.99778e+03, atom= 4
Step=   45, Dmax= 1.2e-02 nm, Epot= -2.78343e+04 Fmax= 9.46877e+03, atom= 4
Step=   46, Dmax= 1.4e-02 nm, Epot= -2.78711e+04 Fmax= 1.01992e+04, atom= 4
Step=   47, Dmax= 1.7e-02 nm, Epot= -2.78710e+04 Fmax= 1.34648e+04, atom= 4
Step=   48, Dmax= 8.3e-03 nm, Epot= -2.79612e+04 Fmax= 1.69771e+03, atom= 4
Step=   49, Dmax= 1.0e-02 nm, Epot= -2.80417e+04 Fmax= 1.22656e+04, atom= 4
Step=   50, Dmax= 1.2e-02 nm, Epot= -2.81499e+04 Fmax= 4.83034e+03, atom= 4
Step=   51, Dmax= 1.4e-02 nm, Epot= -2.80900e+04 Fmax= 1.56119e+04, atom= 4
Step=   52, Dmax= 7.2e-03 nm, Epot= -2.81868e+04 Fmax= 5.33391e+03, atom= 4
Step=   53, Dmax= 8.6e-03 nm, Epot= -2.82171e+04 Fmax= 6.96376e+03, atom= 4
Step=   54, Dmax= 1.0e-02 nm, Epot= -2.82485e+04 Fmax= 7.70646e+03, atom= 4
Step=   55, Dmax= 1.2e-02 nm, Epot= -2.82637e+04 Fmax= 9.96710e+03, atom= 4
Step=   56, Dmax= 1.5e-02 nm, Epot= -2.82845e+04 Fmax= 1.11977e+04, atom= 4
Step=   57, Dmax= 1.8e-02 nm, Epot= -2.82732e+04 Fmax= 1.42179e+04, atom= 4
Step=   58, Dmax= 8.9e-03 nm, Epot= -2.83827e+04 Fmax= 1.58357e+03, atom= 4
Step=   59, Dmax= 1.1e-02 nm, Epot= -2.84288e+04 Fmax= 1.34733e+04, atom= 4
Step=   60, Dmax= 1.3e-02 nm, Epot= -2.85502e+04 Fmax= 4.89924e+03, atom= 4
Step=   61, Dmax= 1.5e-02 nm, Epot= -2.84476e+04 Fmax= 1.71183e+04, atom= 4
Step=   62, Dmax= 7.7e-03 nm, Epot= -2.85763e+04 Fmax= 6.04192e+03, atom= 4
Step=   63, Dmax= 9.3e-03 nm, Epot= -2.85996e+04 Fmax= 7.16025e+03, atom= 4
Step=   64, Dmax= 1.1e-02 nm, Epot= -2.86173e+04 Fmax= 8.62557e+03, atom= 4
Step=   65, Dmax= 1.3e-02 nm, Epot= -2.86277e+04 Fmax= 1.03580e+04, atom= 4
Step=   66, Dmax= 1.6e-02 nm, Epot= -2.86296e+04 Fmax= 1.24129e+04, atom= 4
Step=   67, Dmax= 1.9e-02 nm, Epot= -2.86154e+04 Fmax= 1.48960e+04, atom= 4
Step=   68, Dmax= 9.6e-03 nm, Epot= -2.87423e+04 Fmax= 1.32615e+03, atom= 4
Step=   69, Dmax= 1.2e-02 nm, Epot= -2.87704e+04 Fmax= 1.48539e+04, atom= 4
Step=   70, Dmax= 1.4e-02 nm, Epot= -2.89120e+04 Fmax= 4.89503e+03, atom= 4
Step=   71, Dmax= 1.7e-02 nm, Epot= -2.87624e+04 Fmax= 1.88221e+04, atom= 4
Step=   72, Dmax= 8.3e-03 nm, Epot= -2.89269e+04 Fmax= 6.88316e+03, atom= 4
Step=   73, Dmax= 1.0e-02 nm, Epot= -2.89482e+04 Fmax= 7.29495e+03, atom= 4
Step=   74, Dmax= 1.2e-02 nm, Epot= -2.89503e+04 Fmax= 9.69150e+03, atom= 4
Step=   75, Dmax= 1.4e-02 nm, Epot= -2.89614e+04 Fmax= 1.07046e+04, atom= 4
Step=   76, Dmax= 1.7e-02 nm, Epot= -2.89406e+04 Fmax= 1.37951e+04, atom= 4
Step=   77, Dmax= 8.6e-03 nm, Epot= -2.90472e+04 Fmax= 1.47499e+03, atom= 4
Step=   78, Dmax= 1.0e-02 nm, Epot= -2.90479e+04 Fmax= 1.33024e+04, atom= 4
Step=   79, Dmax= 1.2e-02 nm, Epot= -2.91648e+04 Fmax= 4.25703e+03, atom= 4
Step=   80, Dmax= 1.5e-02 nm, Epot= -2.90460e+04 Fmax= 1.68342e+04, atom= 4
Step=   81, Dmax= 7.4e-03 nm, Epot= -2.91773e+04 Fmax= 6.32772e+03, atom= 4
Step=   82, Dmax= 8.9e-03 nm, Epot= -2.91984e+04 Fmax= 6.33503e+03, atom= 4
Step=   83, Dmax= 1.1e-02 nm, Epot= -2.91983e+04 Fmax= 8.88820e+03, atom= 4
Step=   84, Dmax= 5.3e-03 nm, Epot= -2.92356e+04 Fmax= 1.30373e+03, atom= 4
Step=   85, Dmax= 6.4e-03 nm, Epot= -2.92701e+04 Fmax= 7.74644e+03, atom= 4
Step=   86, Dmax= 7.7e-03 nm, Epot= -2.93159e+04 Fmax= 3.24018e+03, atom= 4
Step=   87, Dmax= 9.2e-03 nm, Epot= -2.92995e+04 Fmax= 9.90486e+03, atom= 4
Step=   88, Dmax= 4.6e-03 nm, Epot= -2.93354e+04 Fmax= 3.31109e+03, atom= 4
Step=   89, Dmax= 5.5e-03 nm, Epot= -2.93520e+04 Fmax= 4.59727e+03, atom= 4
Step=   90, Dmax= 6.7e-03 nm, Epot= -2.93701e+04 Fmax= 4.85084e+03, atom= 4
Step=   91, Dmax= 8.0e-03 nm, Epot= -2.93800e+04 Fmax= 6.52022e+03, atom= 4
Step=   92, Dmax= 9.6e-03 nm, Epot= -2.93944e+04 Fmax= 7.10153e+03, atom= 4
Step=   93, Dmax= 1.1e-02 nm, Epot= -2.93927e+04 Fmax= 9.25582e+03, atom= 4
Step=   94, Dmax= 5.7e-03 nm, Epot= -2.94366e+04 Fmax= 1.10842e+03, atom= 4
Step=   95, Dmax= 6.9e-03 nm, Epot= -2.94700e+04 Fmax= 8.62109e+03, atom= 4
Step=   96, Dmax= 8.3e-03 nm, Epot= -2.95229e+04 Fmax= 3.18709e+03, atom= 4
Step=   97, Dmax= 9.9e-03 nm, Epot= -2.94908e+04 Fmax= 1.09616e+04, atom= 4
Step=   98, Dmax= 5.0e-03 nm, Epot= -2.95390e+04 Fmax= 3.86179e+03, atom= 4
Step=   99, Dmax= 6.0e-03 nm, Epot= -2.95535e+04 Fmax= 4.63120e+03, atom= 4
Step=  100, Dmax= 7.2e-03 nm, Epot= -2.95661e+04 Fmax= 5.53263e+03, atom= 4
Step=  101, Dmax= 8.6e-03 nm, Epot= -2.95754e+04 Fmax= 6.68432e+03, atom= 4
Step=  102, Dmax= 1.0e-02 nm, Epot= -2.95815e+04 Fmax= 7.96778e+03, atom= 4
Step=  103, Dmax= 1.2e-02 nm, Epot= -2.95806e+04 Fmax= 9.61079e+03, atom= 4
Step=  104, Dmax= 6.2e-03 nm, Epot= -2.96307e+04 Fmax= 8.57968e+02, atom= 4
Step=  105, Dmax= 7.4e-03 nm, Epot= -2.96705e+04 Fmax= 9.58324e+03, atom= 4
Step=  106, Dmax= 8.9e-03 nm, Epot= -2.97330e+04 Fmax= 3.10954e+03, atom= 4
Step=  107, Dmax= 1.1e-02 nm, Epot= -2.96822e+04 Fmax= 1.21219e+04, atom= 4
Step=  108, Dmax= 5.3e-03 nm, Epot= -2.97447e+04 Fmax= 4.47590e+03, atom= 4
Step=  109, Dmax= 6.4e-03 nm, Epot= -2.97589e+04 Fmax= 4.64731e+03, atom= 4
Step=  110, Dmax= 7.7e-03 nm, Epot= -2.97648e+04 Fmax= 6.28691e+03, atom= 4
Step=  111, Dmax= 9.2e-03 nm, Epot= -2.97752e+04 Fmax= 6.84095e+03, atom= 4
Step=  112, Dmax= 1.1e-02 nm, Epot= -2.97710e+04 Fmax= 8.91993e+03, atom= 4
Step=  113, Dmax= 5.5e-03 nm, Epot= -2.98130e+04 Fmax= 1.01194e+03, atom= 4
Step=  114, Dmax= 6.6e-03 nm, Epot= -2.98337e+04 Fmax= 8.46886e+03, atom= 4
Step=  115, Dmax= 8.0e-03 nm, Epot= -2.98839e+04 Fmax= 2.84694e+03, atom= 4
Step=  116, Dmax= 9.6e-03 nm, Epot= -2.98471e+04 Fmax= 1.07385e+04, atom= 4
Step=  117, Dmax= 4.8e-03 nm, Epot= -2.98954e+04 Fmax= 3.96416e+03, atom= 4
Step=  118, Dmax= 5.7e-03 nm, Epot= -2.99080e+04 Fmax= 4.19151e+03, atom= 4
Step=  119, Dmax= 6.9e-03 nm, Epot= -2.99147e+04 Fmax= 5.60795e+03, atom= 4
Step=  120, Dmax= 8.3e-03 nm, Epot= -2.99245e+04 Fmax= 6.14619e+03, atom= 4
Step=  121, Dmax= 9.9e-03 nm, Epot= -2.99229e+04 Fmax= 7.95571e+03, atom= 4
Step=  122, Dmax= 5.0e-03 nm, Epot= -2.99557e+04 Fmax= 9.28285e+02, atom= 4
Step=  123, Dmax= 6.0e-03 nm, Epot= -2.99792e+04 Fmax= 7.48968e+03, atom= 4
Step=  124, Dmax= 7.1e-03 nm, Epot= -3.00190e+04 Fmax= 2.68803e+03, atom= 4
Step=  125, Dmax= 8.6e-03 nm, Epot= -2.99938e+04 Fmax= 9.52188e+03, atom= 4
Step=  126, Dmax= 4.3e-03 nm, Epot= -3.00302e+04 Fmax= 3.39848e+03, atom= 4
Step=  127, Dmax= 5.1e-03 nm, Epot= -3.00411e+04 Fmax= 3.92012e+03, atom= 4
Step=  128, Dmax= 6.2e-03 nm, Epot= -3.00494e+04 Fmax= 4.85220e+03, atom= 4
Step=  129, Dmax= 7.4e-03 nm, Epot= -3.00568e+04 Fmax= 5.67938e+03, atom= 4
Step=  130, Dmax= 8.9e-03 nm, Epot= -3.00599e+04 Fmax= 6.96276e+03, atom= 4
Step=  131, Dmax= 1.1e-02 nm, Epot= -3.00606e+04 Fmax= 8.19454e+03, atom= 4
Step=  132, Dmax= 1.3e-02 nm, Epot= -3.00527e+04 Fmax= 1.00260e+04, atom= 4
Step=  133, Dmax= 6.4e-03 nm, Epot= -3.01099e+04 Fmax= 8.78768e+02, atom= 4
Step=  134, Dmax= 7.7e-03 nm, Epot= -3.01169e+04 Fmax= 1.00568e+04, atom= 4
Step=  135, Dmax= 9.2e-03 nm, Epot= -3.01836e+04 Fmax= 3.01888e+03, atom= 4
Step=  136, Dmax= 1.1e-02 nm, Epot= -3.01146e+04 Fmax= 1.26510e+04, atom= 4
Step=  137, Dmax= 5.5e-03 nm, Epot= -3.01887e+04 Fmax= 4.83922e+03, atom= 4
Step=  138, Dmax= 6.6e-03 nm, Epot= -3.02009e+04 Fmax= 4.59116e+03, atom= 4
Step=  139, Dmax= 8.0e-03 nm, Epot= -3.01987e+04 Fmax= 6.72058e+03, atom= 4
Step=  140, Dmax= 4.0e-03 nm, Epot= -3.02204e+04 Fmax= 1.07989e+03, atom= 4
Step=  141, Dmax= 4.8e-03 nm, Epot= -3.02341e+04 Fmax= 5.69739e+03, atom= 4
Step=  142, Dmax= 5.7e-03 nm, Epot= -3.02585e+04 Fmax= 2.46393e+03, atom= 4
Step=  143, Dmax= 6.9e-03 nm, Epot= -3.02489e+04 Fmax= 7.32784e+03, atom= 4
Step=  144, Dmax= 3.4e-03 nm, Epot= -3.02691e+04 Fmax= 2.42075e+03, atom= 4
Step=  145, Dmax= 4.1e-03 nm, Epot= -3.02779e+04 Fmax= 3.44963e+03, atom= 4
Step=  146, Dmax= 5.0e-03 nm, Epot= -3.02877e+04 Fmax= 3.58904e+03, atom= 4
Step=  147, Dmax= 5.9e-03 nm, Epot= -3.02928e+04 Fmax= 4.85886e+03, atom= 4
Step=  148, Dmax= 7.1e-03 nm, Epot= -3.03007e+04 Fmax= 5.28264e+03, atom= 4
Step=  149, Dmax= 8.6e-03 nm, Epot= -3.02997e+04 Fmax= 6.87670e+03, atom= 4
Step=  150, Dmax= 4.3e-03 nm, Epot= -3.03240e+04 Fmax= 8.14835e+02, atom= 4
Step=  151, Dmax= 5.1e-03 nm, Epot= -3.03422e+04 Fmax= 6.46441e+03, atom= 4
Step=  152, Dmax= 6.2e-03 nm, Epot= -3.03720e+04 Fmax= 2.30913e+03, atom= 4
Step=  153, Dmax= 7.4e-03 nm, Epot= -3.03542e+04 Fmax= 8.22601e+03, atom= 4
Step=  154, Dmax= 3.7e-03 nm, Epot= -3.03809e+04 Fmax= 2.94503e+03, atom= 4
Step=  155, Dmax= 4.4e-03 nm, Epot= -3.03894e+04 Fmax= 3.36319e+03, atom= 4
Step=  156, Dmax= 5.3e-03 nm, Epot= -3.03960e+04 Fmax= 4.20699e+03, atom= 4
Step=  157, Dmax= 6.4e-03 nm, Epot= -3.04022e+04 Fmax= 4.87299e+03, atom= 4
Step=  158, Dmax= 7.7e-03 nm, Epot= -3.04047e+04 Fmax= 6.03386e+03, atom= 4
Step=  159, Dmax= 9.2e-03 nm, Epot= -3.04061e+04 Fmax= 7.03666e+03, atom= 4
Step=  160, Dmax= 1.1e-02 nm, Epot= -3.04001e+04 Fmax= 8.67915e+03, atom= 4
Step=  161, Dmax= 5.5e-03 nm, Epot= -3.04427e+04 Fmax= 7.94175e+02, atom= 4
Step=  162, Dmax= 6.6e-03 nm, Epot= -3.04491e+04 Fmax= 8.61124e+03, atom= 4
Step=  163, Dmax= 7.9e-03 nm, Epot= -3.04982e+04 Fmax= 2.67185e+03, atom= 4
Step=  164, Dmax= 9.5e-03 nm, Epot= -3.04490e+04 Fmax= 1.08414e+04, atom= 4
Step=  165, Dmax= 4.8e-03 nm, Epot= -3.05031e+04 Fmax= 4.10271e+03, atom= 4
Step=  166, Dmax= 5.7e-03 nm, Epot= -3.05121e+04 Fmax= 4.03466e+03, atom= 4
Step=  167, Dmax= 6.9e-03 nm, Epot= -3.05118e+04 Fmax= 5.71937e+03, atom= 4
Step=  168, Dmax= 3.4e-03 nm, Epot= -3.05273e+04 Fmax= 8.54132e+02, atom= 4
Step=  169, Dmax= 4.1e-03 nm, Epot= -3.05411e+04 Fmax= 4.99933e+03, atom= 4
Step=  170, Dmax= 4.9e-03 nm, Epot= -3.05603e+04 Fmax= 2.03670e+03, atom= 4
Step=  171, Dmax= 5.9e-03 nm, Epot= -3.05540e+04 Fmax= 6.41362e+03, atom= 4
Step=  172, Dmax= 3.0e-03 nm, Epot= -3.05687e+04 Fmax= 2.18041e+03, atom= 4
Step=  173, Dmax= 3.6e-03 nm, Epot= -3.05760e+04 Fmax= 2.87892e+03, atom= 4
Step=  174, Dmax= 4.3e-03 nm, Epot= -3.05835e+04 Fmax= 3.19595e+03, atom= 4
Step=  175, Dmax= 5.1e-03 nm, Epot= -3.05887e+04 Fmax= 4.08745e+03, atom= 4
Step=  176, Dmax= 6.2e-03 nm, Epot= -3.05941e+04 Fmax= 4.66328e+03, atom= 4
Step=  177, Dmax= 7.4e-03 nm, Epot= -3.05953e+04 Fmax= 5.82230e+03, atom= 4
Step=  178, Dmax= 8.9e-03 nm, Epot= -3.05964e+04 Fmax= 6.78430e+03, atom= 4
Step=  179, Dmax= 1.1e-02 nm, Epot= -3.05902e+04 Fmax= 8.31135e+03, atom= 4
Step=  180, Dmax= 5.3e-03 nm, Epot= -3.06299e+04 Fmax= 7.90012e+02, atom= 4
Step=  181, Dmax= 6.4e-03 nm, Epot= -3.06318e+04 Fmax= 8.27641e+03, atom= 4
Step=  182, Dmax= 7.7e-03 nm, Epot= -3.06762e+04 Fmax= 2.62250e+03, atom= 4
Step=  183, Dmax= 9.2e-03 nm, Epot= -3.06295e+04 Fmax= 1.04903e+04, atom= 4
Step=  184, Dmax= 4.6e-03 nm, Epot= -3.06804e+04 Fmax= 3.91199e+03, atom= 4
Step=  185, Dmax= 5.5e-03 nm, Epot= -3.06879e+04 Fmax= 3.91845e+03, atom= 4
Step=  186, Dmax= 6.6e-03 nm, Epot= -3.06875e+04 Fmax= 5.49342e+03, atom= 4
Step=  187, Dmax= 3.3e-03 nm, Epot= -3.07019e+04 Fmax= 7.78513e+02, atom= 4
Step=  188, Dmax= 4.0e-03 nm, Epot= -3.07143e+04 Fmax= 4.84411e+03, atom= 4
Step=  189, Dmax= 4.8e-03 nm, Epot= -3.07322e+04 Fmax= 1.92053e+03, atom= 4
Step=  190, Dmax= 5.7e-03 nm, Epot= -3.07254e+04 Fmax= 6.18119e+03, atom= 4
Step=  191, Dmax= 2.9e-03 nm, Epot= -3.07394e+04 Fmax= 2.13785e+03, atom= 4
Step=  192, Dmax= 3.4e-03 nm, Epot= -3.07459e+04 Fmax= 2.73871e+03, atom= 4
Step=  193, Dmax= 4.1e-03 nm, Epot= -3.07522e+04 Fmax= 3.10474e+03, atom= 4
Step=  194, Dmax= 4.9e-03 nm, Epot= -3.07567e+04 Fmax= 3.91898e+03, atom= 4
Step=  195, Dmax= 5.9e-03 nm, Epot= -3.07612e+04 Fmax= 4.49464e+03, atom= 4
Step=  196, Dmax= 7.1e-03 nm, Epot= -3.07620e+04 Fmax= 5.62220e+03, atom= 4
Step=  197, Dmax= 8.5e-03 nm, Epot= -3.07626e+04 Fmax= 6.49182e+03, atom= 4
Step=  198, Dmax= 1.0e-02 nm, Epot= -3.07560e+04 Fmax= 8.08253e+03, atom= 4
Step=  199, Dmax= 5.1e-03 nm, Epot= -3.07934e+04 Fmax= 7.72258e+02, atom= 4
Step=  200, Dmax= 6.1e-03 nm, Epot= -3.07926e+04 Fmax= 7.92260e+03, atom= 4
Step=  201, Dmax= 3.1e-03 nm, Epot= -3.08053e+04 Fmax= 3.58333e+03, atom= 4
Step=  202, Dmax= 3.7e-03 nm, Epot= -3.08169e+04 Fmax= 1.65404e+03, atom= 4
Step=  203, Dmax= 4.4e-03 nm, Epot= -3.08179e+04 Fmax= 4.61761e+03, atom= 4
Step=  204, Dmax= 5.3e-03 nm, Epot= -3.08318e+04 Fmax= 2.92559e+03, atom= 4
Step=  205, Dmax= 6.4e-03 nm, Epot= -3.08237e+04 Fmax= 6.10773e+03, atom= 4
Step=  206, Dmax= 3.2e-03 nm, Epot= -3.08408e+04 Fmax= 1.60039e+03, atom= 4
Step=  207, Dmax= 3.8e-03 nm, Epot= -3.08445e+04 Fmax= 3.83871e+03, atom= 4
Step=  208, Dmax= 4.6e-03 nm, Epot= -3.08550e+04 Fmax= 2.67724e+03, atom= 4
Step=  209, Dmax= 5.5e-03 nm, Epot= -3.08523e+04 Fmax= 5.15746e+03, atom= 4
Step=  210, Dmax= 2.8e-03 nm, Epot= -3.08635e+04 Fmax= 1.23377e+03, atom= 4
Step=  211, Dmax= 3.3e-03 nm, Epot= -3.08695e+04 Fmax= 3.44723e+03, atom= 4
Step=  212, Dmax= 4.0e-03 nm, Epot= -3.08794e+04 Fmax= 2.18518e+03, atom= 4
Step=  213, Dmax= 4.8e-03 nm, Epot= -3.08792e+04 Fmax= 4.55807e+03, atom= 4
Step=  214, Dmax= 2.4e-03 nm, Epot= -3.08866e+04 Fmax= 1.19238e+03, atom= 4
Step=  215, Dmax= 2.9e-03 nm, Epot= -3.08934e+04 Fmax= 2.86840e+03, atom= 4
Step=  216, Dmax= 3.4e-03 nm, Epot= -3.09016e+04 Fmax= 1.99429e+03, atom= 4
Step=  217, Dmax= 4.1e-03 nm, Epot= -3.09040e+04 Fmax= 3.85406e+03, atom= 4
Step=  218, Dmax= 4.9e-03 nm, Epot= -3.09130e+04 Fmax= 3.14770e+03, atom= 4
Step=  219, Dmax= 5.9e-03 nm, Epot= -3.09101e+04 Fmax= 5.27418e+03, atom= 4
Step=  220, Dmax= 3.0e-03 nm, Epot= -3.09229e+04 Fmax= 1.05599e+03, atom= 4
Step=  221, Dmax= 3.5e-03 nm, Epot= -3.09286e+04 Fmax= 3.97032e+03, atom= 4
Step=  222, Dmax= 4.3e-03 nm, Epot= -3.09408e+04 Fmax= 2.08331e+03, atom= 4
Step=  223, Dmax= 5.1e-03 nm, Epot= -3.09373e+04 Fmax= 5.16124e+03, atom= 4
Step=  224, Dmax= 2.6e-03 nm, Epot= -3.09475e+04 Fmax= 1.54524e+03, atom= 4
Step=  225, Dmax= 3.1e-03 nm, Epot= -3.09527e+04 Fmax= 2.82034e+03, atom= 4
Step=  226, Dmax= 3.7e-03 nm, Epot= -3.09598e+04 Fmax= 2.40470e+03, atom= 4
Step=  227, Dmax= 4.4e-03 nm, Epot= -3.09619e+04 Fmax= 3.88147e+03, atom= 4
Step=  228, Dmax= 5.3e-03 nm, Epot= -3.09690e+04 Fmax= 3.64261e+03, atom= 4
Step=  229, Dmax= 6.4e-03 nm, Epot= -3.09663e+04 Fmax= 5.40984e+03, atom= 4
Step=  230, Dmax= 3.2e-03 nm, Epot= -3.09809e+04 Fmax= 8.75275e+02, atom= 4
Step=  231, Dmax= 3.8e-03 nm, Epot= -3.09869e+04 Fmax= 4.52081e+03, atom= 4
Step=  232, Dmax= 4.6e-03 nm, Epot= -3.10019e+04 Fmax= 1.98526e+03, atom= 4
Step=  233, Dmax= 5.5e-03 nm, Epot= -3.09945e+04 Fmax= 5.79763e+03, atom= 4
Step=  234, Dmax= 2.7e-03 nm, Epot= -3.10080e+04 Fmax= 1.91317e+03, atom= 4
Step=  235, Dmax= 3.3e-03 nm, Epot= -3.10127e+04 Fmax= 2.77911e+03, atom= 4
Step=  236, Dmax= 4.0e-03 nm, Epot= -3.10184e+04 Fmax= 2.83544e+03, atom= 4
Step=  237, Dmax= 4.7e-03 nm, Epot= -3.10208e+04 Fmax= 3.92102e+03, atom= 4
Step=  238, Dmax= 5.7e-03 nm, Epot= -3.10254e+04 Fmax= 4.16458e+03, atom= 4
Step=  239, Dmax= 6.8e-03 nm, Epot= -3.10237e+04 Fmax= 5.56537e+03, atom= 4
Step=  240, Dmax= 3.4e-03 nm, Epot= -3.10397e+04 Fmax= 6.90851e+02, atom= 4
Step=  241, Dmax= 4.1e-03 nm, Epot= -3.10478e+04 Fmax= 5.09844e+03, atom= 4
Step=  242, Dmax= 4.9e-03 nm, Epot= -3.10662e+04 Fmax= 1.89405e+03, atom= 4
Step=  243, Dmax= 5.9e-03 nm, Epot= -3.10540e+04 Fmax= 6.46669e+03, atom= 4
Step=  244, Dmax= 3.0e-03 nm, Epot= -3.22307e+04 Fmax= 2.29411e+03, atom= 4
Step=  245, Dmax= 3.5e-03 nm, Epot= -3.22478e+04 Fmax= 2.74926e+03, atom= 4
Step=  246, Dmax= 4.3e-03 nm, Epot= -3.22632e+04 Fmax= 3.28383e+03, atom= 4
Step=  247, Dmax= 5.1e-03 nm, Epot= -3.22767e+04 Fmax= 3.97804e+03, atom= 4
Step=  248, Dmax= 6.1e-03 nm, Epot= -3.22882e+04 Fmax= 4.71097e+03, atom= 4
Step=  249, Dmax= 7.3e-03 nm, Epot= -3.22966e+04 Fmax= 5.74699e+03, atom= 4
Step=  250, Dmax= 8.8e-03 nm, Epot= -3.23026e+04 Fmax= 6.76559e+03, atom= 4
Step=  251, Dmax= 1.1e-02 nm, Epot= -3.23024e+04 Fmax= 8.29867e+03, atom= 4
Step=  252, Dmax= 5.3e-03 nm, Epot= -3.23389e+04 Fmax= 7.41692e+02, atom= 4
Step=  253, Dmax= 6.3e-03 nm, Epot= -3.23689e+04 Fmax= 8.21995e+03, atom= 4
Step=  254, Dmax= 7.6e-03 nm, Epot= -3.24154e+04 Fmax= 2.59577e+03, atom= 4
Step=  255, Dmax= 9.1e-03 nm, Epot= -3.23769e+04 Fmax= 1.03324e+04, atom= 4
Step=  256, Dmax= 4.6e-03 nm, Epot= -3.24232e+04 Fmax= 3.88465e+03, atom= 4
Step=  257, Dmax= 5.5e-03 nm, Epot= -3.24335e+04 Fmax= 3.91947e+03, atom= 4
Step=  258, Dmax= 6.6e-03 nm, Epot= -3.24366e+04 Fmax= 5.41649e+03, atom= 4
Step=  259, Dmax= 7.9e-03 nm, Epot= -3.24443e+04 Fmax= 5.82261e+03, atom= 4
Step=  260, Dmax= 9.5e-03 nm, Epot= -3.24399e+04 Fmax= 7.62267e+03, atom= 4
Step=  261, Dmax= 4.7e-03 nm, Epot= -3.24712e+04 Fmax= 9.20790e+02, atom= 4
Step=  262, Dmax= 5.7e-03 nm, Epot= -3.24816e+04 Fmax= 7.19569e+03, atom= 4
Step=  263, Dmax= 6.8e-03 nm, Epot= -3.25170e+04 Fmax= 2.51075e+03, atom= 4
Step=  264, Dmax= 8.2e-03 nm, Epot= -3.24889e+04 Fmax= 9.18104e+03, atom= 4
Step=  265, Dmax= 4.1e-03 nm, Epot= -3.25249e+04 Fmax= 3.31824e+03, atom= 4
Step=  266, Dmax= 4.9e-03 nm, Epot= -3.25331e+04 Fmax= 3.65383e+03, atom= 4
Step=  267, Dmax= 5.9e-03 nm, Epot= -3.25379e+04 Fmax= 4.73920e+03, atom= 4
Step=  268, Dmax= 7.1e-03 nm, Epot= -3.25438e+04 Fmax= 5.30131e+03, atom= 4
Step=  269, Dmax= 8.5e-03 nm, Epot= -3.25427e+04 Fmax= 6.78621e+03, atom= 4
Step=  270, Dmax= 4.2e-03 nm, Epot= -3.25667e+04 Fmax= 7.26880e+02, atom= 4
Step=  271, Dmax= 5.1e-03 nm, Epot= -3.11716e+04 Fmax= 6.45818e+03, atom= 4
Step=  272, Dmax= 2.5e-03 nm, Epot= -3.25778e+04 Fmax= 2.87165e+03, atom= 4
Step=  273, Dmax= 3.1e-03 nm, Epot= -3.25928e+04 Fmax= 1.47559e+03, atom= 4
Step=  274, Dmax= 3.7e-03 nm, Epot= -3.26099e+04 Fmax= 3.71698e+03, atom= 4
Step=  275, Dmax= 4.4e-03 nm, Epot= -3.26257e+04 Fmax= 2.54268e+03, atom= 4
Step=  276, Dmax= 5.3e-03 nm, Epot= -3.26328e+04 Fmax= 4.94193e+03, atom= 4
Step=  277, Dmax= 6.3e-03 nm, Epot= -3.26489e+04 Fmax= 4.07232e+03, atom= 4
Step=  278, Dmax= 7.6e-03 nm, Epot= -3.26460e+04 Fmax= 6.70991e+03, atom= 4
Step=  279, Dmax= 3.8e-03 nm, Epot= -3.26662e+04 Fmax= 1.33194e+03, atom= 4
Step=  280, Dmax= 4.6e-03 nm, Epot= -3.26782e+04 Fmax= 5.17745e+03, atom= 4
Step=  281, Dmax= 5.5e-03 nm, Epot= -3.26992e+04 Fmax= 2.60336e+03, atom= 4
Step=  282, Dmax= 6.6e-03 nm, Epot= -3.26937e+04 Fmax= 6.76688e+03, atom= 4
Step=  283, Dmax= 3.3e-03 nm, Epot= -3.27106e+04 Fmax= 2.07164e+03, atom= 4
Step=  284, Dmax= 3.9e-03 nm, Epot= -3.27198e+04 Fmax= 3.51660e+03, atom= 4
Step=  285, Dmax= 4.7e-03 nm, Epot= -3.27313e+04 Fmax= 3.21498e+03, atom= 4
Step=  286, Dmax= 5.7e-03 nm, Epot= -3.27359e+04 Fmax= 4.83526e+03, atom= 4
Step=  287, Dmax= 6.8e-03 nm, Epot= -3.27462e+04 Fmax= 4.85853e+03, atom= 4
Step=  288, Dmax= 8.2e-03 nm, Epot= -3.27442e+04 Fmax= 6.73621e+03, atom= 4
Step=  289, Dmax= 4.1e-03 nm, Epot= -3.27669e+04 Fmax= 9.54329e+02, atom= 4
Step=  290, Dmax= 4.9e-03 nm, Epot= -3.27814e+04 Fmax= 6.04981e+03, atom= 4
Step=  291, Dmax= 5.9e-03 nm, Epot= -3.12333e+04 Fmax= 2.31823e+03, atom= 4
Step=  292, Dmax= 2.9e-03 nm, Epot= -3.27159e+04 Fmax= 1.85783e+03, atom= 4
Step=  293, Dmax= 1.5e-03 nm, Epot= -3.27066e+04 Fmax= 3.95146e+03, atom= 4
Step=  294, Dmax= 7.4e-04 nm, Epot= -3.26998e+04 Fmax= 5.00006e+03, atom= 4
Step=  295, Dmax= 3.7e-04 nm, Epot= -3.26959e+04 Fmax= 5.52474e+03, atom= 4
Step=  296, Dmax= 1.8e-04 nm, Epot= -3.26939e+04 Fmax= 5.78724e+03, atom= 4
Step=  297, Dmax= 9.2e-05 nm, Epot= -3.26928e+04 Fmax= 5.91850e+03, atom= 4
Step=  298, Dmax= 4.6e-05 nm, Epot= -3.26922e+04 Fmax= 5.98409e+03, atom= 4
Step=  299, Dmax= 2.3e-05 nm, Epot= -3.26919e+04 Fmax= 6.01703e+03, atom= 4
Step=  300, Dmax= 1.1e-05 nm, Epot= -3.26918e+04 Fmax= 6.03336e+03, atom= 4
Step=  301, Dmax= 5.7e-06 nm, Epot= -3.26917e+04 Fmax= 6.04165e+03, atom= 4
Step=  302, Dmax= 2.9e-06 nm, Epot= -3.26917e+04 Fmax= 6.04569e+03, atom= 4
Step=  303, Dmax= 1.4e-06 nm, Epot= -3.26917e+04 Fmax= 6.04778e+03, atom= 4
Energy minimization has stopped, but the forces have not converged to the
requested precision Fmax < 10 (which may not be possible for your system). It
stopped because the algorithm tried to make a new step whose size was too
small, or there was no change in the energy since last step. Either way, we
regard the minimization as converged to within the available machine
precision, given your starting configuration and EM parameters.

Double precision normally gives you higher accuracy, but this is often not
needed for preparing to run molecular dynamics.
You might need to increase your constraint accuracy, or turn
off constraints altogether (set constraints = none in mdp file)

writing lowest energy coordinates.

Back Off! I just backed up min.gro to ./#min.gro.3#

Steepest Descents converged to machine precision in 304 steps,
but did not reach the requested Fmax < 10.
Potential Energy  = -3.2781391e+04
Maximum force     =  6.0498086e+03 on atom 4
Norm of force     =  1.9009092e+02

GROMACS reminds you: "I Need Love, Not Games" (Iggy Pop & Kate Pierson)

